[0;34m╔════════════════════════════════════════════════════════════════════╗[0m
[0;34m║                                                                    ║[0m
[0;34m║        Energy Saving rApp Demo - Complete Uninstallation          ║[0m
[0;34m║                                                                    ║[0m
[0;34m╚════════════════════════════════════════════════════════════════════╝[0m

[1;33mLog file: /home/bluefox/Manish/performance/rn-smo_cleanup/install/demo/LOGS//uninstall-demo-20260121-192002.log[0m


[0;34m=========================================================================[0m
[0;34mUninstallation Confirmation[0m
[0;34m=========================================================================[0m
[1;33mThis will remove ALL demo components including:[0m
  • Energy Saving rApp and Visualization UI
  • A1 Simulators
  • rApp Manager
  • NonRTRIC components (Policy Management, etc.)
  • RANPM components (Kafka, ICS, PM services)
  • All data and configurations

[0;31mWARNING: This action cannot be undone![0m

[0;32mProceeding with uninstallation...[0m

[0;34m=========================================================================[0m
[0;34mRemoving Energy Saving rApp and Visualization UI[0m
[0;34m=========================================================================[0m
[1;33mDeleting rApp and UI deployments...[0m
[1;33mDeleting rApp and UI services...[0m
[0;32m✓ rApp and UI components removed[0m

[0;34m=========================================================================[0m
[0;34mRemoving A1 Simulators[0m
[0;34m=========================================================================[0m
[1;33mDeleting A1 simulator deployments...[0m
[1;33mDeleting A1 simulator services...[0m
[1;33mDeleting A1 simulator ConfigMaps...[0m
[0;32m✓ A1 simulators removed[0m

[0;34m=========================================================================[0m
[0;34mRemoving NonRTRIC Components[0m
[0;34m=========================================================================[0m
[1;33mRunning uninstall-rappmanager.sh...[0m
Uninstalling rApp Manager...
release "rappmanager" uninstalled
✓ rApp Manager uninstalled successfully
persistentvolumeclaim "rappmanager-pvc" deleted
✓ rApp Manager cleanup complete
[1;33mUninstalling NonRTRIC Helm release...[0m
Error: uninstall: Release not loaded: oran-nonrtric: release: not found
[0;32m✓ NonRTRIC Helm release uninstalled[0m
[1;33mCleaning up remaining NonRTRIC resources...[0m
pod "bundle-server-794d7bdbb8-bwc99" deleted
pod "controlpanel-7c7ffd858c-kssn7" deleted
pod "dfc-0" deleted
pod "influxdb2-0" deleted
pod "informationservice-6bbc4b6bfb-kj7f2" deleted
pod "kafka-1-entity-operator-78744b5644-tfs22" deleted
pod "kafka-1-kafka-0" deleted
pod "kafka-1-zookeeper-0" deleted
pod "kafka-1-zookeeper-1" deleted
pod "kafka-1-zookeeper-2" deleted
pod "kafka-client" deleted
pod "kafka-producer-pm-json2influx-0" deleted
pod "kafka-producer-pm-json2kafka-0" deleted
pod "kafka-producer-pm-xml2json-0" deleted
pod "keycloak-6c99686646-2wnx4" deleted
pod "keycloak-proxy-5b4dc664dc-4l9xr" deleted
pod "message-router-7795886747-4gd5x" deleted
pod "minio-0" deleted
pod "minio-client" deleted
pod "nonrtricgateway-6df458644d-68hgj" deleted
pod "opa-ics-6767f8789d-cdxxw" deleted
pod "opa-kafka-774d5c5598-r29fh" deleted
pod "opa-minio-794df5c66c-h5ffp" deleted
pod "persistence-65984cccd6-zq2g7" deleted
pod "pm-producer-json2kafka-0" deleted
pod "pmlog-0" deleted
pod "policymanagementservice-f89bcb6d6-g5nwv" deleted
pod "redpanda-console-7c6b67699b-gfcrb" deleted
pod "sdnc-web-ff84b5756-pw54n" deleted
pod "sdnr-b576b9966-kgqxl" deleted
pod "strimzi-cluster-operator-7bb5468c59-d6nbj" deleted
pod "ves-collector-57d66dc7d4-swgn4" deleted
pod "zoo-entrance-744dbf8bf9-t4ngs" deleted
service "bundle-server" deleted
service "controlpanel" deleted
service "dfc" deleted
service "influxdb2" deleted
service "kafka-1-kafka-bootstrap" deleted
service "kafka-1-kafka-brokers" deleted
service "kafka-1-zookeeper-client" deleted
service "kafka-1-zookeeper-nodes" deleted
service "kafka-producer-pm-json2influx" deleted
service "kafka-producer-pm-json2kafka" deleted
service "kafka-producer-pm-xml2json" deleted
service "keycloak" deleted
service "keycloak-proxy" deleted
service "message-router" deleted
service "minio" deleted
service "minio-web" deleted
service "nonrtricgateway" deleted
service "opa-ics" deleted
service "opa-kafka" deleted
service "opa-minio" deleted
service "persistence" deleted
service "pm-producer-json2kafka" deleted
service "pmlog" deleted
service "policymanagementservice" deleted
service "redpanda-console" deleted
service "sdnc-web" deleted
service "sdnr" deleted
service "ves-collector" deleted
service "zoo-entrance" deleted
deployment.apps "bundle-server" deleted
deployment.apps "controlpanel" deleted
deployment.apps "informationservice" deleted
deployment.apps "kafka-1-entity-operator" deleted
deployment.apps "keycloak" deleted
deployment.apps "keycloak-proxy" deleted
deployment.apps "message-router" deleted
deployment.apps "nonrtricgateway" deleted
deployment.apps "opa-ics" deleted
deployment.apps "opa-kafka" deleted
deployment.apps "opa-minio" deleted
deployment.apps "persistence" deleted
deployment.apps "policymanagementservice" deleted
deployment.apps "redpanda-console" deleted
deployment.apps "sdnc-web" deleted
deployment.apps "sdnr" deleted
deployment.apps "strimzi-cluster-operator" deleted
deployment.apps "ves-collector" deleted
deployment.apps "zoo-entrance" deleted
replicaset.apps "bundle-server-794d7bdbb8" deleted
replicaset.apps "controlpanel-7c7ffd858c" deleted
replicaset.apps "informationservice-6bbc4b6bfb" deleted
replicaset.apps "kafka-1-entity-operator-78744b5644" deleted
replicaset.apps "keycloak-6c99686646" deleted
replicaset.apps "keycloak-proxy-5b4dc664dc" deleted
replicaset.apps "message-router-7795886747" deleted
replicaset.apps "nonrtricgateway-6df458644d" deleted
replicaset.apps "opa-ics-6767f8789d" deleted
replicaset.apps "opa-kafka-774d5c5598" deleted
replicaset.apps "opa-minio-794df5c66c" deleted
replicaset.apps "persistence-65984cccd6" deleted
replicaset.apps "policymanagementservice-f89bcb6d6" deleted
replicaset.apps "redpanda-console-7c6b67699b" deleted
replicaset.apps "sdnc-web-ff84b5756" deleted
replicaset.apps "sdnr-b576b9966" deleted
replicaset.apps "strimzi-cluster-operator-7bb5468c59" deleted
replicaset.apps "ves-collector-57d66dc7d4" deleted
replicaset.apps "zoo-entrance-744dbf8bf9" deleted
statefulset.apps "dfc" deleted
statefulset.apps "influxdb2" deleted
statefulset.apps "kafka-producer-pm-json2influx" deleted
statefulset.apps "kafka-producer-pm-json2kafka" deleted
statefulset.apps "kafka-producer-pm-xml2json" deleted
statefulset.apps "minio" deleted
statefulset.apps "pm-producer-json2kafka" deleted
statefulset.apps "pmlog" deleted
configmap "a1pms-config" deleted
configmap "controlpanel-configmap" deleted
configmap "dfc-cm" deleted
configmap "dfc-cm-truststore" deleted
configmap "informationservice-cm-config" deleted
configmap "istio-ca-root-cert" deleted
configmap "kafka-1-entity-topic-operator-config" deleted
configmap "kafka-1-entity-user-operator-config" deleted
configmap "kafka-1-kafka-0" deleted
configmap "kafka-1-zookeeper-config" deleted
configmap "kafka-producer-pm-json2influx-app-config" deleted
configmap "kafka-producer-pm-json2influx-cm-config" deleted
configmap "kafka-producer-pm-json2kafka-cm-config" deleted
configmap "kafka-producer-pm-xml2json-cm-config" deleted
configmap "keycloak-proxy-conf" deleted
configmap "kube-root-ca.crt" deleted
configmap "logback" deleted
configmap "msgrtrapi" deleted
configmap "nonrtricgateway-configmap" deleted
configmap "pm-producer-json2kafka-cm-config" deleted
configmap "pm-producer-json2kafka-cm-data" deleted
configmap "pmlog-app-cm" deleted
configmap "pmlog-job-cm" deleted
configmap "policy-bundle" deleted
configmap "sdnc-web-config" deleted
configmap "sdnc-web-location-rules" deleted
configmap "sdnc-web-nginx-config" deleted
configmap "sdnc-web-scripts" deleted
configmap "sdnc-web-startup" deleted
configmap "sdnr-certs-config" deleted
configmap "sdnr-devicemanager-config" deleted
configmap "sdnr-logging-config" deleted
configmap "sdnr-mountpoint-config" deleted
configmap "sdnr-oauth-config" deleted
configmap "strimzi-cluster-operator" deleted
configmap "ves-collector-collector.properties" deleted
configmap "ves-collector-ves-dmaap-config.json" deleted
secret "a1pms-certs" deleted
secret "influxdb-api-token" deleted
secret "kafka-1-clients-ca" deleted
secret "kafka-1-clients-ca-cert" deleted
secret "kafka-1-cluster-ca" deleted
secret "kafka-1-cluster-ca-cert" deleted
secret "kafka-1-cluster-operator-certs" deleted
secret "kafka-1-entity-topic-operator-certs" deleted
secret "kafka-1-entity-user-operator-certs" deleted
secret "kafka-1-kafka-brokers" deleted
secret "kafka-1-zookeeper-nodes" deleted
secret "sdnc-web-certs" deleted
secret "sdnr-keys0" deleted
secret "sdnr-keys1" deleted
secret "sh.helm.release.v1.controlpanel.v1" deleted
secret "sh.helm.release.v1.nonrtricgateway.v1" deleted
secret "sh.helm.release.v1.nrt-base-0.v1" deleted
secret "sh.helm.release.v1.nrt-base-1.v1" deleted
secret "sh.helm.release.v1.nrt-pm-log.v1" deleted
secret "sh.helm.release.v1.nrt-pm.v1" deleted
secret "sh.helm.release.v1.strimzi-kafka-crds.v1" deleted
persistentvolumeclaim "sdnc-web-pnf-files" deleted

[0;34m=========================================================================[0m
[0;34mRemoving Kafka Resources[0m
[0;34m=========================================================================[0m
[1;33mDeleting Kafka cluster...[0m
kafka.kafka.strimzi.io "kafka-1" deleted
[1;33mDeleting Kafka topics...[0m
No resources found
[1;33mDeleting Kafka users...[0m
No resources found
[0;32m✓ Kafka resources removed[0m

[0;34m=========================================================================[0m
[0;34mRemoving RANPM Components[0m
[0;34m=========================================================================[0m
[1;33mRunning uninstall-pm-rapp.sh...[0m
Uninstalling pmrapp
 helm uninstall...
Error: uninstall: Release not loaded: nrt-pm-rapp: release: not found
done
[1;33mRunning uninstall-pm-log.sh...[0m
Uninstalling pmlog
 helm uninstall...
Error: uninstall: Release not loaded: nrt-pm-log: release: not found
done
[1;33mRunning uninstall-pm-connect.sh...[0m
Uninstalling: pm connect
 helm uninstall...
Error: uninstall: Release not loaded: nrt-pm-kafka-connect: release: not found
done
[1;33mRunning uninstall-nrt.sh...[0m
Error: uninstall: Release not loaded: controlpanel: release: not found
 Unistall controlpanel failed
Error: uninstall: Release not loaded: nonrtricgateway: release: not found
 Unistall nonrtricgateway failed
release "ran-o1-sim-du" uninstalled
 Uninstall ran-o1-sim OK
Error: uninstall: Release not loaded: ran: release: not found
 Unistall ran failed
Error: uninstall: Release not loaded: nrt-pm: release: not found
 Unistall nrt-pm failed
Error: uninstall: Release not loaded: nrt-base-1: release: not found
 Unistall nrt-base-1 failed
Error: uninstall: Release not loaded: nrt-base-0: release: not found
 Unistall nrt-base-0 failed
##########################
Uninstall strimzi-kafka CRDs
"strimzi" has been removed from your repositories
Error: uninstall: Release not loaded: strimzi-kafka-crds: release: not found
 Unistall strimzi-kafka CRDs failed
Uninstall PM Demo failed, 7 failures
[0;32m✓ RANPM components removed[0m

[0;34m=========================================================================[0m
[0;34mRemoving Strimzi Operator[0m
[0;34m=========================================================================[0m
[1;33mDeleting Strimzi operator...[0m
clusterrole.rbac.authorization.k8s.io "strimzi-cluster-operator-namespaced" deleted
clusterrole.rbac.authorization.k8s.io "strimzi-cluster-operator-global" deleted
clusterrolebinding.rbac.authorization.k8s.io "strimzi-cluster-operator" deleted
clusterrolebinding.rbac.authorization.k8s.io "strimzi-cluster-operator-kafka-broker-delegation" deleted
serviceaccount "strimzi-cluster-operator" deleted
[1;33mDeleting Strimzi CRDs...[0m
customresourcedefinition.apiextensions.k8s.io "kafkas.kafka.strimzi.io" deleted
customresourcedefinition.apiextensions.k8s.io "kafkatopics.kafka.strimzi.io" deleted
customresourcedefinition.apiextensions.k8s.io "kafkausers.kafka.strimzi.io" deleted
customresourcedefinition.apiextensions.k8s.io "kafkaconnects.kafka.strimzi.io" deleted
customresourcedefinition.apiextensions.k8s.io "kafkaconnectors.kafka.strimzi.io" deleted
customresourcedefinition.apiextensions.k8s.io "kafkamirrormakers.kafka.strimzi.io" deleted
customresourcedefinition.apiextensions.k8s.io "kafkabridges.kafka.strimzi.io" deleted
customresourcedefinition.apiextensions.k8s.io "kafkamirrormaker2s.kafka.strimzi.io" deleted
customresourcedefinition.apiextensions.k8s.io "kafkarebalances.kafka.strimzi.io" deleted
[0;32m✓ Strimzi operator removed[0m

[0;34m=========================================================================[0m
[0;34mRemoving ridenext-nonrt Namespace[0m
[0;34m=========================================================================[0m
[1;33mDeleting ridenext-nonrt namespace...[0m
[1;33mThis may take a few minutes...[0m
namespace "ridenext-nonrt" deleted

[0;32m✓ ridenext-nonrt namespace deleted[0m

[0;34m=========================================================================[0m
[0;34mCleaning Up Local Files[0m
[0;34m=========================================================================[0m
[1;33mRemoving completion markers...[0m
[1;33mRemoving temporary files...[0m
[0;32m✓ Local files cleaned up[0m

[0;34m=========================================================================[0m
[0;34mVerifying Uninstallation[0m
[0;34m=========================================================================[0m
[0;32m✓ ridenext-nonrt namespace successfully removed[0m

[1;33mChecking for remaining Helm releases...[0m
[0;32m✓ No Helm releases found[0m

[0;34m=========================================================================[0m
[0;34mUninstallation Complete[0m
[0;34m=========================================================================[0m
[0;32mDemo components have been removed![0m

[1;33mRemoved Components:[0m
  [0;32m✓[0m Energy Saving rApp & Visualization UI
  [0;32m✓[0m A1 Simulators
  [0;32m✓[0m rApp Manager
  [0;32m✓[0m NonRTRIC components
  [0;32m✓[0m RANPM components
  [0;32m✓[0m Kafka cluster
  [0;32m✓[0m Strimzi operator
  [0;32m✓[0m ridenext-nonrt namespace

[1;33mWhat's Next:[0m
  • To reinstall the demo: [0;32mcd /home/bluefox/Manish/performance/rn-smo_cleanup/install/demo && ./install-demo.sh[0m
  • To check for any remaining resources: [0;32mkubectl get all -n ridenext-nonrt[0m
  • Uninstallation log: [0;32m/home/bluefox/Manish/performance/rn-smo_cleanup/install/demo/LOGS//uninstall-demo-20260121-192002.log[0m

[0;32mUninstallation completed![0m
[1;33mLog saved to: /home/bluefox/Manish/performance/rn-smo_cleanup/install/demo/LOGS//uninstall-demo-20260121-192002.log[0m
