[0;34m╔════════════════════════════════════════════════════════════════════╗[0m
[0;34m║                                                                    ║[0m
[0;34m║        Energy Saving rApp Demo - Complete Uninstallation          ║[0m
[0;34m║                                                                    ║[0m
[0;34m╚════════════════════════════════════════════════════════════════════╝[0m

[1;33mLog file: /home/bluefox/Manish/performance/rn-smo_cleanup/install/demo/LOGS//uninstall-demo-20260129-141221.log[0m


[0;34m=========================================================================[0m
[0;34mUninstallation Confirmation[0m
[0;34m=========================================================================[0m
[1;33mThis will remove ALL demo components including:[0m
  • Energy Saving rApp and Visualization UI
  • A1 Simulators
  • rApp Manager
  • NonRTRIC components (Policy Management, etc.)
  • RANPM components (Kafka, ICS, PM services)
  • All data and configurations

[0;31mWARNING: This action cannot be undone![0m

[0;32mProceeding with uninstallation...[0m

[0;34m=========================================================================[0m
[0;34mRemoving Energy Saving rApp and Visualization UI[0m
[0;34m=========================================================================[0m
[1;33mDeleting rApp and UI deployments...[0m
deployment.apps "simple-energy-rapp" deleted
deployment.apps "visualization-backend" deleted
deployment.apps "visualization-frontend" deleted
[1;33mDeleting rApp and UI services...[0m
service "simple-energy-rapp" deleted
service "visualization-backend" deleted
service "visualization-frontend" deleted
[0;32m✓ rApp and UI components removed[0m

[0;34m=========================================================================[0m
[0;34mRemoving A1 Simulators[0m
[0;34m=========================================================================[0m
[1;33mDeleting A1 simulator deployments...[0m
deployment.apps "a1-sim-osc-0" deleted
deployment.apps "a1-sim-osc-1" deleted
[1;33mDeleting A1 simulator services...[0m
service "a1-sim-osc-0" deleted
service "a1-sim-osc-1" deleted
[1;33mDeleting A1 simulator ConfigMaps...[0m
[0;32m✓ A1 simulators removed[0m

[0;34m=========================================================================[0m
[0;34mRemoving NonRTRIC Components[0m
[0;34m=========================================================================[0m
[1;33mRunning uninstall-rappmanager.sh...[0m
Uninstalling rApp Manager...
release "rappmanager" uninstalled
✓ rApp Manager uninstalled successfully
persistentvolumeclaim "rappmanager-pvc" deleted
✓ rApp Manager cleanup complete
[1;33mUninstalling NonRTRIC Helm release...[0m
release "oran-nonrtric" uninstalled
[0;32m✓ NonRTRIC Helm release uninstalled[0m
[1;33mCleaning up remaining NonRTRIC resources...[0m
pod "a1-sim-osc-0-5f95c76584-npvpn" deleted
pod "a1-sim-osc-1-86c4f9964c-rvcm2" deleted
pod "a1-sim-std-0-77cc859957-z69zx" deleted
pod "a1-sim-std-1-6b9486789d-xqwlr" deleted
pod "a1-sim-std2-0-8455bf98bd-hdvmj" deleted
pod "a1-sim-std2-1-5d8598d5-s7c88" deleted
pod "bundle-server-794d7bdbb8-9bs6v" deleted
pod "capifcore-5545f98d7d-xgvfw" deleted
pod "controlpanel-7c7ffd858c-9jl9d" deleted
pod "dfc-0" deleted
pod "dmaapadapterservice-0" deleted
pod "influxdb2-0" deleted
pod "informationservice-6bbc4b6bfb-nqqzz" deleted
pod "kafka-1-entity-operator-78744b5644-jjwbz" deleted
pod "kafka-1-kafka-0" deleted
pod "kafka-1-zookeeper-0" deleted
pod "kafka-1-zookeeper-1" deleted
pod "kafka-1-zookeeper-2" deleted
pod "kafka-client" deleted
pod "kafka-producer-pm-json2influx-0" deleted
pod "kafka-producer-pm-json2kafka-0" deleted
pod "kafka-producer-pm-xml2json-0" deleted
pod "keycloak-6c99686646-22zhl" deleted
pod "keycloak-6c99686646-2bf9z" deleted
pod "keycloak-6c99686646-2d5m4" deleted
pod "keycloak-6c99686646-2jtwg" deleted
pod "keycloak-6c99686646-4g2p6" deleted
pod "keycloak-6c99686646-4tfwp" deleted
pod "keycloak-6c99686646-4zwhs" deleted
pod "keycloak-6c99686646-52hkh" deleted
pod "keycloak-6c99686646-6t7f9" deleted
pod "keycloak-6c99686646-754v8" deleted
pod "keycloak-6c99686646-7kqgm" deleted
pod "keycloak-6c99686646-84zrm" deleted
pod "keycloak-6c99686646-8d5p7" deleted
pod "keycloak-6c99686646-8xnjh" deleted
pod "keycloak-6c99686646-9brsr" deleted
pod "keycloak-6c99686646-9mns9" deleted
pod "keycloak-6c99686646-b9tj9" deleted
pod "keycloak-6c99686646-bcdw8" deleted
pod "keycloak-6c99686646-bzgc6" deleted
pod "keycloak-6c99686646-cf658" deleted
pod "keycloak-6c99686646-cfpld" deleted
pod "keycloak-6c99686646-cmqxz" deleted
pod "keycloak-6c99686646-cq2gp" deleted
pod "keycloak-6c99686646-d24nj" deleted
pod "keycloak-6c99686646-d27vp" deleted
pod "keycloak-6c99686646-dbd6q" deleted
pod "keycloak-6c99686646-dhtm5" deleted
pod "keycloak-6c99686646-dtgzb" deleted
pod "keycloak-6c99686646-dxhwq" deleted
pod "keycloak-6c99686646-fgbkf" deleted
pod "keycloak-6c99686646-fw7tq" deleted
pod "keycloak-6c99686646-g2ljj" deleted
pod "keycloak-6c99686646-g6fsq" deleted
pod "keycloak-6c99686646-hgp5n" deleted
pod "keycloak-6c99686646-j5gwt" deleted
pod "keycloak-6c99686646-jttz2" deleted
pod "keycloak-6c99686646-kcrvc" deleted
pod "keycloak-6c99686646-kjhl6" deleted
pod "keycloak-6c99686646-knwls" deleted
pod "keycloak-6c99686646-kt5bs" deleted
pod "keycloak-6c99686646-kznbf" deleted
pod "keycloak-6c99686646-l8hls" deleted
pod "keycloak-6c99686646-lb62m" deleted
pod "keycloak-6c99686646-lfnbp" deleted
pod "keycloak-6c99686646-ltjgr" deleted
pod "keycloak-6c99686646-lx8n9" deleted
pod "keycloak-6c99686646-m4qqw" deleted
pod "keycloak-6c99686646-mm4f6" deleted
pod "keycloak-6c99686646-mzpxx" deleted
pod "keycloak-6c99686646-n5smf" deleted
pod "keycloak-6c99686646-nckmh" deleted
pod "keycloak-6c99686646-nqpt8" deleted
pod "keycloak-6c99686646-p58jg" deleted
pod "keycloak-6c99686646-pksdd" deleted
pod "keycloak-6c99686646-q4999" deleted
pod "keycloak-6c99686646-q72lj" deleted
pod "keycloak-6c99686646-qkwx2" deleted
pod "keycloak-6c99686646-ql75j" deleted
pod "keycloak-6c99686646-r2hfd" deleted
pod "keycloak-6c99686646-r6b9m" deleted
pod "keycloak-6c99686646-rnjf6" deleted
pod "keycloak-6c99686646-rszdp" deleted
pod "keycloak-6c99686646-s2tm2" deleted
pod "keycloak-6c99686646-s5p9g" deleted
pod "keycloak-6c99686646-slbr7" deleted
pod "keycloak-6c99686646-szl7r" deleted
pod "keycloak-6c99686646-t4dhx" deleted
pod "keycloak-6c99686646-thvg9" deleted
pod "keycloak-6c99686646-tk7r9" deleted
pod "keycloak-6c99686646-v2s2b" deleted
pod "keycloak-6c99686646-vtsqc" deleted
pod "keycloak-6c99686646-wd6c6" deleted
pod "keycloak-6c99686646-wx2kc" deleted
pod "keycloak-6c99686646-x9grl" deleted
pod "keycloak-6c99686646-x9l68" deleted
pod "keycloak-6c99686646-zkjmk" deleted
pod "keycloak-6c99686646-zrc68" deleted
pod "keycloak-6c99686646-zw69s" deleted
pod "keycloak-6c99686646-zwqlj" deleted
pod "keycloak-proxy-5b4dc664dc-xzn6s" deleted
pod "message-router-7795886747-24kfn" deleted
pod "message-router-7795886747-2kdrw" deleted
pod "message-router-7795886747-2vfws" deleted
pod "message-router-7795886747-45hwk" deleted
pod "message-router-7795886747-49w7f" deleted
pod "message-router-7795886747-4dw8z" deleted
pod "message-router-7795886747-4lttt" deleted
pod "message-router-7795886747-59lkb" deleted
pod "message-router-7795886747-6hppk" deleted
pod "message-router-7795886747-77h25" deleted
pod "message-router-7795886747-7cdxs" deleted
pod "message-router-7795886747-7dkpw" deleted
pod "message-router-7795886747-7fqhd" deleted
pod "message-router-7795886747-7pxg7" deleted
pod "message-router-7795886747-7qrnc" deleted
pod "message-router-7795886747-7xxj9" deleted
pod "message-router-7795886747-82dfh" deleted
pod "message-router-7795886747-8d4qr" deleted
pod "message-router-7795886747-97d4d" deleted
pod "message-router-7795886747-b5nwf" deleted
pod "message-router-7795886747-bhc9b" deleted
pod "message-router-7795886747-bnf4g" deleted
pod "message-router-7795886747-ck72q" deleted
pod "message-router-7795886747-csdr8" deleted
pod "message-router-7795886747-d2j8q" deleted
pod "message-router-7795886747-d65q9" deleted
pod "message-router-7795886747-d6vxb" deleted
pod "message-router-7795886747-d7sl9" deleted
pod "message-router-7795886747-d8cqs" deleted
pod "message-router-7795886747-dbc6r" deleted
pod "message-router-7795886747-dff2l" deleted
pod "message-router-7795886747-ff8vz" deleted
pod "message-router-7795886747-ffhp7" deleted
pod "message-router-7795886747-gh8z6" deleted
pod "message-router-7795886747-gq9r9" deleted
pod "message-router-7795886747-h55gw" deleted
pod "message-router-7795886747-hbl5z" deleted
pod "message-router-7795886747-hrsbq" deleted
pod "message-router-7795886747-hwbjq" deleted
pod "message-router-7795886747-jfk2f" deleted
pod "message-router-7795886747-kltfv" deleted
pod "message-router-7795886747-ljnf4" deleted
pod "message-router-7795886747-mbkb8" deleted
pod "message-router-7795886747-mcdhs" deleted
pod "message-router-7795886747-mdv4c" deleted
pod "message-router-7795886747-nhqdr" deleted
pod "message-router-7795886747-nk6v7" deleted
pod "message-router-7795886747-nvjn5" deleted
pod "message-router-7795886747-nwzxx" deleted
pod "message-router-7795886747-pclvl" deleted
pod "message-router-7795886747-pv6md" deleted
pod "message-router-7795886747-pxgtk" deleted
pod "message-router-7795886747-q5djx" deleted
pod "message-router-7795886747-qd472" deleted
pod "message-router-7795886747-qh98h" deleted
pod "message-router-7795886747-qkdv2" deleted
pod "message-router-7795886747-qxkmq" deleted
pod "message-router-7795886747-rc4rq" deleted
pod "message-router-7795886747-rlsmk" deleted
pod "message-router-7795886747-sv7l6" deleted
pod "message-router-7795886747-t449d" deleted
pod "message-router-7795886747-t56kw" deleted
pod "message-router-7795886747-t6c5t" deleted
pod "message-router-7795886747-tdthb" deleted
pod "message-router-7795886747-tkxl2" deleted
pod "message-router-7795886747-vdx4g" deleted
pod "message-router-7795886747-vr5qv" deleted
pod "message-router-7795886747-w8jvn" deleted
pod "message-router-7795886747-wjtqj" deleted
pod "message-router-7795886747-wsjjp" deleted
pod "message-router-7795886747-wwx8j" deleted
pod "message-router-7795886747-x5pbc" deleted
pod "message-router-7795886747-x67dp" deleted
pod "message-router-7795886747-xhlzc" deleted
pod "message-router-7795886747-xhx7d" deleted
pod "message-router-7795886747-xlmdt" deleted
pod "message-router-7795886747-xm4xq" deleted
pod "message-router-7795886747-xzggt" deleted
pod "minio-0" deleted
pod "minio-client" deleted
pod "nonrtricgateway-6df458644d-ppb2w" deleted
pod "opa-ics-6767f8789d-jm8cv" deleted
pod "opa-kafka-774d5c5598-m74r8" deleted
pod "opa-minio-794df5c66c-wtm9t" deleted
pod "persistence-65984cccd6-kcjgk" deleted
pod "pm-data-producer-27klr" deleted
pod "pm-producer-json2kafka-0" deleted
pod "pm-rapp" deleted
pod "pmlog-0" deleted
pod "policymanagementservice-f89bcb6d6-ds4lf" deleted
pod "rappmanagerui-55b559b87f-sm6r6" deleted
pod "redpanda-console-7c6b67699b-s4kt5" deleted
pod "sdnc-web-ff84b5756-22665" deleted
pod "sdnc-web-ff84b5756-22gtb" deleted
pod "sdnc-web-ff84b5756-2g8gh" deleted
pod "sdnc-web-ff84b5756-2kqhn" deleted
pod "sdnc-web-ff84b5756-2nrzq" deleted
pod "sdnc-web-ff84b5756-4cg5v" deleted
pod "sdnc-web-ff84b5756-4cj5h" deleted
pod "sdnc-web-ff84b5756-4qfn7" deleted
pod "sdnc-web-ff84b5756-54rqz" deleted
pod "sdnc-web-ff84b5756-5km9v" deleted
pod "sdnc-web-ff84b5756-5srvf" deleted
pod "sdnc-web-ff84b5756-5wrmf" deleted
pod "sdnc-web-ff84b5756-6fjng" deleted
pod "sdnc-web-ff84b5756-6hxtj" deleted
pod "sdnc-web-ff84b5756-7gt45" deleted
pod "sdnc-web-ff84b5756-7p25v" deleted
pod "sdnc-web-ff84b5756-7qch2" deleted
pod "sdnc-web-ff84b5756-82gk5" deleted
pod "sdnc-web-ff84b5756-87bmp" deleted
pod "sdnc-web-ff84b5756-897lg" deleted
pod "sdnc-web-ff84b5756-98vsd" deleted
pod "sdnc-web-ff84b5756-9fqxl" deleted
pod "sdnc-web-ff84b5756-9k9zq" deleted
pod "sdnc-web-ff84b5756-b92p5" deleted
pod "sdnc-web-ff84b5756-bhlcx" deleted
pod "sdnc-web-ff84b5756-bljxb" deleted
pod "sdnc-web-ff84b5756-bm58r" deleted
pod "sdnc-web-ff84b5756-bvg4l" deleted
pod "sdnc-web-ff84b5756-c6v7w" deleted
pod "sdnc-web-ff84b5756-cf2gl" deleted
pod "sdnc-web-ff84b5756-djndm" deleted
pod "sdnc-web-ff84b5756-f97xs" deleted
pod "sdnc-web-ff84b5756-fc7tv" deleted
pod "sdnc-web-ff84b5756-fmlmb" deleted
pod "sdnc-web-ff84b5756-ghp5s" deleted
pod "sdnc-web-ff84b5756-gn74b" deleted
pod "sdnc-web-ff84b5756-gtrxd" deleted
pod "sdnc-web-ff84b5756-gx6tt" deleted
pod "sdnc-web-ff84b5756-gzptl" deleted
pod "sdnc-web-ff84b5756-h6sfk" deleted
pod "sdnc-web-ff84b5756-hjxv2" deleted
pod "sdnc-web-ff84b5756-htv28" deleted
pod "sdnc-web-ff84b5756-hz5zg" deleted
pod "sdnc-web-ff84b5756-hz9kz" deleted
pod "sdnc-web-ff84b5756-j7vl4" deleted
pod "sdnc-web-ff84b5756-jcsnq" deleted
pod "sdnc-web-ff84b5756-jgxjq" deleted
pod "sdnc-web-ff84b5756-jpkl6" deleted
pod "sdnc-web-ff84b5756-lzl9n" deleted
pod "sdnc-web-ff84b5756-mjk55" deleted
pod "sdnc-web-ff84b5756-mjnvq" deleted
pod "sdnc-web-ff84b5756-mqcvj" deleted
pod "sdnc-web-ff84b5756-mrhrc" deleted
pod "sdnc-web-ff84b5756-n6xdn" deleted
pod "sdnc-web-ff84b5756-n7td2" deleted
pod "sdnc-web-ff84b5756-p9dhv" deleted
pod "sdnc-web-ff84b5756-ptvwd" deleted
pod "sdnc-web-ff84b5756-q6n7x" deleted
pod "sdnc-web-ff84b5756-qtk9t" deleted
pod "sdnc-web-ff84b5756-r77gf" deleted
pod "sdnc-web-ff84b5756-s66f4" deleted
pod "sdnc-web-ff84b5756-sszcq" deleted
pod "sdnc-web-ff84b5756-t6nq8" deleted
pod "sdnc-web-ff84b5756-tq75q" deleted
pod "sdnc-web-ff84b5756-tznpn" deleted
pod "sdnc-web-ff84b5756-v5v9g" deleted
pod "sdnc-web-ff84b5756-v6gwp" deleted
pod "sdnc-web-ff84b5756-vdpkq" deleted
pod "sdnc-web-ff84b5756-vkkpb" deleted
pod "sdnc-web-ff84b5756-vmx8d" deleted
pod "sdnc-web-ff84b5756-vt2p4" deleted
pod "sdnc-web-ff84b5756-wnr8z" deleted
pod "sdnc-web-ff84b5756-wwvtr" deleted
pod "sdnc-web-ff84b5756-xnmzk" deleted
pod "sdnc-web-ff84b5756-xrngl" deleted
pod "sdnc-web-ff84b5756-xsw48" deleted
pod "sdnc-web-ff84b5756-zblwn" deleted
pod "sdnc-web-ff84b5756-zpqrz" deleted
pod "sdnc-web-ff84b5756-zs69g" deleted
pod "sdnr-b576b9966-dbglf" deleted
pod "sdnr-b576b9966-nxzgz" deleted
pod "simple-energy-rapp-5dd57fc54b-vg8qc" deleted
pod "strimzi-cluster-operator-7bb5468c59-27d8h" deleted
pod "ves-collector-57d66dc7d4-l7j6c" deleted
pod "ves-collector-57d66dc7d4-r7xcj" deleted
pod "visualization-backend-5df76f46f4-vmpsx" deleted
pod "zoo-entrance-744dbf8bf9-v5jrq" deleted
service "bundle-server" deleted
service "controlpanel" deleted
service "dfc" deleted
service "influxdb2" deleted
service "informationservice" deleted
service "kafka-1-kafka-bootstrap" deleted
service "kafka-1-kafka-brokers" deleted
service "kafka-1-zookeeper-client" deleted
service "kafka-1-zookeeper-nodes" deleted
service "kafka-producer-pm-json2influx" deleted
service "kafka-producer-pm-json2kafka" deleted
service "kafka-producer-pm-xml2json" deleted
service "keycloak" deleted
service "keycloak-proxy" deleted
service "message-router" deleted
service "minio" deleted
service "minio-web" deleted
service "nonrtricgateway" deleted
service "opa-ics" deleted
service "opa-kafka" deleted
service "opa-minio" deleted
service "persistence" deleted
service "pm-producer-json2kafka" deleted
service "pm-rapp" deleted
service "pmlog" deleted
service "rappmanagerui" deleted
service "rappmanagerui-ui" deleted
service "redpanda-console" deleted
service "sdnc-web" deleted
service "sdnr" deleted
service "ves-collector" deleted
service "zoo-entrance" deleted
deployment.apps "bundle-server" deleted
deployment.apps "controlpanel" deleted
deployment.apps "informationservice" deleted
deployment.apps "kafka-1-entity-operator" deleted
deployment.apps "keycloak" deleted
deployment.apps "keycloak-proxy" deleted
deployment.apps "message-router" deleted
deployment.apps "nonrtricgateway" deleted
deployment.apps "opa-ics" deleted
deployment.apps "opa-kafka" deleted
deployment.apps "opa-minio" deleted
deployment.apps "persistence" deleted
deployment.apps "policymanagementservice" deleted
deployment.apps "rappmanagerui" deleted
deployment.apps "redpanda-console" deleted
deployment.apps "sdnc-web" deleted
deployment.apps "sdnr" deleted
deployment.apps "strimzi-cluster-operator" deleted
deployment.apps "ves-collector" deleted
deployment.apps "zoo-entrance" deleted
replicaset.apps "bundle-server-794d7bdbb8" deleted
replicaset.apps "controlpanel-7c7ffd858c" deleted
replicaset.apps "informationservice-6bbc4b6bfb" deleted
replicaset.apps "kafka-1-entity-operator-78744b5644" deleted
replicaset.apps "keycloak-6c99686646" deleted
replicaset.apps "keycloak-proxy-5b4dc664dc" deleted
replicaset.apps "message-router-7795886747" deleted
replicaset.apps "nonrtricgateway-6df458644d" deleted
replicaset.apps "opa-ics-6767f8789d" deleted
replicaset.apps "opa-kafka-774d5c5598" deleted
replicaset.apps "opa-minio-794df5c66c" deleted
replicaset.apps "persistence-65984cccd6" deleted
replicaset.apps "policymanagementservice-f89bcb6d6" deleted
replicaset.apps "rappmanagerui-55b559b87f" deleted
replicaset.apps "redpanda-console-7c6b67699b" deleted
replicaset.apps "sdnc-web-ff84b5756" deleted
replicaset.apps "sdnr-b576b9966" deleted
replicaset.apps "strimzi-cluster-operator-7bb5468c59" deleted
replicaset.apps "ves-collector-57d66dc7d4" deleted
replicaset.apps "zoo-entrance-744dbf8bf9" deleted
statefulset.apps "dfc" deleted
statefulset.apps "influxdb2" deleted
statefulset.apps "kafka-producer-pm-json2influx" deleted
statefulset.apps "kafka-producer-pm-json2kafka" deleted
statefulset.apps "kafka-producer-pm-xml2json" deleted
statefulset.apps "minio" deleted
statefulset.apps "pm-producer-json2kafka" deleted
statefulset.apps "pmlog" deleted
job.batch "pm-data-producer" deleted
configmap "a1pms-config" deleted
configmap "controlpanel-configmap" deleted
configmap "dfc-cm" deleted
configmap "dfc-cm-truststore" deleted
configmap "informationservice-cm-config" deleted
configmap "istio-ca-root-cert" deleted
configmap "kafka-1-entity-topic-operator-config" deleted
configmap "kafka-1-entity-user-operator-config" deleted
configmap "kafka-1-kafka-0" deleted
configmap "kafka-1-zookeeper-config" deleted
configmap "kafka-producer-pm-json2influx-app-config" deleted
configmap "kafka-producer-pm-json2influx-cm-config" deleted
configmap "kafka-producer-pm-json2kafka-cm-config" deleted
configmap "kafka-producer-pm-xml2json-cm-config" deleted
configmap "keycloak-proxy-conf" deleted
configmap "kube-root-ca.crt" deleted
configmap "logback" deleted
configmap "msgrtrapi" deleted
configmap "nonrtricgateway-configmap" deleted
configmap "pm-producer-json2kafka-cm-config" deleted
configmap "pm-producer-json2kafka-cm-data" deleted
configmap "pm-rapp-jobdef" deleted
configmap "pmlog-app-cm" deleted
configmap "pmlog-job-cm" deleted
configmap "policy-bundle" deleted
configmap "sdnc-web-config" deleted
configmap "sdnc-web-location-rules" deleted
configmap "sdnc-web-nginx-config" deleted
configmap "sdnc-web-scripts" deleted
configmap "sdnc-web-startup" deleted
configmap "sdnr-certs-config" deleted
configmap "sdnr-devicemanager-config" deleted
configmap "sdnr-logging-config" deleted
configmap "sdnr-mountpoint-config" deleted
configmap "sdnr-oauth-config" deleted
configmap "strimzi-cluster-operator" deleted
configmap "ves-collector-collector.properties" deleted
configmap "ves-collector-ves-dmaap-config.json" deleted
secret "a1pms-certs" deleted
secret "influxdb-api-token" deleted
secret "kafka-1-clients-ca" deleted
secret "kafka-1-clients-ca-cert" deleted
secret "kafka-1-cluster-ca" deleted
secret "kafka-1-cluster-ca-cert" deleted
secret "kafka-1-cluster-operator-certs" deleted
secret "kafka-1-entity-topic-operator-certs" deleted
secret "kafka-1-entity-user-operator-certs" deleted
secret "kafka-1-kafka-brokers" deleted
secret "kafka-1-zookeeper-nodes" deleted
secret "sdnc-web-certs" deleted
secret "sdnr-keys0" deleted
secret "sdnr-keys1" deleted
secret "sh.helm.release.v1.controlpanel.v1" deleted
secret "sh.helm.release.v1.nonrtricgateway.v1" deleted
secret "sh.helm.release.v1.nrt-base-0.v1" deleted
secret "sh.helm.release.v1.nrt-base-1.v1" deleted
secret "sh.helm.release.v1.nrt-pm-log.v1" deleted
secret "sh.helm.release.v1.nrt-pm-rapp.v1" deleted
secret "sh.helm.release.v1.nrt-pm.v1" deleted
secret "sh.helm.release.v1.nrt-pm.v2" deleted
secret "sh.helm.release.v1.rappmanagerui.v1" deleted
secret "sh.helm.release.v1.strimzi-kafka-crds.v1" deleted
persistentvolumeclaim "policymanagementservice-vardata-policymanagementservice-0" deleted
persistentvolumeclaim "rappmanagerui-pvc" deleted
persistentvolumeclaim "sdnc-web-pnf-files" deleted

[0;34m=========================================================================[0m
[0;34mRemoving Kafka Resources[0m
[0;34m=========================================================================[0m
[1;33mDeleting Kafka cluster...[0m
kafka.kafka.strimzi.io "kafka-1" deleted
[1;33mDeleting Kafka topics...[0m
No resources found
[1;33mDeleting Kafka users...[0m
No resources found
[0;32m✓ Kafka resources removed[0m

[0;34m=========================================================================[0m
[0;34mRemoving RANPM Components[0m
[0;34m=========================================================================[0m
[1;33mRunning uninstall-pm-rapp.sh...[0m
Uninstalling pmrapp
 helm uninstall...
Error: uninstall: Release not loaded: nrt-pm-rapp: release: not found
done
[1;33mRunning uninstall-pm-log.sh...[0m
Uninstalling pmlog
 helm uninstall...
Error: uninstall: Release not loaded: nrt-pm-log: release: not found
done
[1;33mRunning uninstall-pm-connect.sh...[0m
Uninstalling: pm connect
 helm uninstall...
Error: uninstall: Release not loaded: nrt-pm-kafka-connect: release: not found
done
[1;33mRunning uninstall-nrt.sh...[0m
Error: uninstall: Release not loaded: controlpanel: release: not found
 Unistall controlpanel failed
Error: uninstall: Release not loaded: nonrtricgateway: release: not found
 Unistall nonrtricgateway failed
release "ran-o1-sim-du" uninstalled
 Uninstall ran-o1-sim OK
Error: uninstall: Release not loaded: ran: release: not found
 Unistall ran failed
Error: uninstall: Release not loaded: nrt-pm: release: not found
 Unistall nrt-pm failed
Error: uninstall: Release not loaded: nrt-base-1: release: not found
 Unistall nrt-base-1 failed
Error: uninstall: Release not loaded: nrt-base-0: release: not found
 Unistall nrt-base-0 failed
##########################
Uninstall strimzi-kafka CRDs
"strimzi" has been removed from your repositories
Error: uninstall: Release not loaded: strimzi-kafka-crds: release: not found
 Unistall strimzi-kafka CRDs failed
Uninstall PM Demo failed, 7 failures
[0;32m✓ RANPM components removed[0m

[0;34m=========================================================================[0m
[0;34mRemoving Strimzi Operator[0m
[0;34m=========================================================================[0m
[1;33mDeleting Strimzi operator...[0m
clusterrole.rbac.authorization.k8s.io "strimzi-cluster-operator-namespaced" deleted
clusterrole.rbac.authorization.k8s.io "strimzi-cluster-operator-global" deleted
clusterrolebinding.rbac.authorization.k8s.io "strimzi-cluster-operator" deleted
clusterrolebinding.rbac.authorization.k8s.io "strimzi-cluster-operator-kafka-broker-delegation" deleted
serviceaccount "strimzi-cluster-operator" deleted
[1;33mDeleting Strimzi CRDs...[0m
customresourcedefinition.apiextensions.k8s.io "kafkas.kafka.strimzi.io" deleted
customresourcedefinition.apiextensions.k8s.io "kafkatopics.kafka.strimzi.io" deleted
customresourcedefinition.apiextensions.k8s.io "kafkausers.kafka.strimzi.io" deleted
customresourcedefinition.apiextensions.k8s.io "kafkaconnects.kafka.strimzi.io" deleted
customresourcedefinition.apiextensions.k8s.io "kafkaconnectors.kafka.strimzi.io" deleted
customresourcedefinition.apiextensions.k8s.io "kafkamirrormakers.kafka.strimzi.io" deleted
customresourcedefinition.apiextensions.k8s.io "kafkabridges.kafka.strimzi.io" deleted
customresourcedefinition.apiextensions.k8s.io "kafkamirrormaker2s.kafka.strimzi.io" deleted
customresourcedefinition.apiextensions.k8s.io "kafkarebalances.kafka.strimzi.io" deleted
[0;32m✓ Strimzi operator removed[0m

[0;34m=========================================================================[0m
[0;34mRemoving ridenext-nonrt Namespace[0m
[0;34m=========================================================================[0m
[1;33mDeleting ridenext-nonrt namespace...[0m
[1;33mThis may take a few minutes...[0m
namespace "ridenext-nonrt" deleted

[0;32m✓ ridenext-nonrt namespace deleted[0m

[0;34m=========================================================================[0m
[0;34mCleaning Up Local Files[0m
[0;34m=========================================================================[0m
[1;33mRemoving completion markers...[0m
[1;33mRemoving temporary files...[0m
[0;32m✓ Local files cleaned up[0m

[0;34m=========================================================================[0m
[0;34mVerifying Uninstallation[0m
[0;34m=========================================================================[0m
[0;32m✓ ridenext-nonrt namespace successfully removed[0m

[1;33mChecking for remaining Helm releases...[0m
[0;32m✓ No Helm releases found[0m

[0;34m=========================================================================[0m
[0;34mUninstallation Complete[0m
[0;34m=========================================================================[0m
[0;32mDemo components have been removed![0m

[1;33mRemoved Components:[0m
  [0;32m✓[0m Energy Saving rApp & Visualization UI
  [0;32m✓[0m A1 Simulators
  [0;32m✓[0m rApp Manager
  [0;32m✓[0m NonRTRIC components
  [0;32m✓[0m RANPM components
  [0;32m✓[0m Kafka cluster
  [0;32m✓[0m Strimzi operator
  [0;32m✓[0m ridenext-nonrt namespace

[1;33mWhat's Next:[0m
  • To reinstall the demo: [0;32mcd /home/bluefox/Manish/performance/rn-smo_cleanup/install/demo && ./install-demo.sh[0m
  • To check for any remaining resources: [0;32mkubectl get all -n ridenext-nonrt[0m
  • Uninstallation log: [0;32m/home/bluefox/Manish/performance/rn-smo_cleanup/install/demo/LOGS//uninstall-demo-20260129-141221.log[0m

[0;32mUninstallation completed![0m
[1;33mLog saved to: /home/bluefox/Manish/performance/rn-smo_cleanup/install/demo/LOGS//uninstall-demo-20260129-141221.log[0m
