[0;34m╔════════════════════════════════════════════════════════════════════╗[0m
[0;34m║                                                                    ║[0m
[0;34m║        Energy Saving rApp Demo - Complete Uninstallation          ║[0m
[0;34m║                                                                    ║[0m
[0;34m╚════════════════════════════════════════════════════════════════════╝[0m

[1;33mLog file: /home/bluefox/Manish/performance/rn-smo_cleanup/install/demo/LOGS//uninstall-demo-20260121-171113.log[0m


[0;34m=========================================================================[0m
[0;34mUninstallation Confirmation[0m
[0;34m=========================================================================[0m
[1;33mThis will remove ALL demo components including:[0m
  • Energy Saving rApp and Visualization UI
  • A1 Simulators
  • rApp Manager
  • NonRTRIC components (Policy Management, etc.)
  • RANPM components (Kafka, ICS, PM services)
  • All data and configurations

[0;31mWARNING: This action cannot be undone![0m

[0;32mProceeding with uninstallation...[0m

[0;34m=========================================================================[0m
[0;34mRemoving Energy Saving rApp and Visualization UI[0m
[0;34m=========================================================================[0m
[1;33mDeleting rApp and UI deployments...[0m
[1;33mDeleting rApp and UI services...[0m
[0;32m✓ rApp and UI components removed[0m

[0;34m=========================================================================[0m
[0;34mRemoving A1 Simulators[0m
[0;34m=========================================================================[0m
[1;33mDeleting A1 simulator deployments...[0m
deployment.apps "a1-sim-osc-0" deleted
deployment.apps "a1-sim-osc-1" deleted
[1;33mDeleting A1 simulator services...[0m
service "a1-sim-osc-0" deleted
service "a1-sim-osc-1" deleted
[1;33mDeleting A1 simulator ConfigMaps...[0m
[0;32m✓ A1 simulators removed[0m

[0;34m=========================================================================[0m
[0;34mRemoving NonRTRIC Components[0m
[0;34m=========================================================================[0m
[1;33mRunning uninstall-rappmanager.sh...[0m
Uninstalling rApp Manager...
release "rappmanager" uninstalled
✓ rApp Manager uninstalled successfully
persistentvolumeclaim "rappmanager-pvc" deleted
✓ rApp Manager cleanup complete
[1;33mUninstalling NonRTRIC Helm release...[0m
Error: uninstall: Release not loaded: oran-nonrtric: release: not found
[0;32m✓ NonRTRIC Helm release uninstalled[0m
[1;33mCleaning up remaining NonRTRIC resources...[0m
pod "a1-sim-osc-0-5f95c76584-n64l6" deleted
pod "a1-sim-osc-1-86c4f9964c-z2xjt" deleted
pod "bundle-server-794d7bdbb8-jcqgq" deleted
pod "controlpanel-7c7ffd858c-gcmrg" deleted
pod "dfc-0" deleted
pod "hello-world-chart-deployment-554ffffc77-xqtpp" deleted
pod "influxdb2-0" deleted
pod "informationservice-6bbc4b6bfb-8622n" deleted
pod "kafka-client" deleted
pod "kafka-producer-pm-json2influx-0" deleted
pod "kafka-producer-pm-json2kafka-0" deleted
pod "kafka-producer-pm-xml2json-0" deleted
pod "keycloak-6c99686646-b8g65" deleted
pod "keycloak-proxy-5b4dc664dc-sxknn" deleted
pod "message-router-7795886747-jwbkn" deleted
pod "minio-0" deleted
pod "minio-client" deleted
pod "nonrtricgateway-6df458644d-zcg85" deleted
pod "opa-ics-6767f8789d-q4mmm" deleted
pod "opa-kafka-774d5c5598-hvz7p" deleted
pod "opa-minio-794df5c66c-svgtw" deleted
pod "persistence-65984cccd6-4mnfg" deleted
pod "pm-producer-json2kafka-0" deleted
pod "pm-rapp" deleted
pod "pmlog-0" deleted
pod "policymanagementservice-f89bcb6d6-xhsjs" deleted
pod "rappmanager-ui-local-6cb877959-qpnlh" deleted
pod "redpanda-console-7c6b67699b-5j6hw" deleted
pod "sdnc-web-ff84b5756-m28ws" deleted
pod "sdnr-b576b9966-2jcdd" deleted
pod "strimzi-cluster-operator-7bb5468c59-98l22" deleted
pod "ves-collector-57d66dc7d4-t4h7l" deleted
pod "zoo-entrance-744dbf8bf9-475hv" deleted
service "bundle-server" deleted
service "controlpanel" deleted
service "dfc" deleted
service "hello-world-chart-service" deleted
service "influxdb2" deleted
service "informationservice" deleted
service "kafka-producer-pm-json2influx" deleted
service "kafka-producer-pm-json2kafka" deleted
service "kafka-producer-pm-xml2json" deleted
service "keycloak" deleted
service "keycloak-proxy" deleted
service "message-router" deleted
service "minio" deleted
service "minio-web" deleted
service "nonrtricgateway" deleted
service "opa-ics" deleted
service "opa-kafka" deleted
service "opa-minio" deleted
service "persistence" deleted
service "pm-producer-json2kafka" deleted
service "pm-rapp" deleted
service "pmlog" deleted
service "policymanagementservice" deleted
service "rappmanager-ui-local" deleted
service "rappmanager-ui-local-ui" deleted
service "redpanda-console" deleted
service "sdnc-web" deleted
service "sdnr" deleted
service "ves-collector" deleted
service "zoo-entrance" deleted
deployment.apps "bundle-server" deleted
deployment.apps "controlpanel" deleted
deployment.apps "hello-world-chart-deployment" deleted
deployment.apps "informationservice" deleted
deployment.apps "keycloak" deleted
deployment.apps "keycloak-proxy" deleted
deployment.apps "message-router" deleted
deployment.apps "nonrtricgateway" deleted
deployment.apps "opa-ics" deleted
deployment.apps "opa-kafka" deleted
deployment.apps "opa-minio" deleted
deployment.apps "persistence" deleted
deployment.apps "policymanagementservice" deleted
deployment.apps "rappmanager-ui-local" deleted
deployment.apps "redpanda-console" deleted
deployment.apps "sdnc-web" deleted
deployment.apps "sdnr" deleted
deployment.apps "strimzi-cluster-operator" deleted
deployment.apps "ves-collector" deleted
deployment.apps "zoo-entrance" deleted
replicaset.apps "bundle-server-794d7bdbb8" deleted
replicaset.apps "controlpanel-7c7ffd858c" deleted
replicaset.apps "hello-world-chart-deployment-554ffffc77" deleted
replicaset.apps "informationservice-6bbc4b6bfb" deleted
replicaset.apps "keycloak-6c99686646" deleted
replicaset.apps "keycloak-proxy-5b4dc664dc" deleted
replicaset.apps "message-router-7795886747" deleted
replicaset.apps "nonrtricgateway-6df458644d" deleted
replicaset.apps "opa-ics-6767f8789d" deleted
replicaset.apps "opa-kafka-774d5c5598" deleted
replicaset.apps "opa-minio-794df5c66c" deleted
replicaset.apps "persistence-65984cccd6" deleted
replicaset.apps "policymanagementservice-f89bcb6d6" deleted
replicaset.apps "rappmanager-ui-local-6cb877959" deleted
replicaset.apps "redpanda-console-7c6b67699b" deleted
replicaset.apps "sdnc-web-ff84b5756" deleted
replicaset.apps "sdnr-b576b9966" deleted
replicaset.apps "strimzi-cluster-operator-7bb5468c59" deleted
replicaset.apps "ves-collector-57d66dc7d4" deleted
replicaset.apps "zoo-entrance-744dbf8bf9" deleted
statefulset.apps "dfc" deleted
statefulset.apps "influxdb2" deleted
statefulset.apps "kafka-producer-pm-json2influx" deleted
statefulset.apps "kafka-producer-pm-json2kafka" deleted
statefulset.apps "kafka-producer-pm-xml2json" deleted
statefulset.apps "minio" deleted
statefulset.apps "pm-producer-json2kafka" deleted
statefulset.apps "pmlog" deleted
configmap "a1pms-config" deleted
configmap "controlpanel-configmap" deleted
configmap "dfc-cm" deleted
configmap "dfc-cm-truststore" deleted
configmap "example-rapps" deleted
configmap "informationservice-cm-config" deleted
configmap "istio-ca-root-cert" deleted
configmap "kafka-producer-pm-json2influx-app-config" deleted
configmap "kafka-producer-pm-json2influx-cm-config" deleted
configmap "kafka-producer-pm-json2kafka-cm-config" deleted
configmap "kafka-producer-pm-xml2json-cm-config" deleted
configmap "keycloak-proxy-conf" deleted
configmap "kube-root-ca.crt" deleted
configmap "logback" deleted
configmap "msgrtrapi" deleted
configmap "nonrtricgateway-configmap" deleted
configmap "pm-producer-json2kafka-cm-config" deleted
configmap "pm-producer-json2kafka-cm-data" deleted
configmap "pm-rapp-jobdef" deleted
configmap "pmlog-app-cm" deleted
configmap "pmlog-job-cm" deleted
configmap "policy-bundle" deleted
configmap "sdnc-web-config" deleted
configmap "sdnc-web-location-rules" deleted
configmap "sdnc-web-nginx-config" deleted
configmap "sdnc-web-scripts" deleted
configmap "sdnc-web-startup" deleted
configmap "sdnr-certs-config" deleted
configmap "sdnr-devicemanager-config" deleted
configmap "sdnr-logging-config" deleted
configmap "sdnr-mountpoint-config" deleted
configmap "sdnr-oauth-config" deleted
configmap "strimzi-cluster-operator" deleted
configmap "ves-collector-collector.properties" deleted
configmap "ves-collector-ves-dmaap-config.json" deleted
secret "a1pms-certs" deleted
secret "influxdb-api-token" deleted
secret "sdnc-web-certs" deleted
secret "sdnr-keys0" deleted
secret "sdnr-keys1" deleted
secret "sh.helm.release.v1.controlpanel.v1" deleted
secret "sh.helm.release.v1.hello-world-sample.v1" deleted
secret "sh.helm.release.v1.nonrtricgateway.v1" deleted
secret "sh.helm.release.v1.nrt-base-0.v1" deleted
secret "sh.helm.release.v1.nrt-base-1.v1" deleted
secret "sh.helm.release.v1.nrt-base-1.v2" deleted
secret "sh.helm.release.v1.nrt-pm-log.v1" deleted
secret "sh.helm.release.v1.nrt-pm-rapp.v1" deleted
secret "sh.helm.release.v1.nrt-pm.v1" deleted
secret "sh.helm.release.v1.nrt-pm.v2" deleted
secret "sh.helm.release.v1.nrt-pm.v3" deleted
secret "sh.helm.release.v1.rappmanager-ui-local.v1" deleted
secret "sh.helm.release.v1.rappmanager-ui.v1" deleted
secret "sh.helm.release.v1.strimzi-kafka-crds.v1" deleted
persistentvolumeclaim "rappmanager-ui-local-pvc" deleted
persistentvolumeclaim "sdnc-web-pnf-files" deleted

[0;34m=========================================================================[0m
[0;34mRemoving Kafka Resources[0m
[0;34m=========================================================================[0m
[1;33mDeleting Kafka cluster...[0m
error: the server doesn't have a resource type "kafka"
[1;33mDeleting Kafka topics...[0m
error: the server doesn't have a resource type "kafkatopic"
[1;33mDeleting Kafka users...[0m
error: the server doesn't have a resource type "kafkauser"
[0;32m✓ Kafka resources removed[0m

[0;34m=========================================================================[0m
[0;34mRemoving RANPM Components[0m
[0;34m=========================================================================[0m
[1;33mRunning uninstall-pm-rapp.sh...[0m
Uninstalling pmrapp
 helm uninstall...
Error: uninstall: Release not loaded: nrt-pm-rapp: release: not found
done
[1;33mRunning uninstall-pm-log.sh...[0m
Uninstalling pmlog
 helm uninstall...
Error: uninstall: Release not loaded: nrt-pm-log: release: not found
done
[1;33mRunning uninstall-pm-connect.sh...[0m
Uninstalling: pm connect
 helm uninstall...
Error: uninstall: Release not loaded: nrt-pm-kafka-connect: release: not found
done
[1;33mRunning uninstall-nrt.sh...[0m
Error: uninstall: Release not loaded: controlpanel: release: not found
 Unistall controlpanel failed
Error: uninstall: Release not loaded: nonrtricgateway: release: not found
 Unistall nonrtricgateway failed
Error: uninstall: Release not loaded: ran-o1-sim-du: release: not found
 Unistall ran-o1-sim failed
Error: uninstall: Release not loaded: ran: release: not found
 Unistall ran failed
Error: uninstall: Release not loaded: nrt-pm: release: not found
 Unistall nrt-pm failed
Error: uninstall: Release not loaded: nrt-base-1: release: not found
 Unistall nrt-base-1 failed
Error: uninstall: Release not loaded: nrt-base-0: release: not found
 Unistall nrt-base-0 failed
##########################
Uninstall strimzi-kafka CRDs
Error: no repo named "strimzi" found
Error: uninstall: Release not loaded: strimzi-kafka-crds: release: not found
 Unistall strimzi-kafka CRDs failed
Uninstall PM Demo failed, 8 failures
[0;32m✓ RANPM components removed[0m

[0;34m=========================================================================[0m
[0;34mRemoving Strimzi Operator[0m
[0;34m=========================================================================[0m
[1;33mDeleting Strimzi operator...[0m
serviceaccount "strimzi-cluster-operator" deleted
[1;33mDeleting Strimzi CRDs...[0m
[0;32m✓ Strimzi operator removed[0m

[0;34m=========================================================================[0m
[0;34mRemoving ridenext-nonrt Namespace[0m
[0;34m=========================================================================[0m
[1;33mDeleting ridenext-nonrt namespace...[0m
[1;33mThis may take a few minutes...[0m
namespace "ridenext-nonrt" deleted

[0;32m✓ ridenext-nonrt namespace deleted[0m

[0;34m=========================================================================[0m
[0;34mCleaning Up Local Files[0m
[0;34m=========================================================================[0m
[1;33mRemoving completion markers...[0m
[1;33mRemoving temporary files...[0m
[0;32m✓ Local files cleaned up[0m

[0;34m=========================================================================[0m
[0;34mVerifying Uninstallation[0m
[0;34m=========================================================================[0m
[0;32m✓ ridenext-nonrt namespace successfully removed[0m

[1;33mChecking for remaining Helm releases...[0m
[0;32m✓ No Helm releases found[0m

[0;34m=========================================================================[0m
[0;34mUninstallation Complete[0m
[0;34m=========================================================================[0m
[0;32mDemo components have been removed![0m

[1;33mRemoved Components:[0m
  [0;32m✓[0m Energy Saving rApp & Visualization UI
  [0;32m✓[0m A1 Simulators
  [0;32m✓[0m rApp Manager
  [0;32m✓[0m NonRTRIC components
  [0;32m✓[0m RANPM components
  [0;32m✓[0m Kafka cluster
  [0;32m✓[0m Strimzi operator
  [0;32m✓[0m ridenext-nonrt namespace

[1;33mWhat's Next:[0m
  • To reinstall the demo: [0;32mcd /home/bluefox/Manish/performance/rn-smo_cleanup/install/demo && ./install-demo.sh[0m
  • To check for any remaining resources: [0;32mkubectl get all -n ridenext-nonrt[0m
  • Uninstallation log: [0;32m/home/bluefox/Manish/performance/rn-smo_cleanup/install/demo/LOGS//uninstall-demo-20260121-171113.log[0m

[0;32mUninstallation completed![0m
[1;33mLog saved to: /home/bluefox/Manish/performance/rn-smo_cleanup/install/demo/LOGS//uninstall-demo-20260121-171113.log[0m
