[0;32m=========================================================================[0m
[0;32mStarting RANPM Installation[0m
[0;32mLog file: /home/bluefox/Manish/performance/rn-smo_cleanup/install/demo/LOGS/install-ranpm-Logs//install-ranpm-20260121-184010.log[0m
[0;32m=========================================================================[0m

[1;33mChecking prerequisites...[0m
[0;32m✓ Found: kubectl[0m
[0;32m✓ Found: helm[0m
[0;32m✓ Found: envsubst[0m
[0;32m✓ Found: jq[0m

[0;32m=========================================================================[0m
[0;32mProcessing: scripts/install-nrt.sh[0m
[0;32m=========================================================================[0m
[1;33m⊙ scripts/install-nrt.sh already completed, skipping...[0m

[0;32m=========================================================================[0m
[0;32mProcessing: scripts/install-pm-log.sh[0m
[0;32m=========================================================================[0m
[1;33m⊙ scripts/install-pm-log.sh already completed, skipping...[0m

[0;32m=========================================================================[0m
[0;32mProcessing: scripts/install-pm-influx-job.sh[0m
[0;32m=========================================================================[0m
[1;33mRunning scripts/install-pm-influx-job.sh...[0m
Kubernetes control plane host: 192.168.128.104
+ echo 'Installation pm to influx job'
Installation pm to influx job
+ echo ' Retriving influxdb2 access token...'
 Retriving influxdb2 access token...
++ get_influxdb2_token influxdb2-0 ridenext-nonrt
++ '[' 2 -ne 2 ']'
++ __influxdb2_access_token=
++ '[' -z '' ']'
+++ kubectl exec -n ridenext-nonrt influxdb2-0 -- influx config ls --json
+++ jq -r .default.token
++ export __influxdb2_access_token=JjXIdLVBi4QJUQJsz1oqJPtfhMTLk3KQIfy95or5-dlL4iCt7upVSJQAyLktBMjwwb2aGGZYlStzAEidnQmvHA==
++ __influxdb2_access_token=JjXIdLVBi4QJUQJsz1oqJPtfhMTLk3KQIfy95or5-dlL4iCt7upVSJQAyLktBMjwwb2aGGZYlStzAEidnQmvHA==
++ '[' 0 -ne 0 ']'
++ '[' -z JjXIdLVBi4QJUQJsz1oqJPtfhMTLk3KQIfy95or5-dlL4iCt7upVSJQAyLktBMjwwb2aGGZYlStzAEidnQmvHA== ']'
++ echo -n JjXIdLVBi4QJUQJsz1oqJPtfhMTLk3KQIfy95or5-dlL4iCt7upVSJQAyLktBMjwwb2aGGZYlStzAEidnQmvHA==
++ return 0
+ INFLUXDB2_TOKEN=JjXIdLVBi4QJUQJsz1oqJPtfhMTLk3KQIfy95or5-dlL4iCt7upVSJQAyLktBMjwwb2aGGZYlStzAEidnQmvHA==
+ bucket=pm-bucket
+ echo 'Creating bucket pm-bucket in influxdb2'
Creating bucket pm-bucket in influxdb2
+ create_influxdb2_bucket influxdb2-0 ridenext-nonrt pm-bucket
++ kubectl exec -n ridenext-nonrt influxdb2-0 -- influx bucket ls --json
++ jq 'any(.[].name; . == "pm-bucket")'
+ RES=true
+ '[' true == true ']'
+ echo 'Bucket  exist, OK'
Bucket  exist, OK
+ . scripts/helper-scripts/populate_keycloak.sh
++ echo 'Cluster ip: 192.168.128.104'
Cluster ip: 192.168.128.104
+++ kubectl get svc -n ridenext-nonrt keycloak-proxy --output 'jsonpath={.spec.ports[?(@.name=="http")].nodePort}'
++ KC_PROXY_PORT=31784
++ echo 'Nodeport to keycloak proxy: 31784'
Nodeport to keycloak proxy: 31784
++ __get_admin_token
++ echo 'Get admin token'
Get admin token
++ ADMIN_TOKEN=
++ '[' 0 -lt 20 ']'
+++ curl -s -X POST 192.168.128.104:31784/realms/master/protocol/openid-connect/token --max-time 2 -H 'Content-Type: application/x-www-form-urlencoded' -d username=admin -d password=admin -d grant_type=password -d client_id=admin-cli
+++ jq -r .access_token
++ ADMIN_TOKEN=eyJhbGciOiJSUzI1NiIsInR5cCIgOiAiSldUIiwia2lkIiA6ICJVdm1uQ1V5bFpYOTQyN0lsa01RNDBEVHd1Q3VfNVRZLXE5LWUtNEFJbnJBIn0.eyJleHAiOjE3NjkwMDEwNzEsImlhdCI6MTc2OTAwMTAxMSwianRpIjoiNDg2Yzc2MDEtMDVmZi00MjM5LWFhNjAtODk5M2YwZTIxYjZmIiwiaXNzIjoiaHR0cDovL2tleWNsb2FrLnJpZGVuZXh0LW5vbnJ0OjgwODAvcmVhbG1zL21hc3RlciIsInN1YiI6ImMwMTMzNDVkLTQ1MGYtNDI4MC05ZTQyLThhODRiZDA2ZDdkOSIsInR5cCI6IkJlYXJlciIsImF6cCI6ImFkbWluLWNsaSIsInNlc3Npb25fc3RhdGUiOiJiNGY5NTM3ZC0wZDVhLTQwYzYtODBiNC00ZGEyYTljNDA1ZjUiLCJhY3IiOiIxIiwic2NvcGUiOiJwcm9maWxlIGVtYWlsIiwic2lkIjoiYjRmOTUzN2QtMGQ1YS00MGM2LTgwYjQtNGRhMmE5YzQwNWY1IiwiZW1haWxfdmVyaWZpZWQiOmZhbHNlLCJwcmVmZXJyZWRfdXNlcm5hbWUiOiJhZG1pbiJ9.U-6PURxEWsW_bLj28YmcKrGIVtqBf3kZV2nbKfsnQWxzOv1zvy4QVY4EaeR89c8bXHB_kLcmSQ1zfQYNDkbzlvQA-pf08r5q2-i9S9dKGbwjyizJPGIqvwAP1zgt57pB42ECk-TT9KuG2wkR_Mf9hjdRV867ss13FG8qNKhZO7GYHJ3osG8IUsMaT-Gv_iXFPfYTuUfprfr8fpnnfColl79he681HQyB3DxLmW_uHs9KWbzZ7Yjk0ZlUwtOh6_ys_9Vao4oKZG6FerpGHU3h1w5JKukXNO3kHHlBWrZ4k6Cc5PArvyal_G5rqL3yQJYKWnAVcyCtjYvbgX6scfpOWg
++ '[' 991 -lt 20 ']'
++ '[' 991 -lt 20 ']'
++ echo 'Admin token: eyJhbGciOi...'
Admin token: eyJhbGciOi...
++ echo eyJhbGciOiJSUzI1NiIsInR5cCIgOiAiSldUIiwia2lkIiA6ICJVdm1uQ1V5bFpYOTQyN0lsa01RNDBEVHd1Q3VfNVRZLXE5LWUtNEFJbnJBIn0.eyJleHAiOjE3NjkwMDEwNzEsImlhdCI6MTc2OTAwMTAxMSwianRpIjoiNDg2Yzc2MDEtMDVmZi00MjM5LWFhNjAtODk5M2YwZTIxYjZmIiwiaXNzIjoiaHR0cDovL2tleWNsb2FrLnJpZGVuZXh0LW5vbnJ0OjgwODAvcmVhbG1zL21hc3RlciIsInN1YiI6ImMwMTMzNDVkLTQ1MGYtNDI4MC05ZTQyLThhODRiZDA2ZDdkOSIsInR5cCI6IkJlYXJlciIsImF6cCI6ImFkbWluLWNsaSIsInNlc3Npb25fc3RhdGUiOiJiNGY5NTM3ZC0wZDVhLTQwYzYtODBiNC00ZGEyYTljNDA1ZjUiLCJhY3IiOiIxIiwic2NvcGUiOiJwcm9maWxlIGVtYWlsIiwic2lkIjoiYjRmOTUzN2QtMGQ1YS00MGM2LTgwYjQtNGRhMmE5YzQwNWY1IiwiZW1haWxfdmVyaWZpZWQiOmZhbHNlLCJwcmVmZXJyZWRfdXNlcm5hbWUiOiJhZG1pbiJ9.U-6PURxEWsW_bLj28YmcKrGIVtqBf3kZV2nbKfsnQWxzOv1zvy4QVY4EaeR89c8bXHB_kLcmSQ1zfQYNDkbzlvQA-pf08r5q2-i9S9dKGbwjyizJPGIqvwAP1zgt57pB42ECk-TT9KuG2wkR_Mf9hjdRV867ss13FG8qNKhZO7GYHJ3osG8IUsMaT-Gv_iXFPfYTuUfprfr8fpnnfColl79he681HQyB3DxLmW_uHs9KWbzZ7Yjk0ZlUwtOh6_ys_9Vao4oKZG6FerpGHU3h1w5JKukXNO3kHHlBWrZ4k6Cc5PArvyal_G5rqL3yQJYKWnAVcyCtjYvbgX6scfpOWg
++ __ADM_TOKEN_TS=1
+ cid=console-setup
++ get_client_token nonrtric-realm console-setup
++ __check_admin_token
++ __diff=0
++ '[' 0 -gt 15 ']'
++ __realm=nonrtric-realm
++ __client=console-setup
+++ __get_client_id nonrtric-realm console-setup
++++ curl -s -X GET '192.168.128.104:31784/admin/realms/nonrtric-realm/clients?clientId=console-setup' -H 'Authorization: Bearer eyJhbGciOiJSUzI1NiIsInR5cCIgOiAiSldUIiwia2lkIiA6ICJVdm1uQ1V5bFpYOTQyN0lsa01RNDBEVHd1Q3VfNVRZLXE5LWUtNEFJbnJBIn0.eyJleHAiOjE3NjkwMDEwNzEsImlhdCI6MTc2OTAwMTAxMSwianRpIjoiNDg2Yzc2MDEtMDVmZi00MjM5LWFhNjAtODk5M2YwZTIxYjZmIiwiaXNzIjoiaHR0cDovL2tleWNsb2FrLnJpZGVuZXh0LW5vbnJ0OjgwODAvcmVhbG1zL21hc3RlciIsInN1YiI6ImMwMTMzNDVkLTQ1MGYtNDI4MC05ZTQyLThhODRiZDA2ZDdkOSIsInR5cCI6IkJlYXJlciIsImF6cCI6ImFkbWluLWNsaSIsInNlc3Npb25fc3RhdGUiOiJiNGY5NTM3ZC0wZDVhLTQwYzYtODBiNC00ZGEyYTljNDA1ZjUiLCJhY3IiOiIxIiwic2NvcGUiOiJwcm9maWxlIGVtYWlsIiwic2lkIjoiYjRmOTUzN2QtMGQ1YS00MGM2LTgwYjQtNGRhMmE5YzQwNWY1IiwiZW1haWxfdmVyaWZpZWQiOmZhbHNlLCJwcmVmZXJyZWRfdXNlcm5hbWUiOiJhZG1pbiJ9.U-6PURxEWsW_bLj28YmcKrGIVtqBf3kZV2nbKfsnQWxzOv1zvy4QVY4EaeR89c8bXHB_kLcmSQ1zfQYNDkbzlvQA-pf08r5q2-i9S9dKGbwjyizJPGIqvwAP1zgt57pB42ECk-TT9KuG2wkR_Mf9hjdRV867ss13FG8qNKhZO7GYHJ3osG8IUsMaT-Gv_iXFPfYTuUfprfr8fpnnfColl79he681HQyB3DxLmW_uHs9KWbzZ7Yjk0ZlUwtOh6_ys_9Vao4oKZG6FerpGHU3h1w5JKukXNO3kHHlBWrZ4k6Cc5PArvyal_G5rqL3yQJYKWnAVcyCtjYvbgX6scfpOWg'
+++ __client_data='[{"id":"2b814957-1331-457d-95de-770f3d3e2638","clientId":"console-setup","rootUrl":"https://example.com/example/","adminUrl":"https://example.com/example/","surrogateAuthRequired":false,"enabled":true,"alwaysDisplayInConsole":false,"clientAuthenticatorType":"client-secret","secret":"inLoNrGudkXfKLPscpozb1RYyM6fWZ3c","redirectUris":[],"webOrigins":[],"notBefore":0,"bearerOnly":false,"consentRequired":false,"standardFlowEnabled":true,"implicitFlowEnabled":false,"directAccessGrantsEnabled":false,"serviceAccountsEnabled":true,"publicClient":false,"frontchannelLogout":false,"protocol":"openid-connect","attributes":{"client.secret.creation.time":"1768996009"},"authenticationFlowBindingOverrides":{},"fullScopeAllowed":true,"nodeReRegistrationTimeout":-1,"protocolMappers":[{"id":"ea90a8d7-d51a-4a79-a2f9-454c05d65fb5","name":"Client Host","protocol":"openid-connect","protocolMapper":"oidc-usersessionmodel-note-mapper","consentRequired":false,"config":{"user.session.note":"clientHost","id.token.claim":"true","access.token.claim":"true","claim.name":"clientHost","jsonType.label":"String"}},{"id":"fe29f577-eb22-49e6-839b-67f0c98fdc62","name":"Client ID","protocol":"openid-connect","protocolMapper":"oidc-usersessionmodel-note-mapper","consentRequired":false,"config":{"user.session.note":"clientId","id.token.claim":"true","access.token.claim":"true","claim.name":"clientId","jsonType.label":"String"}},{"id":"5894e78f-3d3c-45a2-b288-77eb8bb9c189","name":"Client IP Address","protocol":"openid-connect","protocolMapper":"oidc-usersessionmodel-note-mapper","consentRequired":false,"config":{"user.session.note":"clientAddress","id.token.claim":"true","access.token.claim":"true","claim.name":"clientAddress","jsonType.label":"String"}}],"defaultClientScopes":["web-origins","acr","roles","profile","email"],"optionalClientScopes":["address","phone","offline_access","microprofile-jwt"],"access":{"view":true,"configure":true,"manage":true}}]'
+++ '[' 0 -ne 0 ']'
++++ jq -r '.[0].id'
++++ echo '[{"id":"2b814957-1331-457d-95de-770f3d3e2638","clientId":"console-setup","rootUrl":"https://example.com/example/","adminUrl":"https://example.com/example/","surrogateAuthRequired":false,"enabled":true,"alwaysDisplayInConsole":false,"clientAuthenticatorType":"client-secret","secret":"inLoNrGudkXfKLPscpozb1RYyM6fWZ3c","redirectUris":[],"webOrigins":[],"notBefore":0,"bearerOnly":false,"consentRequired":false,"standardFlowEnabled":true,"implicitFlowEnabled":false,"directAccessGrantsEnabled":false,"serviceAccountsEnabled":true,"publicClient":false,"frontchannelLogout":false,"protocol":"openid-connect","attributes":{"client.secret.creation.time":"1768996009"},"authenticationFlowBindingOverrides":{},"fullScopeAllowed":true,"nodeReRegistrationTimeout":-1,"protocolMappers":[{"id":"ea90a8d7-d51a-4a79-a2f9-454c05d65fb5","name":"Client' 'Host","protocol":"openid-connect","protocolMapper":"oidc-usersessionmodel-note-mapper","consentRequired":false,"config":{"user.session.note":"clientHost","id.token.claim":"true","access.token.claim":"true","claim.name":"clientHost","jsonType.label":"String"}},{"id":"fe29f577-eb22-49e6-839b-67f0c98fdc62","name":"Client' 'ID","protocol":"openid-connect","protocolMapper":"oidc-usersessionmodel-note-mapper","consentRequired":false,"config":{"user.session.note":"clientId","id.token.claim":"true","access.token.claim":"true","claim.name":"clientId","jsonType.label":"String"}},{"id":"5894e78f-3d3c-45a2-b288-77eb8bb9c189","name":"Client' IP 'Address","protocol":"openid-connect","protocolMapper":"oidc-usersessionmodel-note-mapper","consentRequired":false,"config":{"user.session.note":"clientAddress","id.token.claim":"true","access.token.claim":"true","claim.name":"clientAddress","jsonType.label":"String"}}],"defaultClientScopes":["web-origins","acr","roles","profile","email"],"optionalClientScopes":["address","phone","offline_access","microprofile-jwt"],"access":{"view":true,"configure":true,"manage":true}}]'
+++ __client_id=2b814957-1331-457d-95de-770f3d3e2638
+++ echo 2b814957-1331-457d-95de-770f3d3e2638
+++ return 0
++ __client_id=2b814957-1331-457d-95de-770f3d3e2638
++ '[' 0 -ne 0 ']'
+++ curl -s -f -X GET 192.168.128.104:31784/admin/realms/nonrtric-realm/clients/2b814957-1331-457d-95de-770f3d3e2638/client-secret -H 'Authorization: Bearer eyJhbGciOiJSUzI1NiIsInR5cCIgOiAiSldUIiwia2lkIiA6ICJVdm1uQ1V5bFpYOTQyN0lsa01RNDBEVHd1Q3VfNVRZLXE5LWUtNEFJbnJBIn0.eyJleHAiOjE3NjkwMDEwNzEsImlhdCI6MTc2OTAwMTAxMSwianRpIjoiNDg2Yzc2MDEtMDVmZi00MjM5LWFhNjAtODk5M2YwZTIxYjZmIiwiaXNzIjoiaHR0cDovL2tleWNsb2FrLnJpZGVuZXh0LW5vbnJ0OjgwODAvcmVhbG1zL21hc3RlciIsInN1YiI6ImMwMTMzNDVkLTQ1MGYtNDI4MC05ZTQyLThhODRiZDA2ZDdkOSIsInR5cCI6IkJlYXJlciIsImF6cCI6ImFkbWluLWNsaSIsInNlc3Npb25fc3RhdGUiOiJiNGY5NTM3ZC0wZDVhLTQwYzYtODBiNC00ZGEyYTljNDA1ZjUiLCJhY3IiOiIxIiwic2NvcGUiOiJwcm9maWxlIGVtYWlsIiwic2lkIjoiYjRmOTUzN2QtMGQ1YS00MGM2LTgwYjQtNGRhMmE5YzQwNWY1IiwiZW1haWxfdmVyaWZpZWQiOmZhbHNlLCJwcmVmZXJyZWRfdXNlcm5hbWUiOiJhZG1pbiJ9.U-6PURxEWsW_bLj28YmcKrGIVtqBf3kZV2nbKfsnQWxzOv1zvy4QVY4EaeR89c8bXHB_kLcmSQ1zfQYNDkbzlvQA-pf08r5q2-i9S9dKGbwjyizJPGIqvwAP1zgt57pB42ECk-TT9KuG2wkR_Mf9hjdRV867ss13FG8qNKhZO7GYHJ3osG8IUsMaT-Gv_iXFPfYTuUfprfr8fpnnfColl79he681HQyB3DxLmW_uHs9KWbzZ7Yjk0ZlUwtOh6_ys_9Vao4oKZG6FerpGHU3h1w5JKukXNO3kHHlBWrZ4k6Cc5PArvyal_G5rqL3yQJYKWnAVcyCtjYvbgX6scfpOWg'
++ __client_secret='{"type":"secret","value":"inLoNrGudkXfKLPscpozb1RYyM6fWZ3c"}'
++ '[' 0 -ne 0 ']'
+++ echo '{"type":"secret","value":"inLoNrGudkXfKLPscpozb1RYyM6fWZ3c"}'
+++ jq -r .value
++ __client_secret=inLoNrGudkXfKLPscpozb1RYyM6fWZ3c
+++ curl -s -f -X POST 192.168.128.104:31784/realms/nonrtric-realm/protocol/openid-connect/token -H Content-Type:application/x-www-form-urlencoded -d client_id=console-setup -d client_secret=inLoNrGudkXfKLPscpozb1RYyM6fWZ3c -d grant_type=client_credentials
++ __TMP_TOKEN='{"access_token":"eyJhbGciOiJSUzI1NiIsInR5cCIgOiAiSldUIiwia2lkIiA6ICJaQ09JYUtqaHBtbVlOTnBwNTlGelFLSkpISUJvZDVIOFNMY3NrOXBpb2ZzIn0.eyJleHAiOjE3NjkwMDEzMTEsImlhdCI6MTc2OTAwMTAxMSwianRpIjoiNDZkNmI2NjQtZjgyNy00ODFmLTk1NGQtZWZhNTEwY2I5YjRkIiwiaXNzIjoiaHR0cDovL2tleWNsb2FrLnJpZGVuZXh0LW5vbnJ0OjgwODAvcmVhbG1zL25vbnJ0cmljLXJlYWxtIiwiYXVkIjoiYWNjb3VudCIsInN1YiI6ImFmMjFmNjBkLTE3N2ItNGUxMC1hN2I1LWQxYTFkYWI1YjZlNyIsInR5cCI6IkJlYXJlciIsImF6cCI6ImNvbnNvbGUtc2V0dXAiLCJhY3IiOiIxIiwicmVhbG1fYWNjZXNzIjp7InJvbGVzIjpbImRlZmF1bHQtcm9sZXMtbm9ucnRyaWMtcmVhbG0iLCJvZmZsaW5lX2FjY2VzcyIsInVtYV9hdXRob3JpemF0aW9uIl19LCJyZXNvdXJjZV9hY2Nlc3MiOnsiYWNjb3VudCI6eyJyb2xlcyI6WyJtYW5hZ2UtYWNjb3VudCIsIm1hbmFnZS1hY2NvdW50LWxpbmtzIiwidmlldy1wcm9maWxlIl19fSwic2NvcGUiOiJlbWFpbCBwcm9maWxlIiwiY2xpZW50SG9zdCI6IjEwLjI0NC4wLjU5IiwiZW1haWxfdmVyaWZpZWQiOmZhbHNlLCJjbGllbnRJZCI6ImNvbnNvbGUtc2V0dXAiLCJwcmVmZXJyZWRfdXNlcm5hbWUiOiJzZXJ2aWNlLWFjY291bnQtY29uc29sZS1zZXR1cCIsImNsaWVudEFkZHJlc3MiOiIxMC4yNDQuMC41OSJ9.Ntp18LXiL093-uBx8-GI7kGhZbcYt7EJlavwE-2QveY5B5hkjfK69eQkhqcURsZet6MiaSIleP2J3cWkxS5oFav581uO5BNmr1irBhvFBXAZw35uzSjRx2N-7x7Lw4bJAS5oLRK3XXM_HAT_Urzqtu2099RtN9_HoIrvpB9c7X6azyYwOdKqCMmUhUEWA67K_75IGkdguHd9Ssps5zBcJdNqsv1Nx0rv9C0e9Q_ovHZbPYjjad2wN3aDBjt2fPLA22s1McGlxMo_t5fxdOnYowiV7e5KN-QSg1AsRkFwdtmXKJedgG03c2WSFFe3i4pWVToH7vLwyofyQNF6-CzBgQ","expires_in":300,"refresh_expires_in":0,"token_type":"Bearer","not-before-policy":0,"scope":"email profile"}'
++ '[' 0 -ne 0 ']'
++ echo '{"access_token":"eyJhbGciOiJSUzI1NiIsInR5cCIgOiAiSldUIiwia2lkIiA6ICJaQ09JYUtqaHBtbVlOTnBwNTlGelFLSkpISUJvZDVIOFNMY3NrOXBpb2ZzIn0.eyJleHAiOjE3NjkwMDEzMTEsImlhdCI6MTc2OTAwMTAxMSwianRpIjoiNDZkNmI2NjQtZjgyNy00ODFmLTk1NGQtZWZhNTEwY2I5YjRkIiwiaXNzIjoiaHR0cDovL2tleWNsb2FrLnJpZGVuZXh0LW5vbnJ0OjgwODAvcmVhbG1zL25vbnJ0cmljLXJlYWxtIiwiYXVkIjoiYWNjb3VudCIsInN1YiI6ImFmMjFmNjBkLTE3N2ItNGUxMC1hN2I1LWQxYTFkYWI1YjZlNyIsInR5cCI6IkJlYXJlciIsImF6cCI6ImNvbnNvbGUtc2V0dXAiLCJhY3IiOiIxIiwicmVhbG1fYWNjZXNzIjp7InJvbGVzIjpbImRlZmF1bHQtcm9sZXMtbm9ucnRyaWMtcmVhbG0iLCJvZmZsaW5lX2FjY2VzcyIsInVtYV9hdXRob3JpemF0aW9uIl19LCJyZXNvdXJjZV9hY2Nlc3MiOnsiYWNjb3VudCI6eyJyb2xlcyI6WyJtYW5hZ2UtYWNjb3VudCIsIm1hbmFnZS1hY2NvdW50LWxpbmtzIiwidmlldy1wcm9maWxlIl19fSwic2NvcGUiOiJlbWFpbCBwcm9maWxlIiwiY2xpZW50SG9zdCI6IjEwLjI0NC4wLjU5IiwiZW1haWxfdmVyaWZpZWQiOmZhbHNlLCJjbGllbnRJZCI6ImNvbnNvbGUtc2V0dXAiLCJwcmVmZXJyZWRfdXNlcm5hbWUiOiJzZXJ2aWNlLWFjY291bnQtY29uc29sZS1zZXR1cCIsImNsaWVudEFkZHJlc3MiOiIxMC4yNDQuMC41OSJ9.Ntp18LXiL093-uBx8-GI7kGhZbcYt7EJlavwE-2QveY5B5hkjfK69eQkhqcURsZet6MiaSIleP2J3cWkxS5oFav581uO5BNmr1irBhvFBXAZw35uzSjRx2N-7x7Lw4bJAS5oLRK3XXM_HAT_Urzqtu2099RtN9_HoIrvpB9c7X6azyYwOdKqCMmUhUEWA67K_75IGkdguHd9Ssps5zBcJdNqsv1Nx0rv9C0e9Q_ovHZbPYjjad2wN3aDBjt2fPLA22s1McGlxMo_t5fxdOnYowiV7e5KN-QSg1AsRkFwdtmXKJedgG03c2WSFFe3i4pWVToH7vLwyofyQNF6-CzBgQ","expires_in":300,"refresh_expires_in":0,"token_type":"Bearer","not-before-policy":0,"scope":"email' 'profile"}'
++ jq -r .access_token
++ return 0
+ TOKEN=eyJhbGciOiJSUzI1NiIsInR5cCIgOiAiSldUIiwia2lkIiA6ICJaQ09JYUtqaHBtbVlOTnBwNTlGelFLSkpISUJvZDVIOFNMY3NrOXBpb2ZzIn0.eyJleHAiOjE3NjkwMDEzMTEsImlhdCI6MTc2OTAwMTAxMSwianRpIjoiNDZkNmI2NjQtZjgyNy00ODFmLTk1NGQtZWZhNTEwY2I5YjRkIiwiaXNzIjoiaHR0cDovL2tleWNsb2FrLnJpZGVuZXh0LW5vbnJ0OjgwODAvcmVhbG1zL25vbnJ0cmljLXJlYWxtIiwiYXVkIjoiYWNjb3VudCIsInN1YiI6ImFmMjFmNjBkLTE3N2ItNGUxMC1hN2I1LWQxYTFkYWI1YjZlNyIsInR5cCI6IkJlYXJlciIsImF6cCI6ImNvbnNvbGUtc2V0dXAiLCJhY3IiOiIxIiwicmVhbG1fYWNjZXNzIjp7InJvbGVzIjpbImRlZmF1bHQtcm9sZXMtbm9ucnRyaWMtcmVhbG0iLCJvZmZsaW5lX2FjY2VzcyIsInVtYV9hdXRob3JpemF0aW9uIl19LCJyZXNvdXJjZV9hY2Nlc3MiOnsiYWNjb3VudCI6eyJyb2xlcyI6WyJtYW5hZ2UtYWNjb3VudCIsIm1hbmFnZS1hY2NvdW50LWxpbmtzIiwidmlldy1wcm9maWxlIl19fSwic2NvcGUiOiJlbWFpbCBwcm9maWxlIiwiY2xpZW50SG9zdCI6IjEwLjI0NC4wLjU5IiwiZW1haWxfdmVyaWZpZWQiOmZhbHNlLCJjbGllbnRJZCI6ImNvbnNvbGUtc2V0dXAiLCJwcmVmZXJyZWRfdXNlcm5hbWUiOiJzZXJ2aWNlLWFjY291bnQtY29uc29sZS1zZXR1cCIsImNsaWVudEFkZHJlc3MiOiIxMC4yNDQuMC41OSJ9.Ntp18LXiL093-uBx8-GI7kGhZbcYt7EJlavwE-2QveY5B5hkjfK69eQkhqcURsZet6MiaSIleP2J3cWkxS5oFav581uO5BNmr1irBhvFBXAZw35uzSjRx2N-7x7Lw4bJAS5oLRK3XXM_HAT_Urzqtu2099RtN9_HoIrvpB9c7X6azyYwOdKqCMmUhUEWA67K_75IGkdguHd9Ssps5zBcJdNqsv1Nx0rv9C0e9Q_ovHZbPYjjad2wN3aDBjt2fPLA22s1McGlxMo_t5fxdOnYowiV7e5KN-QSg1AsRkFwdtmXKJedgG03c2WSFFe3i4pWVToH7vLwyofyQNF6-CzBgQ
+ JOB='{"info_type_id": "json-file-data-from-filestore",
     "job_owner": "console",
     "status_notification_uri": "http://callback.ridenext-nonrt:80/post",
     "job_definition": {
        "db-url":"http://influxdb2.ridenext-nonrt:8086",
        "db-org":"est",
        "db-bucket":"pm-bucket",
        "db-token":"JjXIdLVBi4QJUQJsz1oqJPtfhMTLk3KQIfy95or5-dlL4iCt7upVSJQAyLktBMjwwb2aGGZYlStzAEidnQmvHA==",
        "filterType":"pmdata",
        "filter":{}
     }}'
+ echo '{"info_type_id":' '"json-file-data-from-filestore",' '"job_owner":' '"console",' '"status_notification_uri":' '"http://callback.ridenext-nonrt:80/post",' '"job_definition":' '{' '"db-url":"http://influxdb2.ridenext-nonrt:8086",' '"db-org":"est",' '"db-bucket":"pm-bucket",' '"db-token":"JjXIdLVBi4QJUQJsz1oqJPtfhMTLk3KQIfy95or5-dlL4iCt7upVSJQAyLktBMjwwb2aGGZYlStzAEidnQmvHA==",' '"filterType":"pmdata",' '"filter":{}' '}}'
+ create_ics_job kp-influx-json 0 eyJhbGciOiJSUzI1NiIsInR5cCIgOiAiSldUIiwia2lkIiA6ICJaQ09JYUtqaHBtbVlOTnBwNTlGelFLSkpISUJvZDVIOFNMY3NrOXBpb2ZzIn0.eyJleHAiOjE3NjkwMDEzMTEsImlhdCI6MTc2OTAwMTAxMSwianRpIjoiNDZkNmI2NjQtZjgyNy00ODFmLTk1NGQtZWZhNTEwY2I5YjRkIiwiaXNzIjoiaHR0cDovL2tleWNsb2FrLnJpZGVuZXh0LW5vbnJ0OjgwODAvcmVhbG1zL25vbnJ0cmljLXJlYWxtIiwiYXVkIjoiYWNjb3VudCIsInN1YiI6ImFmMjFmNjBkLTE3N2ItNGUxMC1hN2I1LWQxYTFkYWI1YjZlNyIsInR5cCI6IkJlYXJlciIsImF6cCI6ImNvbnNvbGUtc2V0dXAiLCJhY3IiOiIxIiwicmVhbG1fYWNjZXNzIjp7InJvbGVzIjpbImRlZmF1bHQtcm9sZXMtbm9ucnRyaWMtcmVhbG0iLCJvZmZsaW5lX2FjY2VzcyIsInVtYV9hdXRob3JpemF0aW9uIl19LCJyZXNvdXJjZV9hY2Nlc3MiOnsiYWNjb3VudCI6eyJyb2xlcyI6WyJtYW5hZ2UtYWNjb3VudCIsIm1hbmFnZS1hY2NvdW50LWxpbmtzIiwidmlldy1wcm9maWxlIl19fSwic2NvcGUiOiJlbWFpbCBwcm9maWxlIiwiY2xpZW50SG9zdCI6IjEwLjI0NC4wLjU5IiwiZW1haWxfdmVyaWZpZWQiOmZhbHNlLCJjbGllbnRJZCI6ImNvbnNvbGUtc2V0dXAiLCJwcmVmZXJyZWRfdXNlcm5hbWUiOiJzZXJ2aWNlLWFjY291bnQtY29uc29sZS1zZXR1cCIsImNsaWVudEFkZHJlc3MiOiIxMC4yNDQuMC41OSJ9.Ntp18LXiL093-uBx8-GI7kGhZbcYt7EJlavwE-2QveY5B5hkjfK69eQkhqcURsZet6MiaSIleP2J3cWkxS5oFav581uO5BNmr1irBhvFBXAZw35uzSjRx2N-7x7Lw4bJAS5oLRK3XXM_HAT_Urzqtu2099RtN9_HoIrvpB9c7X6azyYwOdKqCMmUhUEWA67K_75IGkdguHd9Ssps5zBcJdNqsv1Nx0rv9C0e9Q_ovHZbPYjjad2wN3aDBjt2fPLA22s1McGlxMo_t5fxdOnYowiV7e5KN-QSg1AsRkFwdtmXKJedgG03c2WSFFe3i4pWVToH7vLwyofyQNF6-CzBgQ
++ kubectl get svc -n ridenext-nonrt informationservice --output 'jsonpath={.spec.ports[?(@.name=="http")].nodePort}'
Error from server (NotFound): services "informationservice" not found
+ ICS_PROXY_PORT=
+ echo 'NodePort to ics: '
NodePort to ics: 
+ JOB='{"info_type_id": "json-file-data-from-filestore", "job_owner": "console", "status_notification_uri": "http://callback.ridenext-nonrt:80/post", "job_definition": { "db-url":"http://influxdb2.ridenext-nonrt:8086", "db-org":"est", "db-bucket":"pm-bucket", "db-token":"JjXIdLVBi4QJUQJsz1oqJPtfhMTLk3KQIfy95or5-dlL4iCt7upVSJQAyLktBMjwwb2aGGZYlStzAEidnQmvHA==", "filterType":"pmdata", "filter":{} }}'
+ echo '{"info_type_id":' '"json-file-data-from-filestore",' '"job_owner":' '"console",' '"status_notification_uri":' '"http://callback.ridenext-nonrt:80/post",' '"job_definition":' '{' '"db-url":"http://influxdb2.ridenext-nonrt:8086",' '"db-org":"est",' '"db-bucket":"pm-bucket",' '"db-token":"JjXIdLVBi4QJUQJsz1oqJPtfhMTLk3KQIfy95or5-dlL4iCt7upVSJQAyLktBMjwwb2aGGZYlStzAEidnQmvHA==",' '"filterType":"pmdata",' '"filter":{}' '}}'
{"info_type_id": "json-file-data-from-filestore", "job_owner": "console", "status_notification_uri": "http://callback.ridenext-nonrt:80/post", "job_definition": { "db-url":"http://influxdb2.ridenext-nonrt:8086", "db-org":"est", "db-bucket":"pm-bucket", "db-token":"JjXIdLVBi4QJUQJsz1oqJPtfhMTLk3KQIfy95or5-dlL4iCt7upVSJQAyLktBMjwwb2aGGZYlStzAEidnQmvHA==", "filterType":"pmdata", "filter":{} }}
+ retcode=1
+ echo 'Creating job-kp-influx-json-0'
Creating job-kp-influx-json-0
+ '[' 1 -ne 0 ']'
+ '[' -z eyJhbGciOiJSUzI1NiIsInR5cCIgOiAiSldUIiwia2lkIiA6ICJaQ09JYUtqaHBtbVlOTnBwNTlGelFLSkpISUJvZDVIOFNMY3NrOXBpb2ZzIn0.eyJleHAiOjE3NjkwMDEzMTEsImlhdCI6MTc2OTAwMTAxMSwianRpIjoiNDZkNmI2NjQtZjgyNy00ODFmLTk1NGQtZWZhNTEwY2I5YjRkIiwiaXNzIjoiaHR0cDovL2tleWNsb2FrLnJpZGVuZXh0LW5vbnJ0OjgwODAvcmVhbG1zL25vbnJ0cmljLXJlYWxtIiwiYXVkIjoiYWNjb3VudCIsInN1YiI6ImFmMjFmNjBkLTE3N2ItNGUxMC1hN2I1LWQxYTFkYWI1YjZlNyIsInR5cCI6IkJlYXJlciIsImF6cCI6ImNvbnNvbGUtc2V0dXAiLCJhY3IiOiIxIiwicmVhbG1fYWNjZXNzIjp7InJvbGVzIjpbImRlZmF1bHQtcm9sZXMtbm9ucnRyaWMtcmVhbG0iLCJvZmZsaW5lX2FjY2VzcyIsInVtYV9hdXRob3JpemF0aW9uIl19LCJyZXNvdXJjZV9hY2Nlc3MiOnsiYWNjb3VudCI6eyJyb2xlcyI6WyJtYW5hZ2UtYWNjb3VudCIsIm1hbmFnZS1hY2NvdW50LWxpbmtzIiwidmlldy1wcm9maWxlIl19fSwic2NvcGUiOiJlbWFpbCBwcm9maWxlIiwiY2xpZW50SG9zdCI6IjEwLjI0NC4wLjU5IiwiZW1haWxfdmVyaWZpZWQiOmZhbHNlLCJjbGllbnRJZCI6ImNvbnNvbGUtc2V0dXAiLCJwcmVmZXJyZWRfdXNlcm5hbWUiOiJzZXJ2aWNlLWFjY291bnQtY29uc29sZS1zZXR1cCIsImNsaWVudEFkZHJlc3MiOiIxMC4yNDQuMC41OSJ9.Ntp18LXiL093-uBx8-GI7kGhZbcYt7EJlavwE-2QveY5B5hkjfK69eQkhqcURsZet6MiaSIleP2J3cWkxS5oFav581uO5BNmr1irBhvFBXAZw35uzSjRx2N-7x7Lw4bJAS5oLRK3XXM_HAT_Urzqtu2099RtN9_HoIrvpB9c7X6azyYwOdKqCMmUhUEWA67K_75IGkdguHd9Ssps5zBcJdNqsv1Nx0rv9C0e9Q_ovHZbPYjjad2wN3aDBjt2fPLA22s1McGlxMo_t5fxdOnYowiV7e5KN-QSg1AsRkFwdtmXKJedgG03c2WSFFe3i4pWVToH7vLwyofyQNF6-CzBgQ ']'
+ __bearer='Authorization: Bearer eyJhbGciOiJSUzI1NiIsInR5cCIgOiAiSldUIiwia2lkIiA6ICJaQ09JYUtqaHBtbVlOTnBwNTlGelFLSkpISUJvZDVIOFNMY3NrOXBpb2ZzIn0.eyJleHAiOjE3NjkwMDEzMTEsImlhdCI6MTc2OTAwMTAxMSwianRpIjoiNDZkNmI2NjQtZjgyNy00ODFmLTk1NGQtZWZhNTEwY2I5YjRkIiwiaXNzIjoiaHR0cDovL2tleWNsb2FrLnJpZGVuZXh0LW5vbnJ0OjgwODAvcmVhbG1zL25vbnJ0cmljLXJlYWxtIiwiYXVkIjoiYWNjb3VudCIsInN1YiI6ImFmMjFmNjBkLTE3N2ItNGUxMC1hN2I1LWQxYTFkYWI1YjZlNyIsInR5cCI6IkJlYXJlciIsImF6cCI6ImNvbnNvbGUtc2V0dXAiLCJhY3IiOiIxIiwicmVhbG1fYWNjZXNzIjp7InJvbGVzIjpbImRlZmF1bHQtcm9sZXMtbm9ucnRyaWMtcmVhbG0iLCJvZmZsaW5lX2FjY2VzcyIsInVtYV9hdXRob3JpemF0aW9uIl19LCJyZXNvdXJjZV9hY2Nlc3MiOnsiYWNjb3VudCI6eyJyb2xlcyI6WyJtYW5hZ2UtYWNjb3VudCIsIm1hbmFnZS1hY2NvdW50LWxpbmtzIiwidmlldy1wcm9maWxlIl19fSwic2NvcGUiOiJlbWFpbCBwcm9maWxlIiwiY2xpZW50SG9zdCI6IjEwLjI0NC4wLjU5IiwiZW1haWxfdmVyaWZpZWQiOmZhbHNlLCJjbGllbnRJZCI6ImNvbnNvbGUtc2V0dXAiLCJwcmVmZXJyZWRfdXNlcm5hbWUiOiJzZXJ2aWNlLWFjY291bnQtY29uc29sZS1zZXR1cCIsImNsaWVudEFkZHJlc3MiOiIxMC4yNDQuMC41OSJ9.Ntp18LXiL093-uBx8-GI7kGhZbcYt7EJlavwE-2QveY5B5hkjfK69eQkhqcURsZet6MiaSIleP2J3cWkxS5oFav581uO5BNmr1irBhvFBXAZw35uzSjRx2N-7x7Lw4bJAS5oLRK3XXM_HAT_Urzqtu2099RtN9_HoIrvpB9c7X6azyYwOdKqCMmUhUEWA67K_75IGkdguHd9Ssps5zBcJdNqsv1Nx0rv9C0e9Q_ovHZbPYjjad2wN3aDBjt2fPLA22s1McGlxMo_t5fxdOnYowiV7e5KN-QSg1AsRkFwdtmXKJedgG03c2WSFFe3i4pWVToH7vLwyofyQNF6-CzBgQ'
++ curl -s -X PUT -w '%{http_code}' -H accept:application/json -H Content-Type:application/json http://192.168.128.104:/data-consumer/v1/info-jobs/job-kp-influx-json-0 --data-binary @.job.json -H 'Authorization: Bearer eyJhbGciOiJSUzI1NiIsInR5cCIgOiAiSldUIiwia2lkIiA6ICJaQ09JYUtqaHBtbVlOTnBwNTlGelFLSkpISUJvZDVIOFNMY3NrOXBpb2ZzIn0.eyJleHAiOjE3NjkwMDEzMTEsImlhdCI6MTc2OTAwMTAxMSwianRpIjoiNDZkNmI2NjQtZjgyNy00ODFmLTk1NGQtZWZhNTEwY2I5YjRkIiwiaXNzIjoiaHR0cDovL2tleWNsb2FrLnJpZGVuZXh0LW5vbnJ0OjgwODAvcmVhbG1zL25vbnJ0cmljLXJlYWxtIiwiYXVkIjoiYWNjb3VudCIsInN1YiI6ImFmMjFmNjBkLTE3N2ItNGUxMC1hN2I1LWQxYTFkYWI1YjZlNyIsInR5cCI6IkJlYXJlciIsImF6cCI6ImNvbnNvbGUtc2V0dXAiLCJhY3IiOiIxIiwicmVhbG1fYWNjZXNzIjp7InJvbGVzIjpbImRlZmF1bHQtcm9sZXMtbm9ucnRyaWMtcmVhbG0iLCJvZmZsaW5lX2FjY2VzcyIsInVtYV9hdXRob3JpemF0aW9uIl19LCJyZXNvdXJjZV9hY2Nlc3MiOnsiYWNjb3VudCI6eyJyb2xlcyI6WyJtYW5hZ2UtYWNjb3VudCIsIm1hbmFnZS1hY2NvdW50LWxpbmtzIiwidmlldy1wcm9maWxlIl19fSwic2NvcGUiOiJlbWFpbCBwcm9maWxlIiwiY2xpZW50SG9zdCI6IjEwLjI0NC4wLjU5IiwiZW1haWxfdmVyaWZpZWQiOmZhbHNlLCJjbGllbnRJZCI6ImNvbnNvbGUtc2V0dXAiLCJwcmVmZXJyZWRfdXNlcm5hbWUiOiJzZXJ2aWNlLWFjY291bnQtY29uc29sZS1zZXR1cCIsImNsaWVudEFkZHJlc3MiOiIxMC4yNDQuMC41OSJ9.Ntp18LXiL093-uBx8-GI7kGhZbcYt7EJlavwE-2QveY5B5hkjfK69eQkhqcURsZet6MiaSIleP2J3cWkxS5oFav581uO5BNmr1irBhvFBXAZw35uzSjRx2N-7x7Lw4bJAS5oLRK3XXM_HAT_Urzqtu2099RtN9_HoIrvpB9c7X6azyYwOdKqCMmUhUEWA67K_75IGkdguHd9Ssps5zBcJdNqsv1Nx0rv9C0e9Q_ovHZbPYjjad2wN3aDBjt2fPLA22s1McGlxMo_t5fxdOnYowiV7e5KN-QSg1AsRkFwdtmXKJedgG03c2WSFFe3i4pWVToH7vLwyofyQNF6-CzBgQ'
+ STAT=000
+ retcode=7
+ echo 'curl return code: 7'
curl return code: 7
+ '[' 7 -eq 0 ']'
+ sleep 1
+ '[' 7 -ne 0 ']'
+ '[' -z eyJhbGciOiJSUzI1NiIsInR5cCIgOiAiSldUIiwia2lkIiA6ICJaQ09JYUtqaHBtbVlOTnBwNTlGelFLSkpISUJvZDVIOFNMY3NrOXBpb2ZzIn0.eyJleHAiOjE3NjkwMDEzMTEsImlhdCI6MTc2OTAwMTAxMSwianRpIjoiNDZkNmI2NjQtZjgyNy00ODFmLTk1NGQtZWZhNTEwY2I5YjRkIiwiaXNzIjoiaHR0cDovL2tleWNsb2FrLnJpZGVuZXh0LW5vbnJ0OjgwODAvcmVhbG1zL25vbnJ0cmljLXJlYWxtIiwiYXVkIjoiYWNjb3VudCIsInN1YiI6ImFmMjFmNjBkLTE3N2ItNGUxMC1hN2I1LWQxYTFkYWI1YjZlNyIsInR5cCI6IkJlYXJlciIsImF6cCI6ImNvbnNvbGUtc2V0dXAiLCJhY3IiOiIxIiwicmVhbG1fYWNjZXNzIjp7InJvbGVzIjpbImRlZmF1bHQtcm9sZXMtbm9ucnRyaWMtcmVhbG0iLCJvZmZsaW5lX2FjY2VzcyIsInVtYV9hdXRob3JpemF0aW9uIl19LCJyZXNvdXJjZV9hY2Nlc3MiOnsiYWNjb3VudCI6eyJyb2xlcyI6WyJtYW5hZ2UtYWNjb3VudCIsIm1hbmFnZS1hY2NvdW50LWxpbmtzIiwidmlldy1wcm9maWxlIl19fSwic2NvcGUiOiJlbWFpbCBwcm9maWxlIiwiY2xpZW50SG9zdCI6IjEwLjI0NC4wLjU5IiwiZW1haWxfdmVyaWZpZWQiOmZhbHNlLCJjbGllbnRJZCI6ImNvbnNvbGUtc2V0dXAiLCJwcmVmZXJyZWRfdXNlcm5hbWUiOiJzZXJ2aWNlLWFjY291bnQtY29uc29sZS1zZXR1cCIsImNsaWVudEFkZHJlc3MiOiIxMC4yNDQuMC41OSJ9.Ntp18LXiL093-uBx8-GI7kGhZbcYt7EJlavwE-2QveY5B5hkjfK69eQkhqcURsZet6MiaSIleP2J3cWkxS5oFav581uO5BNmr1irBhvFBXAZw35uzSjRx2N-7x7Lw4bJAS5oLRK3XXM_HAT_Urzqtu2099RtN9_HoIrvpB9c7X6azyYwOdKqCMmUhUEWA67K_75IGkdguHd9Ssps5zBcJdNqsv1Nx0rv9C0e9Q_ovHZbPYjjad2wN3aDBjt2fPLA22s1McGlxMo_t5fxdOnYowiV7e5KN-QSg1AsRkFwdtmXKJedgG03c2WSFFe3i4pWVToH7vLwyofyQNF6-CzBgQ ']'
+ __bearer='Authorization: Bearer eyJhbGciOiJSUzI1NiIsInR5cCIgOiAiSldUIiwia2lkIiA6ICJaQ09JYUtqaHBtbVlOTnBwNTlGelFLSkpISUJvZDVIOFNMY3NrOXBpb2ZzIn0.eyJleHAiOjE3NjkwMDEzMTEsImlhdCI6MTc2OTAwMTAxMSwianRpIjoiNDZkNmI2NjQtZjgyNy00ODFmLTk1NGQtZWZhNTEwY2I5YjRkIiwiaXNzIjoiaHR0cDovL2tleWNsb2FrLnJpZGVuZXh0LW5vbnJ0OjgwODAvcmVhbG1zL25vbnJ0cmljLXJlYWxtIiwiYXVkIjoiYWNjb3VudCIsInN1YiI6ImFmMjFmNjBkLTE3N2ItNGUxMC1hN2I1LWQxYTFkYWI1YjZlNyIsInR5cCI6IkJlYXJlciIsImF6cCI6ImNvbnNvbGUtc2V0dXAiLCJhY3IiOiIxIiwicmVhbG1fYWNjZXNzIjp7InJvbGVzIjpbImRlZmF1bHQtcm9sZXMtbm9ucnRyaWMtcmVhbG0iLCJvZmZsaW5lX2FjY2VzcyIsInVtYV9hdXRob3JpemF0aW9uIl19LCJyZXNvdXJjZV9hY2Nlc3MiOnsiYWNjb3VudCI6eyJyb2xlcyI6WyJtYW5hZ2UtYWNjb3VudCIsIm1hbmFnZS1hY2NvdW50LWxpbmtzIiwidmlldy1wcm9maWxlIl19fSwic2NvcGUiOiJlbWFpbCBwcm9maWxlIiwiY2xpZW50SG9zdCI6IjEwLjI0NC4wLjU5IiwiZW1haWxfdmVyaWZpZWQiOmZhbHNlLCJjbGllbnRJZCI6ImNvbnNvbGUtc2V0dXAiLCJwcmVmZXJyZWRfdXNlcm5hbWUiOiJzZXJ2aWNlLWFjY291bnQtY29uc29sZS1zZXR1cCIsImNsaWVudEFkZHJlc3MiOiIxMC4yNDQuMC41OSJ9.Ntp18LXiL093-uBx8-GI7kGhZbcYt7EJlavwE-2QveY5B5hkjfK69eQkhqcURsZet6MiaSIleP2J3cWkxS5oFav581uO5BNmr1irBhvFBXAZw35uzSjRx2N-7x7Lw4bJAS5oLRK3XXM_HAT_Urzqtu2099RtN9_HoIrvpB9c7X6azyYwOdKqCMmUhUEWA67K_75IGkdguHd9Ssps5zBcJdNqsv1Nx0rv9C0e9Q_ovHZbPYjjad2wN3aDBjt2fPLA22s1McGlxMo_t5fxdOnYowiV7e5KN-QSg1AsRkFwdtmXKJedgG03c2WSFFe3i4pWVToH7vLwyofyQNF6-CzBgQ'
++ curl -s -X PUT -w '%{http_code}' -H accept:application/json -H Content-Type:application/json http://192.168.128.104:/data-consumer/v1/info-jobs/job-kp-influx-json-0 --data-binary @.job.json -H 'Authorization: Bearer eyJhbGciOiJSUzI1NiIsInR5cCIgOiAiSldUIiwia2lkIiA6ICJaQ09JYUtqaHBtbVlOTnBwNTlGelFLSkpISUJvZDVIOFNMY3NrOXBpb2ZzIn0.eyJleHAiOjE3NjkwMDEzMTEsImlhdCI6MTc2OTAwMTAxMSwianRpIjoiNDZkNmI2NjQtZjgyNy00ODFmLTk1NGQtZWZhNTEwY2I5YjRkIiwiaXNzIjoiaHR0cDovL2tleWNsb2FrLnJpZGVuZXh0LW5vbnJ0OjgwODAvcmVhbG1zL25vbnJ0cmljLXJlYWxtIiwiYXVkIjoiYWNjb3VudCIsInN1YiI6ImFmMjFmNjBkLTE3N2ItNGUxMC1hN2I1LWQxYTFkYWI1YjZlNyIsInR5cCI6IkJlYXJlciIsImF6cCI6ImNvbnNvbGUtc2V0dXAiLCJhY3IiOiIxIiwicmVhbG1fYWNjZXNzIjp7InJvbGVzIjpbImRlZmF1bHQtcm9sZXMtbm9ucnRyaWMtcmVhbG0iLCJvZmZsaW5lX2FjY2VzcyIsInVtYV9hdXRob3JpemF0aW9uIl19LCJyZXNvdXJjZV9hY2Nlc3MiOnsiYWNjb3VudCI6eyJyb2xlcyI6WyJtYW5hZ2UtYWNjb3VudCIsIm1hbmFnZS1hY2NvdW50LWxpbmtzIiwidmlldy1wcm9maWxlIl19fSwic2NvcGUiOiJlbWFpbCBwcm9maWxlIiwiY2xpZW50SG9zdCI6IjEwLjI0NC4wLjU5IiwiZW1haWxfdmVyaWZpZWQiOmZhbHNlLCJjbGllbnRJZCI6ImNvbnNvbGUtc2V0dXAiLCJwcmVmZXJyZWRfdXNlcm5hbWUiOiJzZXJ2aWNlLWFjY291bnQtY29uc29sZS1zZXR1cCIsImNsaWVudEFkZHJlc3MiOiIxMC4yNDQuMC41OSJ9.Ntp18LXiL093-uBx8-GI7kGhZbcYt7EJlavwE-2QveY5B5hkjfK69eQkhqcURsZet6MiaSIleP2J3cWkxS5oFav581uO5BNmr1irBhvFBXAZw35uzSjRx2N-7x7Lw4bJAS5oLRK3XXM_HAT_Urzqtu2099RtN9_HoIrvpB9c7X6azyYwOdKqCMmUhUEWA67K_75IGkdguHd9Ssps5zBcJdNqsv1Nx0rv9C0e9Q_ovHZbPYjjad2wN3aDBjt2fPLA22s1McGlxMo_t5fxdOnYowiV7e5KN-QSg1AsRkFwdtmXKJedgG03c2WSFFe3i4pWVToH7vLwyofyQNF6-CzBgQ'
+ STAT=000
+ retcode=7
+ echo 'curl return code: 7'
curl return code: 7
+ '[' 7 -eq 0 ']'
+ sleep 1
+ '[' 7 -ne 0 ']'
+ '[' -z eyJhbGciOiJSUzI1NiIsInR5cCIgOiAiSldUIiwia2lkIiA6ICJaQ09JYUtqaHBtbVlOTnBwNTlGelFLSkpISUJvZDVIOFNMY3NrOXBpb2ZzIn0.eyJleHAiOjE3NjkwMDEzMTEsImlhdCI6MTc2OTAwMTAxMSwianRpIjoiNDZkNmI2NjQtZjgyNy00ODFmLTk1NGQtZWZhNTEwY2I5YjRkIiwiaXNzIjoiaHR0cDovL2tleWNsb2FrLnJpZGVuZXh0LW5vbnJ0OjgwODAvcmVhbG1zL25vbnJ0cmljLXJlYWxtIiwiYXVkIjoiYWNjb3VudCIsInN1YiI6ImFmMjFmNjBkLTE3N2ItNGUxMC1hN2I1LWQxYTFkYWI1YjZlNyIsInR5cCI6IkJlYXJlciIsImF6cCI6ImNvbnNvbGUtc2V0dXAiLCJhY3IiOiIxIiwicmVhbG1fYWNjZXNzIjp7InJvbGVzIjpbImRlZmF1bHQtcm9sZXMtbm9ucnRyaWMtcmVhbG0iLCJvZmZsaW5lX2FjY2VzcyIsInVtYV9hdXRob3JpemF0aW9uIl19LCJyZXNvdXJjZV9hY2Nlc3MiOnsiYWNjb3VudCI6eyJyb2xlcyI6WyJtYW5hZ2UtYWNjb3VudCIsIm1hbmFnZS1hY2NvdW50LWxpbmtzIiwidmlldy1wcm9maWxlIl19fSwic2NvcGUiOiJlbWFpbCBwcm9maWxlIiwiY2xpZW50SG9zdCI6IjEwLjI0NC4wLjU5IiwiZW1haWxfdmVyaWZpZWQiOmZhbHNlLCJjbGllbnRJZCI6ImNvbnNvbGUtc2V0dXAiLCJwcmVmZXJyZWRfdXNlcm5hbWUiOiJzZXJ2aWNlLWFjY291bnQtY29uc29sZS1zZXR1cCIsImNsaWVudEFkZHJlc3MiOiIxMC4yNDQuMC41OSJ9.Ntp18LXiL093-uBx8-GI7kGhZbcYt7EJlavwE-2QveY5B5hkjfK69eQkhqcURsZet6MiaSIleP2J3cWkxS5oFav581uO5BNmr1irBhvFBXAZw35uzSjRx2N-7x7Lw4bJAS5oLRK3XXM_HAT_Urzqtu2099RtN9_HoIrvpB9c7X6azyYwOdKqCMmUhUEWA67K_75IGkdguHd9Ssps5zBcJdNqsv1Nx0rv9C0e9Q_ovHZbPYjjad2wN3aDBjt2fPLA22s1McGlxMo_t5fxdOnYowiV7e5KN-QSg1AsRkFwdtmXKJedgG03c2WSFFe3i4pWVToH7vLwyofyQNF6-CzBgQ ']'
+ __bearer='Authorization: Bearer eyJhbGciOiJSUzI1NiIsInR5cCIgOiAiSldUIiwia2lkIiA6ICJaQ09JYUtqaHBtbVlOTnBwNTlGelFLSkpISUJvZDVIOFNMY3NrOXBpb2ZzIn0.eyJleHAiOjE3NjkwMDEzMTEsImlhdCI6MTc2OTAwMTAxMSwianRpIjoiNDZkNmI2NjQtZjgyNy00ODFmLTk1NGQtZWZhNTEwY2I5YjRkIiwiaXNzIjoiaHR0cDovL2tleWNsb2FrLnJpZGVuZXh0LW5vbnJ0OjgwODAvcmVhbG1zL25vbnJ0cmljLXJlYWxtIiwiYXVkIjoiYWNjb3VudCIsInN1YiI6ImFmMjFmNjBkLTE3N2ItNGUxMC1hN2I1LWQxYTFkYWI1YjZlNyIsInR5cCI6IkJlYXJlciIsImF6cCI6ImNvbnNvbGUtc2V0dXAiLCJhY3IiOiIxIiwicmVhbG1fYWNjZXNzIjp7InJvbGVzIjpbImRlZmF1bHQtcm9sZXMtbm9ucnRyaWMtcmVhbG0iLCJvZmZsaW5lX2FjY2VzcyIsInVtYV9hdXRob3JpemF0aW9uIl19LCJyZXNvdXJjZV9hY2Nlc3MiOnsiYWNjb3VudCI6eyJyb2xlcyI6WyJtYW5hZ2UtYWNjb3VudCIsIm1hbmFnZS1hY2NvdW50LWxpbmtzIiwidmlldy1wcm9maWxlIl19fSwic2NvcGUiOiJlbWFpbCBwcm9maWxlIiwiY2xpZW50SG9zdCI6IjEwLjI0NC4wLjU5IiwiZW1haWxfdmVyaWZpZWQiOmZhbHNlLCJjbGllbnRJZCI6ImNvbnNvbGUtc2V0dXAiLCJwcmVmZXJyZWRfdXNlcm5hbWUiOiJzZXJ2aWNlLWFjY291bnQtY29uc29sZS1zZXR1cCIsImNsaWVudEFkZHJlc3MiOiIxMC4yNDQuMC41OSJ9.Ntp18LXiL093-uBx8-GI7kGhZbcYt7EJlavwE-2QveY5B5hkjfK69eQkhqcURsZet6MiaSIleP2J3cWkxS5oFav581uO5BNmr1irBhvFBXAZw35uzSjRx2N-7x7Lw4bJAS5oLRK3XXM_HAT_Urzqtu2099RtN9_HoIrvpB9c7X6azyYwOdKqCMmUhUEWA67K_75IGkdguHd9Ssps5zBcJdNqsv1Nx0rv9C0e9Q_ovHZbPYjjad2wN3aDBjt2fPLA22s1McGlxMo_t5fxdOnYowiV7e5KN-QSg1AsRkFwdtmXKJedgG03c2WSFFe3i4pWVToH7vLwyofyQNF6-CzBgQ'
++ curl -s -X PUT -w '%{http_code}' -H accept:application/json -H Content-Type:application/json http://192.168.128.104:/data-consumer/v1/info-jobs/job-kp-influx-json-0 --data-binary @.job.json -H 'Authorization: Bearer eyJhbGciOiJSUzI1NiIsInR5cCIgOiAiSldUIiwia2lkIiA6ICJaQ09JYUtqaHBtbVlOTnBwNTlGelFLSkpISUJvZDVIOFNMY3NrOXBpb2ZzIn0.eyJleHAiOjE3NjkwMDEzMTEsImlhdCI6MTc2OTAwMTAxMSwianRpIjoiNDZkNmI2NjQtZjgyNy00ODFmLTk1NGQtZWZhNTEwY2I5YjRkIiwiaXNzIjoiaHR0cDovL2tleWNsb2FrLnJpZGVuZXh0LW5vbnJ0OjgwODAvcmVhbG1zL25vbnJ0cmljLXJlYWxtIiwiYXVkIjoiYWNjb3VudCIsInN1YiI6ImFmMjFmNjBkLTE3N2ItNGUxMC1hN2I1LWQxYTFkYWI1YjZlNyIsInR5cCI6IkJlYXJlciIsImF6cCI6ImNvbnNvbGUtc2V0dXAiLCJhY3IiOiIxIiwicmVhbG1fYWNjZXNzIjp7InJvbGVzIjpbImRlZmF1bHQtcm9sZXMtbm9ucnRyaWMtcmVhbG0iLCJvZmZsaW5lX2FjY2VzcyIsInVtYV9hdXRob3JpemF0aW9uIl19LCJyZXNvdXJjZV9hY2Nlc3MiOnsiYWNjb3VudCI6eyJyb2xlcyI6WyJtYW5hZ2UtYWNjb3VudCIsIm1hbmFnZS1hY2NvdW50LWxpbmtzIiwidmlldy1wcm9maWxlIl19fSwic2NvcGUiOiJlbWFpbCBwcm9maWxlIiwiY2xpZW50SG9zdCI6IjEwLjI0NC4wLjU5IiwiZW1haWxfdmVyaWZpZWQiOmZhbHNlLCJjbGllbnRJZCI6ImNvbnNvbGUtc2V0dXAiLCJwcmVmZXJyZWRfdXNlcm5hbWUiOiJzZXJ2aWNlLWFjY291bnQtY29uc29sZS1zZXR1cCIsImNsaWVudEFkZHJlc3MiOiIxMC4yNDQuMC41OSJ9.Ntp18LXiL093-uBx8-GI7kGhZbcYt7EJlavwE-2QveY5B5hkjfK69eQkhqcURsZet6MiaSIleP2J3cWkxS5oFav581uO5BNmr1irBhvFBXAZw35uzSjRx2N-7x7Lw4bJAS5oLRK3XXM_HAT_Urzqtu2099RtN9_HoIrvpB9c7X6azyYwOdKqCMmUhUEWA67K_75IGkdguHd9Ssps5zBcJdNqsv1Nx0rv9C0e9Q_ovHZbPYjjad2wN3aDBjt2fPLA22s1McGlxMo_t5fxdOnYowiV7e5KN-QSg1AsRkFwdtmXKJedgG03c2WSFFe3i4pWVToH7vLwyofyQNF6-CzBgQ'
+ STAT=000
+ retcode=7
+ echo 'curl return code: 7'
curl return code: 7
+ '[' 7 -eq 0 ']'
+ sleep 1
