[0;32m=========================================================================[0m
[0;32mInstalling NonRTRIC Components for Energy Saving rApp Demo[0m
[0;32mLog file: /home/bluefox/Manish/performance/rn-smo_cleanup/install/demo/LOGS/install-nonrtric-only-Logs//install-nonrtric-only-20260121-201757.log[0m
[0;32m=========================================================================[0m

[1;33mChecking prerequisites...[0m
[0;32m✓ Found: kubectl[0m
[0;32m✓ Found: helm[0m
[0;32m✓ ridenext-nonrt namespace exists[0m
[0;32m✓ Kafka cluster found[0m
[0;32m✓ Helm repo found[0m
[0;32m✓ Helm override file found[0m
[0;32m✓ Custom override file found[0m

[0;32m=========================================================================[0m
[0;32mInstalling NonRTRIC Components[0m
[0;32m=========================================================================[0m
[1;33mUsing mount path: /dockerdata-nfs/deployment-1769006877[0m
[1;33mCreating mount path directory...[0m
[0;32m✓ Mount path created[0m
[1;33mInstalling with custom overrides to skip ONAP dependencies...[0m
[1;33mCleaning up potential conflicting A1 simulator deployments...[0m
[0;32m✓ NonRTRIC Helm chart installed successfully[0m

[1;33mWaiting for Kong deployment to be ready...[0m
[1;33m⚠ Kong deployment not found, skipping wait[0m

[0;32m=========================================================================[0m
[0;32mCurrent Pod Status in ridenext-nonrt namespace:[0m
[0;32m=========================================================================[0m
NAME                                        READY   STATUS              RESTARTS        AGE
a1-sim-osc-0-5fdfc46c6d-bbq2f               1/1     Terminating         0               113s
a1-sim-osc-0-5fdfc46c6d-fgnt5               0/1     ContainerCreating   0               0s
a1-sim-osc-1-5947fb4cc7-cdz4t               0/1     ContainerCreating   0               0s
a1-sim-osc-1-5947fb4cc7-n7bh7               1/1     Terminating         0               113s
a1-sim-std-0-77cc859957-vb86g               0/1     ContainerCreating   0               0s
a1-sim-std-0-77cc859957-xx696               1/1     Terminating         0               113s
a1-sim-std-1-6b9486789d-hsglk               1/1     Terminating         0               113s
a1-sim-std-1-6b9486789d-rgj8w               0/1     ContainerCreating   0               0s
a1-sim-std2-0-8455bf98bd-fqcb8              1/1     Terminating         0               113s
a1-sim-std2-0-8455bf98bd-qp77k              0/1     ContainerCreating   0               0s
a1-sim-std2-1-5d8598d5-6qmwq                0/1     ContainerCreating   0               0s
a1-sim-std2-1-5d8598d5-pr2pk                1/1     Terminating         0               113s
bundle-server-794d7bdbb8-kkrrt              1/1     Running             0               5m23s
capifcore-5545f98d7d-8k8fk                  1/1     Running             0               113s
controlpanel-7c7ffd858c-mj649               1/1     Running             0               3m56s
dfc-0                                       2/2     Running             0               17s
dmaapadapterservice-0                       1/1     Running             0               113s
influxdb2-0                                 1/1     Running             0               5m23s
informationservice-6bbc4b6bfb-lk989         1/1     Running             0               3m16s
kafka-1-entity-operator-78744b5644-jt2bw    2/2     Running             0               4m29s
kafka-1-kafka-0                             1/1     Running             0               4m53s
kafka-1-zookeeper-0                         1/1     Running             0               5m17s
kafka-1-zookeeper-1                         1/1     Running             0               5m17s
kafka-1-zookeeper-2                         1/1     Running             0               5m17s
kafka-client                                1/1     Running             0               6m29s
kafka-producer-pm-json2influx-0             1/1     Running             0               3m16s
kafka-producer-pm-json2kafka-0              1/1     Running             0               3m16s
kafka-producer-pm-xml2json-0                1/1     Running             0               3m16s
keycloak-6c99686646-sgsst                   1/1     Running             0               6m29s
keycloak-proxy-5b4dc664dc-h4f8l             1/1     Running             0               6m29s
message-router-7795886747-6rdhk             1/1     Running             0               5m23s
minio-0                                     1/1     Running             0               5m23s
minio-client                                1/1     Running             0               5m23s
nonrtricgateway-6df458644d-z5v9f            1/1     Running             0               4m19s
opa-ics-6767f8789d-8v44g                    1/1     Running             0               3m16s
opa-kafka-774d5c5598-259q5                  1/1     Running             0               5m23s
opa-minio-794df5c66c-rmlz2                  1/1     Running             0               5m23s
persistence-65984cccd6-np4l9                1/1     Running             0               6m29s
pm-producer-json2kafka-0                    1/1     Running             0               3m16s
pm-rapp                                     1/1     Running             0               30s
pmlog-0                                     2/2     Running             0               36s
policymanagementservice-0                   1/1     Running             0               113s
rappmanager-5d5cb6d695-dhmkp                1/1     Running             0               8m28s
redpanda-console-7c6b67699b-mbljt           1/1     Running             1 (4m51s ago)   5m23s
sdnc-web-ff84b5756-fz7hj                    0/1     ImagePullBackOff    0               5m23s
sdnr-b576b9966-d8c9h                        1/1     Running             0               5m23s
servicemanager-7b447686bf-ww4cp             1/1     Running             0               113s
strimzi-cluster-operator-7bb5468c59-znfpv   1/1     Running             0               5m58s
topology-5f4f5b9f7b-62k5c                   1/1     Running             0               113s
ves-collector-57d66dc7d4-bv4sd              1/1     Running             0               5m23s
zoo-entrance-744dbf8bf9-kntcj               1/1     Running             0               5m23s

[0;32m=========================================================================[0m
[0;32mInstallation Completed![0m
[0;32m=========================================================================[0m
[1;33mNext steps:[0m
1. Verify all pods are running: [0;32mkubectl get pods -n ridenext-nonrt[0m
2. Check for any pods in CrashLoopBackOff or Error state
3. Deploy your Energy Saving rApp

[1;33mLog file saved to: /home/bluefox/Manish/performance/rn-smo_cleanup/install/demo/LOGS/install-nonrtric-only-Logs//install-nonrtric-only-20260121-201757.log[0m
