[0;32m=========================================================================[0m
[0;32mInstalling NonRTRIC Components for Energy Saving rApp Demo[0m
[0;32mLog file: /home/bluefox/Manish/performance/rn-smo_cleanup/install/demo/LOGS/install-nonrtric-only-Logs//install-nonrtric-only-20260121-190232.log[0m
[0;32m=========================================================================[0m

[1;33mChecking prerequisites...[0m
[0;32m✓ Found: kubectl[0m
[0;32m✓ Found: helm[0m
[0;32m✓ ridenext-nonrt namespace exists[0m
[0;32m✓ Kafka cluster found[0m
[0;32m✓ Helm repo found[0m
[0;32m✓ Helm override file found[0m
[0;32m✓ Custom override file found[0m

[0;32m=========================================================================[0m
[0;32mInstalling NonRTRIC Components[0m
[0;32m=========================================================================[0m
[1;33mUsing mount path: /dockerdata-nfs/deployment-1769002352[0m
[1;33mCreating mount path directory...[0m
[0;32m✓ Mount path created[0m
[1;33mInstalling with custom overrides to skip ONAP dependencies...[0m
[1;33mCleaning up potential conflicting A1 simulator deployments...[0m
[0;31m✗ Helm upgrade failed.[0m
[1;33mCheck the log file for details: /home/bluefox/Manish/performance/rn-smo_cleanup/install/demo/LOGS/install-nonrtric-only-Logs//install-nonrtric-only-20260121-190232.log[0m
