[0;32m=========================================================================[0m
[0;32mInstalling NonRTRIC Components for Energy Saving rApp Demo[0m
[0;32mLog file: /home/bluefox/Manish/performance/rn-smo_cleanup/install/demo/LOGS/install-nonrtric-only-Logs//install-nonrtric-only-20260121-201559.log[0m
[0;32m=========================================================================[0m

[1;33mChecking prerequisites...[0m
[0;32m✓ Found: kubectl[0m
[0;32m✓ Found: helm[0m
[0;32m✓ ridenext-nonrt namespace exists[0m
[0;32m✓ Kafka cluster found[0m
[0;32m✓ Helm repo found[0m
[0;32m✓ Helm override file found[0m
[0;32m✓ Custom override file found[0m

[0;32m=========================================================================[0m
[0;32mInstalling NonRTRIC Components[0m
[0;32m=========================================================================[0m
[1;33mUsing mount path: /dockerdata-nfs/deployment-1769006759[0m
[1;33mCreating mount path directory...[0m
[0;32m✓ Mount path created[0m
[1;33mInstalling with custom overrides to skip ONAP dependencies...[0m
[1;33mCleaning up potential conflicting A1 simulator deployments...[0m
[0;32m✓ NonRTRIC Helm chart installed successfully[0m

[1;33mWaiting for Kong deployment to be ready...[0m
[1;33m⚠ Kong deployment not found, skipping wait[0m

[0;32m=========================================================================[0m
[0;32mCurrent Pod Status in ridenext-nonrt namespace:[0m
[0;32m=========================================================================[0m
NAME                                        READY   STATUS              RESTARTS        AGE
a1-sim-osc-0-5fdfc46c6d-bbq2f               0/1     ContainerCreating   0               0s
a1-sim-osc-1-5947fb4cc7-n7bh7               0/1     ContainerCreating   0               0s
a1-sim-std-0-77cc859957-xx696               0/1     ContainerCreating   0               0s
a1-sim-std-1-6b9486789d-hsglk               0/1     ContainerCreating   0               0s
a1-sim-std2-0-8455bf98bd-fqcb8              0/1     ContainerCreating   0               0s
a1-sim-std2-1-5d8598d5-pr2pk                0/1     ContainerCreating   0               0s
bundle-server-794d7bdbb8-kkrrt              1/1     Running             0               3m30s
capifcore-5545f98d7d-8k8fk                  0/1     ContainerCreating   0               0s
controlpanel-7c7ffd858c-mj649               1/1     Running             0               2m3s
dfc-0                                       2/2     Running             0               83s
dmaapadapterservice-0                       0/1     ContainerCreating   0               0s
influxdb2-0                                 1/1     Running             0               3m30s
informationservice-6bbc4b6bfb-lk989         1/1     Running             0               83s
kafka-1-entity-operator-78744b5644-jt2bw    2/2     Running             0               2m36s
kafka-1-kafka-0                             1/1     Running             0               3m
kafka-1-zookeeper-0                         1/1     Running             0               3m24s
kafka-1-zookeeper-1                         1/1     Running             0               3m24s
kafka-1-zookeeper-2                         1/1     Running             0               3m24s
kafka-client                                1/1     Running             0               4m36s
kafka-producer-pm-json2influx-0             1/1     Running             0               83s
kafka-producer-pm-json2kafka-0              1/1     Running             0               83s
kafka-producer-pm-xml2json-0                1/1     Running             0               83s
keycloak-6c99686646-sgsst                   1/1     Running             0               4m36s
keycloak-proxy-5b4dc664dc-h4f8l             1/1     Running             0               4m36s
message-router-7795886747-6rdhk             1/1     Running             0               3m30s
minio-0                                     1/1     Running             0               3m30s
minio-client                                1/1     Running             0               3m30s
nonrtricgateway-6df458644d-z5v9f            1/1     Running             0               2m26s
opa-ics-6767f8789d-8v44g                    1/1     Running             0               83s
opa-kafka-774d5c5598-259q5                  1/1     Running             0               3m30s
opa-minio-794df5c66c-rmlz2                  1/1     Running             0               3m30s
persistence-65984cccd6-np4l9                1/1     Running             0               4m36s
pm-producer-json2kafka-0                    1/1     Running             0               83s
policymanagementservice-0                   0/1     Pending             0               0s
rappmanager-5d5cb6d695-dhmkp                1/1     Running             0               6m35s
redpanda-console-7c6b67699b-mbljt           1/1     Running             1 (2m58s ago)   3m30s
sdnc-web-ff84b5756-fz7hj                    0/1     ErrImagePull        0               3m30s
sdnr-b576b9966-d8c9h                        1/1     Running             0               3m30s
servicemanager-7b447686bf-ww4cp             0/1     ContainerCreating   0               0s
strimzi-cluster-operator-7bb5468c59-znfpv   1/1     Running             0               4m5s
topology-5f4f5b9f7b-62k5c                   0/1     ContainerCreating   0               0s
ves-collector-57d66dc7d4-bv4sd              1/1     Running             0               3m30s
zoo-entrance-744dbf8bf9-kntcj               1/1     Running             0               3m30s

[0;32m=========================================================================[0m
[0;32mInstallation Completed![0m
[0;32m=========================================================================[0m
[1;33mNext steps:[0m
1. Verify all pods are running: [0;32mkubectl get pods -n ridenext-nonrt[0m
2. Check for any pods in CrashLoopBackOff or Error state
3. Deploy your Energy Saving rApp

[1;33mLog file saved to: /home/bluefox/Manish/performance/rn-smo_cleanup/install/demo/LOGS/install-nonrtric-only-Logs//install-nonrtric-only-20260121-201559.log[0m
