[0;32m=========================================================================[0m
[0;32mInstalling NonRTRIC Components for Energy Saving rApp Demo[0m
[0;32mLog file: /home/bluefox/Manish/performance/rn-smo_cleanup/install/demo/LOGS/install-nonrtric-only-Logs//install-nonrtric-only-20260107-171804.log[0m
[0;32m=========================================================================[0m

[1;33mChecking prerequisites...[0m
[0;32m✓ Found: kubectl[0m
[0;32m✓ Found: helm[0m
[0;32m✓ ridenext-nonrt namespace exists[0m
[0;32m✓ Kafka cluster found[0m
[0;32m✓ Helm repo found[0m
[0;32m✓ Helm override file found[0m
[0;32m✓ Custom override file found[0m

[0;32m=========================================================================[0m
[0;32mInstalling NonRTRIC Components[0m
[0;32m=========================================================================[0m
[1;33mUsing mount path: /dockerdata-nfs/deployment-1767786484[0m
[1;33mCreating mount path directory...[0m
[0;32m✓ Mount path created[0m
[1;33mInstalling with custom overrides to skip ONAP dependencies...[0m
[1;33mCleaning up potential conflicting A1 simulator deployments...[0m
[0;32m✓ NonRTRIC Helm chart installed successfully[0m

[1;33mWaiting for Kong deployment to be ready...[0m
[1;33m⚠ Kong deployment not found, skipping wait[0m

[0;32m=========================================================================[0m
[0;32mCurrent Pod Status in ridenext-nonrt namespace:[0m
[0;32m=========================================================================[0m
NAME                                        READY   STATUS              RESTARTS        AGE
a1-sim-osc-0-5fdfc46c6d-2n5x4               0/1     ContainerCreating   0               0s
a1-sim-osc-1-5947fb4cc7-d6mgq               0/1     ContainerCreating   0               0s
a1-sim-std-0-77cc859957-fvgzr               0/1     ContainerCreating   0               0s
a1-sim-std-1-6b9486789d-jtx7t               0/1     ContainerCreating   0               0s
a1-sim-std2-0-8455bf98bd-qbg6v              0/1     ContainerCreating   0               0s
a1-sim-std2-1-5d8598d5-r66cg                0/1     ContainerCreating   0               0s
bundle-server-794d7bdbb8-w6m9x              1/1     Running             0               6m22s
capifcore-5545f98d7d-bpzzh                  0/1     ContainerCreating   0               0s
controlpanel-7c7ffd858c-ghgfh               1/1     Running             0               4m42s
dfc-0                                       2/2     Running             0               4m11s
dmaapadapterservice-0                       0/1     ContainerCreating   0               0s
influxdb2-0                                 1/1     Running             0               6m22s
informationservice-6bbc4b6bfb-gplz5         1/1     Running             0               4m11s
kafka-1-entity-operator-78744b5644-lq264    2/2     Running             0               5m27s
kafka-1-kafka-0                             1/1     Running             0               5m51s
kafka-1-zookeeper-0                         1/1     Running             0               6m14s
kafka-1-zookeeper-1                         1/1     Running             0               6m14s
kafka-1-zookeeper-2                         1/1     Running             0               6m14s
kafka-client                                1/1     Running             0               7m31s
kafka-producer-pm-json2influx-0             1/1     Running             0               4m11s
kafka-producer-pm-json2kafka-0              1/1     Running             0               4m11s
kafka-producer-pm-xml2json-0                1/1     Running             0               4m11s
keycloak-6c99686646-dds9l                   1/1     Running             0               7m31s
keycloak-proxy-5b4dc664dc-lhlvg             1/1     Running             0               7m31s
message-router-7795886747-ksgbw             1/1     Running             1 (5m51s ago)   6m22s
minio-0                                     1/1     Running             0               6m22s
minio-client                                1/1     Running             0               6m22s
nonrtricgateway-6df458644d-lx774            1/1     Running             0               5m15s
opa-ics-6767f8789d-4wjfc                    1/1     Running             0               4m11s
opa-kafka-774d5c5598-hr7w5                  1/1     Running             0               6m22s
opa-minio-794df5c66c-h4sdr                  1/1     Running             0               6m22s
persistence-65984cccd6-mddv7                1/1     Running             0               7m31s
pm-producer-json2kafka-0                    1/1     Running             0               4m11s
pm-rapp                                     1/1     Running             0               3m54s
pmlog-0                                     2/2     Running             0               4m1s
policymanagementservice-0                   0/1     Pending             0               0s
rappmanager-5d5cb6d695-w5h67                1/1     Running             0               3m44s
redpanda-console-7c6b67699b-rzjgd           1/1     Running             1 (5m50s ago)   6m22s
sdnc-web-ff84b5756-cdfz7                    0/1     CrashLoopBackOff    6 (7s ago)      6m22s
sdnr-b576b9966-vq49w                        1/1     Running             0               6m22s
servicemanager-7b447686bf-p762k             0/1     ContainerCreating   0               0s
strimzi-cluster-operator-7bb5468c59-sjrhh   1/1     Running             0               6m58s
topology-5f4f5b9f7b-hqqp8                   0/1     ContainerCreating   0               0s
ves-collector-57d66dc7d4-xc6gl              1/1     Running             0               6m22s
zoo-entrance-744dbf8bf9-4ttqw               1/1     Running             0               6m22s

[0;32m=========================================================================[0m
[0;32mInstallation Completed![0m
[0;32m=========================================================================[0m
[1;33mNext steps:[0m
1. Verify all pods are running: [0;32mkubectl get pods -n ridenext-nonrt[0m
2. Check for any pods in CrashLoopBackOff or Error state
3. Deploy your Energy Saving rApp

[1;33mLog file saved to: /home/bluefox/Manish/performance/rn-smo_cleanup/install/demo/LOGS/install-nonrtric-only-Logs//install-nonrtric-only-20260107-171804.log[0m
