=========================================================================
Deploying Energy Saving rApp Demo
Log file: /home/bluefox/Manish/performance/rn-smo_cleanup/install/demo/scripts/../LOGS/deploy-rapp-demo-Logs//deploy-rapp-demo-20260121-201843.log
=========================================================================
✓ ridenext-nonrt namespace exists
✓ Kafka cluster found
✓ Policy Management Service found

Deploying Energy Saving rApp & Visualization...

1. Deploying Simple Energy rApp...
Building simple-energy-rapp...
#0 building with "default" instance using docker driver

#1 [internal] load build definition from Dockerfile
#1 transferring dockerfile: 301B 0.0s done
#1 DONE 0.1s

#2 [internal] load metadata for docker.io/library/python:3.10-slim
#2 ...

#3 [auth] library/python:pull token for registry-1.docker.io
#3 DONE 0.0s

#2 [internal] load metadata for docker.io/library/python:3.10-slim
#2 DONE 3.6s

#4 [internal] load .dockerignore
#4 transferring context: 2B done
#4 DONE 0.0s

#5 [internal] load build context
#5 transferring context: 11.87kB 0.0s done
#5 DONE 0.0s

#6 [1/4] FROM docker.io/library/python:3.10-slim@sha256:f5d029fe39146b08200bcc73595795ac19b85997ad0e5001a02c7c32e8769efa
#6 resolve docker.io/library/python:3.10-slim@sha256:f5d029fe39146b08200bcc73595795ac19b85997ad0e5001a02c7c32e8769efa done
#6 sha256:47c2bec0e44b3b2027e506565ff9c3bc72c5e64b6cbd5ddac2f87719a231d520 0B / 1.29MB 0.1s
#6 sha256:af233a02f79eb28ab99bae1f68864ff1dcaf24943f0fe8e583cf729501d7bc11 0B / 13.82MB 0.1s
#6 sha256:ed8cfd59ed51ea2c5ac1a03c1bfd7ec2ab1c676796e90690596cb4c254c88bb0 0B / 249B 0.1s
#6 sha256:f5d029fe39146b08200bcc73595795ac19b85997ad0e5001a02c7c32e8769efa 10.37kB / 10.37kB done
#6 sha256:2b2a7e9a66c710bbf4f86843dd75e7028119e711eb9bde1746451ab970606f08 1.75kB / 1.75kB done
#6 sha256:0fb4f4cf454ff14e88b33025a3aa7ea6bbd6934a9803a8390e75ccd93da39f38 5.48kB / 5.48kB done
#6 sha256:af233a02f79eb28ab99bae1f68864ff1dcaf24943f0fe8e583cf729501d7bc11 1.05MB / 13.82MB 0.7s
#6 sha256:af233a02f79eb28ab99bae1f68864ff1dcaf24943f0fe8e583cf729501d7bc11 5.24MB / 13.82MB 0.9s
#6 sha256:af233a02f79eb28ab99bae1f68864ff1dcaf24943f0fe8e583cf729501d7bc11 9.44MB / 13.82MB 1.1s
#6 sha256:47c2bec0e44b3b2027e506565ff9c3bc72c5e64b6cbd5ddac2f87719a231d520 1.29MB / 1.29MB 1.2s done
#6 sha256:af233a02f79eb28ab99bae1f68864ff1dcaf24943f0fe8e583cf729501d7bc11 11.53MB / 13.82MB 1.2s
#6 extracting sha256:47c2bec0e44b3b2027e506565ff9c3bc72c5e64b6cbd5ddac2f87719a231d520 0.1s
#6 sha256:af233a02f79eb28ab99bae1f68864ff1dcaf24943f0fe8e583cf729501d7bc11 13.82MB / 13.82MB 1.3s done
#6 sha256:ed8cfd59ed51ea2c5ac1a03c1bfd7ec2ab1c676796e90690596cb4c254c88bb0 249B / 249B 1.3s done
#6 extracting sha256:47c2bec0e44b3b2027e506565ff9c3bc72c5e64b6cbd5ddac2f87719a231d520 0.1s done
#6 extracting sha256:af233a02f79eb28ab99bae1f68864ff1dcaf24943f0fe8e583cf729501d7bc11 0.1s
#6 extracting sha256:af233a02f79eb28ab99bae1f68864ff1dcaf24943f0fe8e583cf729501d7bc11 1.0s done
#6 extracting sha256:ed8cfd59ed51ea2c5ac1a03c1bfd7ec2ab1c676796e90690596cb4c254c88bb0 done
#6 DONE 2.5s

#7 [2/4] WORKDIR /app
#7 DONE 0.2s

#8 [3/4] RUN pip install --no-cache-dir     kafka-python==2.0.2     requests==2.31.0
#8 2.445 Collecting kafka-python==2.0.2
#8 2.618   Downloading kafka_python-2.0.2-py2.py3-none-any.whl (246 kB)
#8 2.978      ━━━━━━━━━━━━━━━━━━━━━━━━━━━━━━━━━━━━━ 246.5/246.5 kB 726.4 kB/s eta 0:00:00
#8 3.115 Collecting requests==2.31.0
#8 3.145   Downloading requests-2.31.0-py3-none-any.whl (62 kB)
#8 3.295      ━━━━━━━━━━━━━━━━━━━━━━━━━━━━━━━━━━━━━━━ 62.6/62.6 kB 469.2 kB/s eta 0:00:00
#8 3.409 Collecting certifi>=2017.4.17
#8 3.440   Downloading certifi-2026.1.4-py3-none-any.whl (152 kB)
#8 4.123      ━━━━━━━━━━━━━━━━━━━━━━━━━━━━━━━━━━━━━ 152.9/152.9 kB 233.6 kB/s eta 0:00:00
#8 4.358 Collecting urllib3<3,>=1.21.1
#8 4.391   Downloading urllib3-2.6.3-py3-none-any.whl (131 kB)
#8 4.695      ━━━━━━━━━━━━━━━━━━━━━━━━━━━━━━━━━━━━━ 131.6/131.6 kB 487.5 kB/s eta 0:00:00
#8 4.772 Collecting idna<4,>=2.5
#8 4.803   Downloading idna-3.11-py3-none-any.whl (71 kB)
#8 4.913      ━━━━━━━━━━━━━━━━━━━━━━━━━━━━━━━━━━━━━━━ 71.0/71.0 kB 689.3 kB/s eta 0:00:00
#8 5.598 Collecting charset-normalizer<4,>=2
#8 5.632   Downloading charset_normalizer-3.4.4-cp310-cp310-manylinux2014_x86_64.manylinux_2_17_x86_64.manylinux_2_28_x86_64.whl (153 kB)
#8 5.821      ━━━━━━━━━━━━━━━━━━━━━━━━━━━━━━━━━━━━━ 153.6/153.6 kB 847.9 kB/s eta 0:00:00
#8 5.982 Installing collected packages: kafka-python, urllib3, idna, charset-normalizer, certifi, requests
#8 6.534 Successfully installed certifi-2026.1.4 charset-normalizer-3.4.4 idna-3.11 kafka-python-2.0.2 requests-2.31.0 urllib3-2.6.3
#8 6.535 WARNING: Running pip as the 'root' user can result in broken permissions and conflicting behaviour with the system package manager. It is recommended to use a virtual environment instead: https://pip.pypa.io/warnings/venv
#8 6.861 
#8 6.861 [notice] A new release of pip is available: 23.0.1 -> 25.3
#8 6.861 [notice] To update, run: pip install --upgrade pip
#8 DONE 7.1s

#9 [4/4] COPY energy_saving_rapp.py /app/
#9 DONE 0.0s

#10 exporting to image
#10 exporting layers
#10 exporting layers 0.2s done
#10 writing image sha256:e8c8cc76f5f9b6e00680eb0d7e396a24dbeb02d40d0673550d651124e4e667a0 done
#10 naming to localhost:5000/simple-energy-rapp:latest done
#10 DONE 0.3s
Pushing simple-energy-rapp...
The push refers to repository [localhost:5000/simple-energy-rapp]
4e5a4a425920: Preparing
3381f585ba7c: Preparing
5cf1f395a6a4: Preparing
d8fe6d8e990b: Preparing
278a5c9353c3: Preparing
41a08778b9fd: Preparing
e50a58335e13: Preparing
41a08778b9fd: Waiting
e50a58335e13: Waiting
4e5a4a425920: Pushed
5cf1f395a6a4: Pushed
d8fe6d8e990b: Pushed
41a08778b9fd: Pushed
3381f585ba7c: Pushed
278a5c9353c3: Pushed
e50a58335e13: Pushed
latest: digest: sha256:4197847a8425c17b3524c829624cfe2bc2af4284f16b9973fdeca62e1f931e51 size: 1785
✓ Simple Energy rApp deployed

1.5. Deploying PM Data Producer...
Building pm-data-producer...
#0 building with "default" instance using docker driver

#1 [internal] load build definition from Dockerfile.producer
#1 transferring dockerfile: 278B done
#1 DONE 0.0s

#2 [internal] load metadata for docker.io/library/python:3.10-slim
#2 DONE 0.4s

#3 [internal] load .dockerignore
#3 transferring context: 2B done
#3 DONE 0.0s

#4 [1/4] FROM docker.io/library/python:3.10-slim@sha256:f5d029fe39146b08200bcc73595795ac19b85997ad0e5001a02c7c32e8769efa
#4 DONE 0.0s

#5 [2/4] WORKDIR /app
#5 CACHED

#6 [internal] load build context
#6 transferring context: 6.40kB done
#6 DONE 0.0s

#7 [3/4] RUN pip install --no-cache-dir kafka-python==2.0.2
#7 2.713 Collecting kafka-python==2.0.2
#7 2.878   Downloading kafka_python-2.0.2-py2.py3-none-any.whl (246 kB)
#7 2.951      ━━━━━━━━━━━━━━━━━━━━━━━━━━━━━━━━━━━━━━━ 246.5/246.5 kB 3.6 MB/s eta 0:00:00
#7 3.129 Installing collected packages: kafka-python
#7 3.494 Successfully installed kafka-python-2.0.2
#7 3.494 WARNING: Running pip as the 'root' user can result in broken permissions and conflicting behaviour with the system package manager. It is recommended to use a virtual environment instead: https://pip.pypa.io/warnings/venv
#7 3.745 
#7 3.745 [notice] A new release of pip is available: 23.0.1 -> 25.3
#7 3.745 [notice] To update, run: pip install --upgrade pip
#7 DONE 4.4s

#8 [4/4] COPY pm_data_producer.py /app/
#8 DONE 0.0s

#9 exporting to image
#9 exporting layers
#9 exporting layers 0.2s done
#9 writing image sha256:da79fbb93b96e85be77b0322aeb59e56c8726d3e9ba875850008e28ef825b4de done
#9 naming to localhost:5000/pm-data-producer:latest done
#9 DONE 0.2s
Pushing pm-data-producer...
The push refers to repository [localhost:5000/pm-data-producer]
10b2d6d4708a: Preparing
97c1b4ff1291: Preparing
5cf1f395a6a4: Preparing
d8fe6d8e990b: Preparing
278a5c9353c3: Preparing
41a08778b9fd: Preparing
e50a58335e13: Preparing
e50a58335e13: Waiting
41a08778b9fd: Waiting
278a5c9353c3: Mounted from simple-energy-rapp
5cf1f395a6a4: Mounted from simple-energy-rapp
d8fe6d8e990b: Mounted from simple-energy-rapp
10b2d6d4708a: Pushed
41a08778b9fd: Mounted from simple-energy-rapp
e50a58335e13: Mounted from simple-energy-rapp
97c1b4ff1291: Pushed
latest: digest: sha256:13e820df4a3f4bbd0fab06847d94f939458d7872be7c52b954ce8c686331da54 size: 1785
✓ PM Data Producer deployed

2. Deploying Visualization Backend...
Building visualization-backend...
#0 building with "default" instance using docker driver

#1 [internal] load build definition from Dockerfile
#1 transferring dockerfile: 229B 0.0s done
#1 DONE 0.0s

#2 [internal] load metadata for docker.io/library/python:3.10-slim
#2 DONE 0.3s

#3 [internal] load .dockerignore
#3 transferring context: 2B 0.0s done
#3 DONE 0.0s

#4 [1/5] FROM docker.io/library/python:3.10-slim@sha256:f5d029fe39146b08200bcc73595795ac19b85997ad0e5001a02c7c32e8769efa
#4 DONE 0.0s

#5 [2/5] WORKDIR /app
#5 CACHED

#6 [internal] load build context
#6 transferring context: 297B 0.0s done
#6 DONE 0.0s

#7 [3/5] COPY requirements.txt .
#7 DONE 0.0s

#8 [4/5] RUN pip install --no-cache-dir -r requirements.txt
#8 3.359 Collecting fastapi==0.109.0
#8 3.523   Downloading fastapi-0.109.0-py3-none-any.whl (92 kB)
#8 3.559      ━━━━━━━━━━━━━━━━━━━━━━━━━━━━━━━━━━━━━━━━ 92.0/92.0 kB 2.9 MB/s eta 0:00:00
#8 3.692 Collecting uvicorn==0.27.0
#8 3.720   Downloading uvicorn-0.27.0-py3-none-any.whl (60 kB)
#8 3.727      ━━━━━━━━━━━━━━━━━━━━━━━━━━━━━━━━━━━━━━━━ 60.6/60.6 kB 67.5 MB/s eta 0:00:00
#8 3.809 Collecting kafka-python==2.0.2
#8 3.838   Downloading kafka_python-2.0.2-py2.py3-none-any.whl (246 kB)
#8 3.871      ━━━━━━━━━━━━━━━━━━━━━━━━━━━━━━━━━━━━━━━ 246.5/246.5 kB 8.8 MB/s eta 0:00:00
#8 4.377 Collecting websockets==12.0
#8 4.405   Downloading websockets-12.0-cp310-cp310-manylinux_2_5_x86_64.manylinux1_x86_64.manylinux_2_17_x86_64.manylinux2014_x86_64.whl (130 kB)
#8 4.414      ━━━━━━━━━━━━━━━━━━━━━━━━━━━━━━━━━━━━━━ 130.2/130.2 kB 52.0 MB/s eta 0:00:00
#8 4.518 Collecting httpx==0.27.0
#8 4.546   Downloading httpx-0.27.0-py3-none-any.whl (75 kB)
#8 4.553      ━━━━━━━━━━━━━━━━━━━━━━━━━━━━━━━━━━━━━━━━ 75.6/75.6 kB 63.2 MB/s eta 0:00:00
#8 4.722 Collecting starlette<0.36.0,>=0.35.0
#8 4.750   Downloading starlette-0.35.1-py3-none-any.whl (71 kB)
#8 4.756      ━━━━━━━━━━━━━━━━━━━━━━━━━━━━━━━━━━━━━━━━ 71.1/71.1 kB 69.5 MB/s eta 0:00:00
#8 4.848 Collecting typing-extensions>=4.8.0
#8 4.875   Downloading typing_extensions-4.15.0-py3-none-any.whl (44 kB)
#8 4.881      ━━━━━━━━━━━━━━━━━━━━━━━━━━━━━━━━━━━━━━━━ 44.6/44.6 kB 54.4 MB/s eta 0:00:00
#8 5.622 Collecting pydantic!=1.8,!=1.8.1,!=2.0.0,!=2.0.1,!=2.1.0,<3.0.0,>=1.7.4
#8 5.650   Downloading pydantic-2.12.5-py3-none-any.whl (463 kB)
#8 5.682      ━━━━━━━━━━━━━━━━━━━━━━━━━━━━━━━━━━━━━━ 463.6/463.6 kB 17.7 MB/s eta 0:00:00
#8 5.766 Collecting h11>=0.8
#8 5.793   Downloading h11-0.16.0-py3-none-any.whl (37 kB)
#8 5.926 Collecting click>=7.0
#8 5.953   Downloading click-8.3.1-py3-none-any.whl (108 kB)
#8 5.961      ━━━━━━━━━━━━━━━━━━━━━━━━━━━━━━━━━━━━━━ 108.3/108.3 kB 73.1 MB/s eta 0:00:00
#8 6.056 Collecting idna
#8 6.083   Downloading idna-3.11-py3-none-any.whl (71 kB)
#8 6.089      ━━━━━━━━━━━━━━━━━━━━━━━━━━━━━━━━━━━━━━━━ 71.0/71.0 kB 64.7 MB/s eta 0:00:00
#8 6.146 Collecting sniffio
#8 6.173   Downloading sniffio-1.3.1-py3-none-any.whl (10 kB)
#8 6.275 Collecting anyio
#8 6.303   Downloading anyio-4.12.1-py3-none-any.whl (113 kB)
#8 6.310      ━━━━━━━━━━━━━━━━━━━━━━━━━━━━━━━━━━━━━━ 113.6/113.6 kB 71.9 MB/s eta 0:00:00
#8 6.423 Collecting certifi
#8 6.454   Downloading certifi-2026.1.4-py3-none-any.whl (152 kB)
#8 6.462      ━━━━━━━━━━━━━━━━━━━━━━━━━━━━━━━━━━━━━━ 152.9/152.9 kB 81.9 MB/s eta 0:00:00
#8 6.556 Collecting httpcore==1.*
#8 6.585   Downloading httpcore-1.0.9-py3-none-any.whl (78 kB)
#8 6.591      ━━━━━━━━━━━━━━━━━━━━━━━━━━━━━━━━━━━━━━━━ 78.8/78.8 kB 63.8 MB/s eta 0:00:00
#8 11.08 Collecting pydantic-core==2.41.5
#8 11.11   Downloading pydantic_core-2.41.5-cp310-cp310-manylinux_2_17_x86_64.manylinux2014_x86_64.whl (2.1 MB)
#8 11.19      ━━━━━━━━━━━━━━━━━━━━━━━━━━━━━━━━━━━━━━━━ 2.1/2.1 MB 25.1 MB/s eta 0:00:00
#8 11.26 Collecting typing-inspection>=0.4.2
#8 11.29   Downloading typing_inspection-0.4.2-py3-none-any.whl (14 kB)
#8 11.35 Collecting annotated-types>=0.6.0
#8 11.38   Downloading annotated_types-0.7.0-py3-none-any.whl (13 kB)
#8 11.51 Collecting exceptiongroup>=1.0.2
#8 11.53   Downloading exceptiongroup-1.3.1-py3-none-any.whl (16 kB)
#8 11.93 Installing collected packages: kafka-python, websockets, typing-extensions, sniffio, idna, h11, click, certifi, annotated-types, uvicorn, typing-inspection, pydantic-core, httpcore, exceptiongroup, pydantic, anyio, starlette, httpx, fastapi
#8 13.48 Successfully installed annotated-types-0.7.0 anyio-4.12.1 certifi-2026.1.4 click-8.3.1 exceptiongroup-1.3.1 fastapi-0.109.0 h11-0.16.0 httpcore-1.0.9 httpx-0.27.0 idna-3.11 kafka-python-2.0.2 pydantic-2.12.5 pydantic-core-2.41.5 sniffio-1.3.1 starlette-0.35.1 typing-extensions-4.15.0 typing-inspection-0.4.2 uvicorn-0.27.0 websockets-12.0
#8 13.48 WARNING: Running pip as the 'root' user can result in broken permissions and conflicting behaviour with the system package manager. It is recommended to use a virtual environment instead: https://pip.pypa.io/warnings/venv
#8 13.74 
#8 13.74 [notice] A new release of pip is available: 23.0.1 -> 25.3
#8 13.74 [notice] To update, run: pip install --upgrade pip
#8 DONE 14.1s

#9 [5/5] COPY . .
#9 DONE 0.1s

#10 exporting to image
#10 exporting layers
#10 exporting layers 0.5s done
#10 writing image sha256:448373603aeeba445394d75b5db7c7cb971cad1262a8c0d3e7f0ea8e6957d628 done
#10 naming to localhost:5000/visualization-backend:latest done
#10 DONE 0.5s
Pushing visualization-backend...
The push refers to repository [localhost:5000/visualization-backend]
8ccf72fc6882: Preparing
0815495bdc51: Preparing
29d1fa2028c6: Preparing
5cf1f395a6a4: Preparing
d8fe6d8e990b: Preparing
278a5c9353c3: Preparing
41a08778b9fd: Preparing
e50a58335e13: Preparing
278a5c9353c3: Waiting
41a08778b9fd: Waiting
e50a58335e13: Waiting
5cf1f395a6a4: Mounted from pm-data-producer
d8fe6d8e990b: Mounted from pm-data-producer
29d1fa2028c6: Pushed
278a5c9353c3: Mounted from pm-data-producer
41a08778b9fd: Mounted from pm-data-producer
8ccf72fc6882: Pushed
e50a58335e13: Mounted from pm-data-producer
0815495bdc51: Pushed
latest: digest: sha256:e002fd13272ca9b605107642f293fc4cdae8c838eab1321d20dc6dbbbdaa23e2 size: 1992
✓ Visualization Backend deployed

3. Deploying Visualization Frontend...
Building visualization-frontend...
#0 building with "default" instance using docker driver

#1 [internal] load build definition from Dockerfile
#1 transferring dockerfile: 311B 0.0s done
#1 DONE 0.0s

#2 [internal] load metadata for docker.io/library/nginx:alpine
#2 DONE 0.0s

#3 [internal] load metadata for docker.io/library/node:18-alpine
#3 ...

#4 [auth] library/node:pull token for registry-1.docker.io
#4 DONE 0.0s

#3 [internal] load metadata for docker.io/library/node:18-alpine
#3 DONE 2.2s

#5 [internal] load .dockerignore
#5 transferring context: 2B done
#5 DONE 0.0s

#6 [build 1/6] FROM docker.io/library/node:18-alpine@sha256:8d6421d663b4c28fd3ebc498332f249011d118945588d0a35cb9bc4b8ca09d9e
#6 DONE 0.0s

#7 [stage-1 1/3] FROM docker.io/library/nginx:alpine
#7 DONE 0.0s

#8 [internal] load build context
#8 transferring context: 963.96kB 0.7s done
#8 DONE 0.8s

#9 [build 3/6] COPY package*.json ./
#9 CACHED

#10 [build 6/6] RUN npm run build
#10 CACHED

#11 [stage-1 2/3] COPY --from=build /app/dist /usr/share/nginx/html
#11 CACHED

#12 [build 4/6] RUN npm install
#12 CACHED

#13 [build 2/6] WORKDIR /app
#13 CACHED

#14 [build 5/6] COPY . .
#14 CACHED

#15 [stage-1 3/3] COPY nginx.conf /etc/nginx/conf.d/default.conf
#15 CACHED

#16 exporting to image
#16 exporting layers done
#16 writing image sha256:f4492a6c1a88bca19b15d4a8fbe728a04755ff2438772302aca23b5b138017a9 done
#16 naming to localhost:5000/visualization-frontend:latest done
#16 DONE 0.0s
Pushing visualization-frontend...
The push refers to repository [localhost:5000/visualization-frontend]
4fa9171a3031: Preparing
427d1d184273: Preparing
25906c27b84d: Preparing
99ea4bde418d: Preparing
3297b9628ff3: Preparing
b74d92be8225: Preparing
2c79d5d895bb: Preparing
2660a7d4b906: Preparing
50b58ca2a3f5: Preparing
256f393e029f: Preparing
b74d92be8225: Waiting
2c79d5d895bb: Waiting
2660a7d4b906: Waiting
50b58ca2a3f5: Waiting
256f393e029f: Waiting
99ea4bde418d: Pushed
3297b9628ff3: Pushed
4fa9171a3031: Pushed
b74d92be8225: Pushed
427d1d184273: Pushed
2c79d5d895bb: Pushed
2660a7d4b906: Pushed
50b58ca2a3f5: Pushed
256f393e029f: Pushed
25906c27b84d: Pushed
latest: digest: sha256:8862472735a84d7c4e71b726e50b0d600ea92eb7205a8eb0f3edf65b6797e32f size: 2406
✓ Visualization Frontend deployed

Waiting for pods to be ready...

=========================================================================
Energy Saving rApp Demo Deployment Completed Successfully!
=========================================================================
Deployed components:
  ✓ Simple Energy rApp
  ✓ Visualization Backend
  ✓ Visualization Frontend

Next steps to run the demo:
1. Open 4 terminals.
2. In Terminal 1 (Backend Tunnel):
   kubectl port-forward svc/visualization-backend 8000:8000 -n ridenext-nonrt
3. In Terminal 2 (Frontend Tunnel):
   kubectl port-forward svc/visualization-frontend 5173:80 -n ridenext-nonrt
4. In Terminal 3 (A1PMS Tunnel):
   kubectl port-forward svc/policymanagementservice 31850:8081 -n ridenext-nonrt
5. In Terminal 4 (Policy Creation):
   cd /home/bluefox/Manish/performance/rn-smo_cleanup/install/demo/scripts
   ./create-energy-policies.sh

6. Access the UI at http://localhost:5173

Log file: /home/bluefox/Manish/performance/rn-smo_cleanup/install/demo/scripts/../LOGS/deploy-rapp-demo-Logs//deploy-rapp-demo-20260121-201843.log
