[0;34mâ•”â•â•â•â•â•â•â•â•â•â•â•â•â•â•â•â•â•â•â•â•â•â•â•â•â•â•â•â•â•â•â•â•â•â•â•â•â•â•â•â•â•â•â•â•â•â•â•â•â•â•â•â•â•â•â•â•â•â•â•â•â•â•â•â•â•â•â•â•â•—[0m
[0;34mâ•‘                                                                    â•‘[0m
[0;34mâ•‘        Energy Saving rApp Demo - Complete Installation            â•‘[0m
[0;34mâ•‘                                                                    â•‘[0m
[0;34mâ•šâ•â•â•â•â•â•â•â•â•â•â•â•â•â•â•â•â•â•â•â•â•â•â•â•â•â•â•â•â•â•â•â•â•â•â•â•â•â•â•â•â•â•â•â•â•â•â•â•â•â•â•â•â•â•â•â•â•â•â•â•â•â•â•â•â•â•â•â•â•[0m

[1;33mLog file: /home/bluefox/Manish/performance/rn-smo_cleanup/install/demo/LOGS/install-demo-Logs//install-demo-20260203-164649.log[0m


[0;34m=========================================================================[0m
[0;34mChecking Prerequisites[0m
[0;34m=========================================================================[0m
[0;32mâœ“ Found: kubectl[0m
[0;32mâœ“ Found: helm[0m
[0;32mâœ“ Found: docker[0m
[0;32mâœ“ Found: jq[0m
[0;32mâœ“ Found: envsubst[0m
[0;32mâœ“ Kubernetes cluster accessible[0m

[0;34m=========================================================================[0m
[0;34mChecking and Installing Istio[0m
[0;34m=========================================================================[0m
[1;33mIstio not found. Installing Istio...[0m
[1;33mInstalling Istio with demo profile...[0m
[0;32mâœ“ Istio installed successfully[0m

[0;34m=========================================================================[0m
[0;34mInstalling NFS Provisioner[0m
[0;34m=========================================================================[0m
[0;32mâœ“ NFS provisioner already installed[0m

[0;34m=========================================================================[0m
[0;34mLayer 0: Installing RANPM Components[0m
[0;34m=========================================================================[0m
