[0;34m╔════════════════════════════════════════════════════════════════════╗[0m
[0;34m║                                                                    ║[0m
[0;34m║        Energy Saving rApp Demo - Complete Installation            ║[0m
[0;34m║                                                                    ║[0m
[0;34m╚════════════════════════════════════════════════════════════════════╝[0m

[1;33mLog file: /home/bluefox/Manish/performance/rn-smo_cleanup/install/demo/LOGS/install-demo-Logs//install-demo-20260121-201711.log[0m


[0;34m=========================================================================[0m
[0;34mChecking Prerequisites[0m
[0;34m=========================================================================[0m
[0;32m✓ Found: kubectl[0m
[0;32m✓ Found: helm[0m
[0;32m✓ Found: docker[0m
[0;32m✓ Found: jq[0m
[0;32m✓ Found: envsubst[0m
[0;32m✓ Kubernetes cluster accessible[0m

[0;34m=========================================================================[0m
[0;34mChecking and Installing Istio[0m
[0;34m=========================================================================[0m
[0;32m✓ Istio is already installed[0m

[0;34m=========================================================================[0m
[0;34mInstalling NFS Provisioner[0m
[0;34m=========================================================================[0m
[0;32m✓ NFS provisioner already installed[0m

[0;34m=========================================================================[0m
[0;34mLayer 0: Installing RANPM Components[0m
[0;34m=========================================================================[0m
[0;32m✓ RANPM components installed successfully[0m

[0;34m=========================================================================[0m
[0;34mInstalling rappmanager ...[0m
[0;34m=========================================================================[0m
[0;32m✓ rappmanager installed successfully[0m

[0;34m=========================================================================[0m
[0;34mLayer 1: Installing NonRTRIC Components[0m
[0;34m=========================================================================[0m
[0;32m✓ NonRTRIC components installed successfully[0m

[0;34m=========================================================================[0m
[0;34mLayer 2: Deploying A1 Simulators[0m
[0;34m=========================================================================[0m
[0;32m✓ A1 simulators deployed successfully[0m

[0;34m=========================================================================[0m
[0;34mLayer 3: Deploying Energy Saving rApp and Visualization UI[0m
[0;34m=========================================================================[0m
[0;32m✓ Energy Saving rApp and UI deployed successfully[0m

[0;34m=========================================================================[0m
[0;34mLayer 4: Deploying PM Data Producer[0m
[0;34m=========================================================================[0m
[1;33mBuilding PM data producer image...[0m
[1;33mDeploying PM data producer job...[0m
[0;32m✓ PM data producer deployed successfully[0m

[0;34m=========================================================================[0m
[0;34mVerifying Installation[0m
[0;34m=========================================================================[0m
[1;33mChecking pod status in ridenext-nonrt namespace...[0m
NAME                                        READY   STATUS             RESTARTS        AGE
a1-sim-osc-0-5f95c76584-vzr7w               1/1     Running            0               81s
a1-sim-osc-1-86c4f9964c-qf6vg               1/1     Running            0               81s
a1-sim-std-0-77cc859957-vb86g               1/1     Running            0               90s
a1-sim-std-1-6b9486789d-rgj8w               1/1     Running            0               90s
a1-sim-std2-0-8455bf98bd-qp77k              1/1     Running            0               90s
a1-sim-std2-1-5d8598d5-6qmwq                1/1     Running            0               90s
bundle-server-794d7bdbb8-kkrrt              1/1     Running            0               6m53s
capifcore-5545f98d7d-8k8fk                  1/1     Running            0               3m23s
controlpanel-7c7ffd858c-mj649               1/1     Running            0               5m26s
dfc-0                                       2/2     Running            0               107s
dmaapadapterservice-0                       1/1     Running            0               3m23s
influxdb2-0                                 1/1     Running            0               6m53s
informationservice-6bbc4b6bfb-lk989         1/1     Running            0               4m46s
kafka-1-entity-operator-78744b5644-jt2bw    2/2     Running            0               5m59s
kafka-1-kafka-0                             1/1     Running            0               6m23s
kafka-1-zookeeper-0                         1/1     Running            0               6m47s
kafka-1-zookeeper-1                         1/1     Running            0               6m47s
kafka-1-zookeeper-2                         1/1     Running            0               6m47s
kafka-client                                1/1     Running            0               7m59s
kafka-producer-pm-json2influx-0             1/1     Running            0               4m46s
kafka-producer-pm-json2kafka-0              1/1     Running            0               4m46s
kafka-producer-pm-xml2json-0                1/1     Running            0               4m46s
keycloak-6c99686646-sgsst                   1/1     Running            0               7m59s
keycloak-proxy-5b4dc664dc-h4f8l             1/1     Running            0               7m59s
message-router-7795886747-6rdhk             1/1     Running            0               6m53s
minio-0                                     1/1     Running            0               6m53s
minio-client                                1/1     Running            0               6m53s
nonrtricgateway-6df458644d-z5v9f            1/1     Running            0               5m49s
opa-ics-6767f8789d-8v44g                    1/1     Running            0               4m46s
opa-kafka-774d5c5598-259q5                  1/1     Running            0               6m53s
opa-minio-794df5c66c-rmlz2                  1/1     Running            0               6m53s
persistence-65984cccd6-np4l9                1/1     Running            0               7m59s
pm-data-producer-snq8b                      1/1     Running            0               27s
pm-producer-json2kafka-0                    1/1     Running            0               4m46s
pm-rapp                                     1/1     Running            0               2m
pmlog-0                                     2/2     Running            0               2m6s
policymanagementservice-0                   1/1     Running            0               3m23s
policymanagementservice-f89bcb6d6-vtp86     1/1     Running            0               86s
rappmanager-5d5cb6d695-dhmkp                1/1     Running            0               9m58s
redpanda-console-7c6b67699b-mbljt           1/1     Running            1 (6m21s ago)   6m53s
sdnc-web-ff84b5756-fz7hj                    0/1     ImagePullBackOff   0               6m53s
sdnr-b576b9966-d8c9h                        1/1     Running            0               6m53s
servicemanager-7b447686bf-ww4cp             1/1     Running            0               3m23s
simple-energy-rapp-5dd57fc54b-2nz85         1/1     Running            0               34s
strimzi-cluster-operator-7bb5468c59-znfpv   1/1     Running            0               7m28s
topology-5f4f5b9f7b-62k5c                   1/1     Running            0               3m23s
ves-collector-57d66dc7d4-bv4sd              1/1     Running            0               6m53s
visualization-backend-5df76f46f4-rl7v6      1/1     Running            0               9s
visualization-frontend-5c997575cb-kdmbf     1/1     Running            0               2s
zoo-entrance-744dbf8bf9-kntcj               1/1     Running            0               6m53s

[1;33mChecking services in ridenext-nonrt namespace...[0m
NAME                            TYPE        CLUSTER-IP       EXTERNAL-IP   PORT(S)                                                                      AGE
a1-sim-osc-0                    ClusterIP   10.99.114.234    <none>        8085/TCP,8185/TCP                                                            81s
a1-sim-osc-1                    ClusterIP   10.98.240.8      <none>        8085/TCP,8185/TCP                                                            81s
a1-sim-std-0                    ClusterIP   10.108.51.203    <none>        8085/TCP,8185/TCP                                                            91s
a1-sim-std-1                    ClusterIP   10.98.162.135    <none>        8085/TCP,8185/TCP                                                            91s
a1-sim-std2-0                   ClusterIP   10.97.213.103    <none>        8085/TCP,8185/TCP                                                            91s
a1-sim-std2-1                   ClusterIP   10.111.2.44      <none>        8085/TCP,8185/TCP                                                            91s
bundle-server                   NodePort    10.111.97.108    <none>        80:32201/TCP                                                                 6m53s
capifcore                       ClusterIP   10.106.214.156   <none>        8090/TCP                                                                     3m23s
controlpanel                    NodePort    10.97.26.194     <none>        8080:30091/TCP,8081:30092/TCP                                                5m26s
dfc                             ClusterIP   None             <none>        8100/TCP                                                                     4m46s
dmaapadapterservice             ClusterIP   10.104.152.109   <none>        9087/TCP,9088/TCP                                                            3m23s
influxdb2                       NodePort    10.106.113.203   <none>        8086:31812/TCP                                                               6m53s
informationservice              NodePort    10.105.50.210    <none>        8083:31823/TCP,8434:31824/TCP                                                4m46s
kafka-1-kafka-bootstrap         ClusterIP   10.107.213.97    <none>        9091/TCP,9092/TCP,9093/TCP,9097/TCP                                          6m24s
kafka-1-kafka-brokers           ClusterIP   None             <none>        9090/TCP,9091/TCP,8443/TCP,9092/TCP,9093/TCP,9097/TCP                        6m24s
kafka-1-zookeeper-client        ClusterIP   10.100.51.171    <none>        2181/TCP                                                                     6m48s
kafka-1-zookeeper-nodes         ClusterIP   None             <none>        2181/TCP,2888/TCP,3888/TCP                                                   6m48s
kafka-producer-pm-json2influx   ClusterIP   None             <none>        80/TCP                                                                       4m46s
kafka-producer-pm-json2kafka    ClusterIP   None             <none>        80/TCP                                                                       4m46s
kafka-producer-pm-xml2json      ClusterIP   None             <none>        80/TCP                                                                       4m46s
keycloak                        NodePort    10.101.58.111    <none>        8080:31788/TCP                                                               7m59s
keycloak-proxy                  NodePort    10.100.225.60    <none>        8080:31784/TCP                                                               7m59s
message-router                  ClusterIP   10.108.172.134   <none>        3904/TCP                                                                     6m53s
minio                           ClusterIP   None             <none>        9000/TCP                                                                     6m53s
minio-web                       NodePort    10.101.251.231   <none>        9001:31768/TCP                                                               6m53s
nonrtricgateway                 NodePort    10.111.84.25     <none>        9090:30093/TCP                                                               5m49s
opa-ics                         ClusterIP   10.105.198.45    <none>        8181/TCP                                                                     4m46s
opa-kafka                       ClusterIP   10.105.15.211    <none>        8181/TCP                                                                     6m53s
opa-minio                       ClusterIP   10.97.192.30     <none>        8181/TCP                                                                     6m53s
persistence                     ClusterIP   10.111.157.216   <none>        9200/TCP                                                                     7m59s
pm-producer-json2kafka          ClusterIP   None             <none>        8084/TCP                                                                     4m46s
pm-rapp                         ClusterIP   10.111.163.167   <none>        80/TCP                                                                       2m
pmlog                           ClusterIP   None             <none>        8084/TCP,8436/TCP                                                            2m6s
policymanagementservice         NodePort    10.104.61.194    <none>        8081:31850/TCP,8433:31454/TCP                                                86s
rappmanager                     ClusterIP   10.97.11.227     <none>        8080/TCP                                                                     9m58s
rappmanager-ui                  NodePort    10.97.25.238     <none>        8080:30080/TCP                                                               9m58s
redpanda-console                NodePort    10.104.243.78    <none>        8080:31767/TCP                                                               6m53s
sdnc-web                        NodePort    10.109.16.221    <none>        8443:31443/TCP,3005:31600/TCP                                                6m53s
sdnr                            NodePort    10.109.250.99    <none>        8181:31769/TCP,6666:31112/TCP,1090:30561/TCP,4335:30510/TCP,8101:32078/TCP   6m53s
servicemanager                  NodePort    10.103.199.79    <none>        8095:31575/TCP                                                               3m23s
simple-energy-rapp              ClusterIP   10.98.225.148    <none>        8080/TCP                                                                     34s
topology                        NodePort    10.96.201.161    <none>        3001:32001/TCP                                                               3m23s
ves-collector                   NodePort    10.111.159.241   <none>        8080:31760/TCP,8443:31761/TCP                                                6m53s
visualization-backend           NodePort    10.110.250.237   <none>        8000:31800/TCP                                                               9s
visualization-frontend          NodePort    10.102.200.177   <none>        80:31801/TCP                                                                 2s
zoo-entrance                    ClusterIP   10.101.150.246   <none>        2181/TCP                                                                     6m53s

[1;33mChecking critical components...[0m
[0;32m✓ kafka-1-kafka-0 is running[0m
[0;32m✓ policymanagementservice is running[0m
[0;32m✓ a1-sim-osc-0 is running[0m
[0;32m✓ a1-sim-osc-1 is running[0m
[0;31m✗ a1-sim-std-1-0 is not running[0m
[0;31m✗ a1-sim-std-2-0 is not running[0m
[0;32m✓ simple-energy-rapp is running[0m
[0;32m✓ visualization-backend is running[0m
[0;32m✓ visualization-frontend is running[0m

[1;33m⚠ Some components are not ready yet. They may still be starting up.[0m
[1;33mRun 'kubectl get pods -n ridenext-nonrt' to check status[0m

[0;34m=========================================================================[0m
[0;34mInstallation Complete![0m
[0;34m=========================================================================[0m
[0;32mAll demo components have been installed successfully![0m

[1;33mInstalled Components:[0m
  [0;32m✓[0m Layer 0: RANPM (Kafka, ICS, PM services)
  [0;32m✓[0m Layer 1: NonRTRIC (Policy Management, A1 Controller)
  [0;32m✓[0m Layer 2: A1 Simulators (4 simulators)
  [0;32m✓[0m Layer 3: Energy Saving rApp & Visualization UI
  [0;32m✓[0m Layer 4: PM Data Producer (generates test data)

[1;33mNext Steps to Run the Demo:[0m

[0;34mOption 1: Using Port Forwarding (Recommended for testing)[0m
1. Open 4 terminals and run the following commands:
   [0;32mTerminal 1:[0m kubectl port-forward svc/visualization-backend 8000:8000 -n ridenext-nonrt
   [0;32mTerminal 2:[0m kubectl port-forward svc/visualization-frontend 5173:80 -n ridenext-nonrt
   [0;32mTerminal 3:[0m kubectl port-forward svc/policymanagementservice 31850:8081 -n ridenext-nonrt
   [0;32mTerminal 4:[0m cd /home/bluefox/Manish/performance/rn-smo_cleanup/install/demo/scripts && ./create-energy-policies.sh

2. Access the UI at: [0;32mhttp://localhost:5173[0m

[0;34mOption 2: Using NodePort (For persistent access)[0m
1. Get the NodePort for the frontend:
   [0;32mkubectl get svc visualization-frontend -n ridenext-nonrt[0m
2. Access the UI at: [0;32mhttp://<node-ip>:<nodeport>[0m
3. Run the policy creation script:
   [0;32mcd /home/bluefox/Manish/performance/rn-smo_cleanup/install/demo/scripts && ./create-energy-policies.sh[0m

[1;33mUseful Commands:[0m
  • Check pod status:    [0;32mkubectl get pods -n ridenext-nonrt[0m
  • View pod logs:       [0;32mkubectl logs <pod-name> -n ridenext-nonrt[0m
  • Check services:      [0;32mkubectl get svc -n ridenext-nonrt[0m
  • Access demo helper:  [0;32mcd /home/bluefox/Manish/performance/rn-smo_cleanup/install/demo/scripts && ./access-demo.sh[0m
  • Check policies:      [0;32mcd /home/bluefox/Manish/performance/rn-smo_cleanup/install/demo/scripts && ./show-policies-report.sh[0m

[1;33mTroubleshooting:[0m
  • If pods are not ready, wait a few minutes and check again
  • View installation log: [0;32m/home/bluefox/Manish/performance/rn-smo_cleanup/install/demo/LOGS/install-demo-Logs//install-demo-20260121-201711.log[0m
  • For detailed status:   [0;32mkubectl describe pod <pod-name> -n ridenext-nonrt[0m

[0;34mTo uninstall the demo:[0m
  [0;32mcd /home/bluefox/Manish/performance/rn-smo_cleanup/install/demo && ./uninstall-demo.sh[0m

[0;32mInstallation completed successfully![0m
[1;33mLog saved to: /home/bluefox/Manish/performance/rn-smo_cleanup/install/demo/LOGS/install-demo-Logs//install-demo-20260121-201711.log[0m
