[0;34m╔════════════════════════════════════════════════════════════════════╗[0m
[0;34m║                                                                    ║[0m
[0;34m║        Energy Saving rApp Demo - Complete Installation            ║[0m
[0;34m║                                                                    ║[0m
[0;34m╚════════════════════════════════════════════════════════════════════╝[0m

[1;33mLog file: /home/bluefox/Manish/performance/rn-smo_cleanup/install/demo/LOGS/install-demo-Logs//install-demo-20260107-171311.log[0m


[0;34m=========================================================================[0m
[0;34mChecking Prerequisites[0m
[0;34m=========================================================================[0m
[0;32m✓ Found: kubectl[0m
[0;32m✓ Found: helm[0m
[0;32m✓ Found: docker[0m
[0;32m✓ Found: jq[0m
[0;32m✓ Found: envsubst[0m
[0;32m✓ Kubernetes cluster accessible[0m

[0;34m=========================================================================[0m
[0;34mChecking and Installing Istio[0m
[0;34m=========================================================================[0m
[0;32m✓ Istio is already installed[0m

[0;34m=========================================================================[0m
[0;34mInstalling NFS Provisioner[0m
[0;34m=========================================================================[0m
[0;32m✓ NFS provisioner already installed[0m

[0;34m=========================================================================[0m
[0;34mLayer 0: Installing RANPM Components[0m
[0;34m=========================================================================[0m
[0;32m✓ RANPM components installed successfully[0m

[0;34m=========================================================================[0m
[0;34mInstalling rappmanager ...[0m
[0;34m=========================================================================[0m
[0;32m✓ rappmanager installed successfully[0m

[0;34m=========================================================================[0m
[0;34mLayer 1: Installing NonRTRIC Components[0m
[0;34m=========================================================================[0m
[0;32m✓ NonRTRIC components installed successfully[0m

[0;34m=========================================================================[0m
[0;34mLayer 2: Deploying A1 Simulators[0m
[0;34m=========================================================================[0m
[0;32m✓ A1 simulators deployed successfully[0m

[0;34m=========================================================================[0m
[0;34mLayer 3: Deploying Energy Saving rApp and Visualization UI[0m
[0;34m=========================================================================[0m
[0;32m✓ Energy Saving rApp and UI deployed successfully[0m

[0;34m=========================================================================[0m
[0;34mLayer 4: Deploying PM Data Producer[0m
[0;34m=========================================================================[0m
[1;33mBuilding PM data producer image...[0m
[1;33mDeploying PM data producer job...[0m
[0;32m✓ PM data producer deployed successfully[0m

[0;34m=========================================================================[0m
[0;34mVerifying Installation[0m
[0;34m=========================================================================[0m
[1;33mChecking pod status in ridenext-nonrt namespace...[0m
NAME                                        READY   STATUS             RESTARTS        AGE
a1-sim-osc-0-5f95c76584-nml96               1/1     Running            0               37s
a1-sim-osc-1-86c4f9964c-9b89k               1/1     Running            0               37s
a1-sim-std-0-77cc859957-fvgzr               1/1     Running            0               47s
a1-sim-std-1-6b9486789d-jtx7t               1/1     Running            0               47s
a1-sim-std2-0-8455bf98bd-qbg6v              1/1     Running            0               47s
a1-sim-std2-1-5d8598d5-r66cg                1/1     Running            0               47s
bundle-server-794d7bdbb8-w6m9x              1/1     Running            0               7m9s
capifcore-5545f98d7d-bpzzh                  1/1     Running            0               47s
controlpanel-7c7ffd858c-ghgfh               1/1     Running            0               5m29s
dfc-0                                       2/2     Running            0               4m58s
dmaapadapterservice-0                       1/1     Running            0               47s
influxdb2-0                                 1/1     Running            0               7m9s
informationservice-6bbc4b6bfb-gplz5         1/1     Running            0               4m58s
kafka-1-entity-operator-78744b5644-lq264    2/2     Running            0               6m14s
kafka-1-kafka-0                             1/1     Running            0               6m38s
kafka-1-zookeeper-0                         1/1     Running            0               7m1s
kafka-1-zookeeper-1                         1/1     Running            0               7m1s
kafka-1-zookeeper-2                         1/1     Running            0               7m1s
kafka-client                                1/1     Running            0               8m18s
kafka-producer-pm-json2influx-0             1/1     Running            0               4m58s
kafka-producer-pm-json2kafka-0              1/1     Running            0               4m58s
kafka-producer-pm-xml2json-0                1/1     Running            0               4m58s
keycloak-6c99686646-dds9l                   1/1     Running            0               8m18s
keycloak-proxy-5b4dc664dc-lhlvg             1/1     Running            0               8m18s
message-router-7795886747-ksgbw             1/1     Running            1 (6m38s ago)   7m9s
minio-0                                     1/1     Running            0               7m9s
minio-client                                1/1     Running            0               7m9s
nonrtricgateway-6df458644d-lx774            1/1     Running            0               6m2s
opa-ics-6767f8789d-4wjfc                    1/1     Running            0               4m58s
opa-kafka-774d5c5598-hr7w5                  1/1     Running            0               7m9s
opa-minio-794df5c66c-h4sdr                  1/1     Running            0               7m9s
persistence-65984cccd6-mddv7                1/1     Running            0               8m18s
pm-data-producer-bw2d7                      1/1     Running            0               7s
pm-producer-json2kafka-0                    1/1     Running            0               4m58s
pm-rapp                                     1/1     Running            0               4m41s
pmlog-0                                     2/2     Running            0               4m48s
policymanagementservice-0                   1/1     Running            0               47s
policymanagementservice-f89bcb6d6-7td2c     1/1     Running            0               43s
rappmanager-5d5cb6d695-w5h67                1/1     Running            0               4m31s
redpanda-console-7c6b67699b-rzjgd           1/1     Running            1 (6m37s ago)   7m9s
sdnc-web-ff84b5756-cdfz7                    0/1     CrashLoopBackOff   6 (54s ago)     7m9s
sdnr-b576b9966-vq49w                        1/1     Running            0               7m9s
servicemanager-7b447686bf-p762k             0/1     Running            0               47s
simple-energy-rapp-5dd57fc54b-tjhs4         1/1     Running            0               8s
strimzi-cluster-operator-7bb5468c59-sjrhh   1/1     Running            0               7m45s
topology-5f4f5b9f7b-hqqp8                   1/1     Running            0               47s
ves-collector-57d66dc7d4-xc6gl              1/1     Running            0               7m9s
visualization-backend-5df76f46f4-wmxzr      1/1     Running            0               6s
visualization-frontend-5c997575cb-h6tc4     1/1     Running            0               3s
zoo-entrance-744dbf8bf9-4ttqw               1/1     Running            0               7m9s

[1;33mChecking services in ridenext-nonrt namespace...[0m
NAME                            TYPE        CLUSTER-IP       EXTERNAL-IP   PORT(S)                                                                      AGE
a1-sim-osc-0                    ClusterIP   10.109.192.205   <none>        8085/TCP,8185/TCP                                                            37s
a1-sim-osc-1                    ClusterIP   10.102.224.118   <none>        8085/TCP,8185/TCP                                                            37s
a1-sim-std-0                    ClusterIP   10.106.164.15    <none>        8085/TCP,8185/TCP                                                            48s
a1-sim-std-1                    ClusterIP   10.99.15.224     <none>        8085/TCP,8185/TCP                                                            48s
a1-sim-std2-0                   ClusterIP   10.109.32.90     <none>        8085/TCP,8185/TCP                                                            48s
a1-sim-std2-1                   ClusterIP   10.96.184.46     <none>        8085/TCP,8185/TCP                                                            48s
bundle-server                   NodePort    10.111.246.208   <none>        80:32201/TCP                                                                 7m9s
capifcore                       ClusterIP   10.110.29.56     <none>        8090/TCP                                                                     48s
controlpanel                    NodePort    10.106.24.117    <none>        8080:30091/TCP,8081:30092/TCP                                                5m29s
dfc                             ClusterIP   None             <none>        8100/TCP                                                                     4m58s
dmaapadapterservice             ClusterIP   10.108.47.80     <none>        9087/TCP,9088/TCP                                                            48s
influxdb2                       NodePort    10.107.96.51     <none>        8086:31812/TCP                                                               7m9s
informationservice              NodePort    10.101.3.254     <none>        8083:31823/TCP,8434:31824/TCP                                                4m58s
kafka-1-kafka-bootstrap         ClusterIP   10.97.134.235    <none>        9091/TCP,9092/TCP,9093/TCP,9097/TCP                                          6m39s
kafka-1-kafka-brokers           ClusterIP   None             <none>        9090/TCP,9091/TCP,8443/TCP,9092/TCP,9093/TCP,9097/TCP                        6m39s
kafka-1-zookeeper-client        ClusterIP   10.97.131.219    <none>        2181/TCP                                                                     7m3s
kafka-1-zookeeper-nodes         ClusterIP   None             <none>        2181/TCP,2888/TCP,3888/TCP                                                   7m3s
kafka-producer-pm-json2influx   ClusterIP   None             <none>        80/TCP                                                                       4m58s
kafka-producer-pm-json2kafka    ClusterIP   None             <none>        80/TCP                                                                       4m58s
kafka-producer-pm-xml2json      ClusterIP   None             <none>        80/TCP                                                                       4m58s
keycloak                        NodePort    10.99.74.99      <none>        8080:31788/TCP                                                               8m18s
keycloak-proxy                  NodePort    10.106.39.157    <none>        8080:31784/TCP                                                               8m18s
message-router                  ClusterIP   10.104.143.60    <none>        3904/TCP                                                                     7m9s
minio                           ClusterIP   None             <none>        9000/TCP                                                                     7m9s
minio-web                       NodePort    10.107.55.157    <none>        9001:31768/TCP                                                               7m9s
nonrtricgateway                 NodePort    10.105.8.181     <none>        9090:30093/TCP                                                               6m2s
opa-ics                         ClusterIP   10.99.232.150    <none>        8181/TCP                                                                     4m58s
opa-kafka                       ClusterIP   10.102.103.197   <none>        8181/TCP                                                                     7m9s
opa-minio                       ClusterIP   10.104.95.44     <none>        8181/TCP                                                                     7m9s
persistence                     ClusterIP   10.111.16.81     <none>        9200/TCP                                                                     8m18s
pm-producer-json2kafka          ClusterIP   None             <none>        8084/TCP                                                                     4m58s
pm-rapp                         ClusterIP   10.111.60.232    <none>        80/TCP                                                                       4m41s
pmlog                           ClusterIP   None             <none>        8084/TCP,8436/TCP                                                            4m48s
policymanagementservice         NodePort    10.109.229.138   <none>        8081:31850/TCP,8433:32604/TCP                                                43s
rappmanager                     ClusterIP   10.110.135.228   <none>        8080/TCP                                                                     4m31s
rappmanager-ui                  NodePort    10.104.115.140   <none>        8080:30080/TCP                                                               4m31s
redpanda-console                NodePort    10.98.71.161     <none>        8080:31767/TCP                                                               7m9s
sdnc-web                        NodePort    10.109.14.141    <none>        8443:31443/TCP,3005:31932/TCP                                                7m9s
sdnr                            NodePort    10.100.86.81     <none>        8181:31769/TCP,6666:30423/TCP,1090:30317/TCP,4335:32115/TCP,8101:30286/TCP   7m9s
servicemanager                  NodePort    10.109.106.183   <none>        8095:31575/TCP                                                               48s
simple-energy-rapp              ClusterIP   10.105.108.69    <none>        8080/TCP                                                                     8s
topology                        NodePort    10.98.99.133     <none>        3001:32001/TCP                                                               48s
ves-collector                   NodePort    10.106.15.160    <none>        8080:31760/TCP,8443:31761/TCP                                                7m9s
visualization-backend           NodePort    10.106.41.6      <none>        8000:31800/TCP                                                               6s
visualization-frontend          NodePort    10.101.142.59    <none>        80:31801/TCP                                                                 3s
zoo-entrance                    ClusterIP   10.102.127.167   <none>        2181/TCP                                                                     7m9s

[1;33mChecking critical components...[0m
[0;32m✓ kafka-1-kafka-0 is running[0m
[0;32m✓ policymanagementservice is running[0m
[0;32m✓ a1-sim-osc-0 is running[0m
[0;32m✓ a1-sim-osc-1 is running[0m
[0;31m✗ a1-sim-std-1-0 is not running[0m
[0;31m✗ a1-sim-std-2-0 is not running[0m
[0;32m✓ simple-energy-rapp is running[0m
[0;32m✓ visualization-backend is running[0m
[0;32m✓ visualization-frontend is running[0m

[1;33m⚠ Some components are not ready yet. They may still be starting up.[0m
[1;33mRun 'kubectl get pods -n ridenext-nonrt' to check status[0m

[0;34m=========================================================================[0m
[0;34mInstallation Complete![0m
[0;34m=========================================================================[0m
[0;32mAll demo components have been installed successfully![0m

[1;33mInstalled Components:[0m
  [0;32m✓[0m Layer 0: RANPM (Kafka, ICS, PM services)
  [0;32m✓[0m Layer 1: NonRTRIC (Policy Management, A1 Controller)
  [0;32m✓[0m Layer 2: A1 Simulators (4 simulators)
  [0;32m✓[0m Layer 3: Energy Saving rApp & Visualization UI
  [0;32m✓[0m Layer 4: PM Data Producer (generates test data)

[1;33mNext Steps to Run the Demo:[0m

[0;34mOption 1: Using Port Forwarding (Recommended for testing)[0m
1. Open 4 terminals and run the following commands:
   [0;32mTerminal 1:[0m kubectl port-forward svc/visualization-backend 8000:8000 -n ridenext-nonrt
   [0;32mTerminal 2:[0m kubectl port-forward svc/visualization-frontend 5173:80 -n ridenext-nonrt
   [0;32mTerminal 3:[0m kubectl port-forward svc/policymanagementservice 31850:8081 -n ridenext-nonrt
   [0;32mTerminal 4:[0m cd /home/bluefox/Manish/performance/rn-smo_cleanup/install/demo/scripts && ./create-energy-policies.sh

2. Access the UI at: [0;32mhttp://localhost:5173[0m

[0;34mOption 2: Using NodePort (For persistent access)[0m
1. Get the NodePort for the frontend:
   [0;32mkubectl get svc visualization-frontend -n ridenext-nonrt[0m
2. Access the UI at: [0;32mhttp://<node-ip>:<nodeport>[0m
3. Run the policy creation script:
   [0;32mcd /home/bluefox/Manish/performance/rn-smo_cleanup/install/demo/scripts && ./create-energy-policies.sh[0m

[1;33mUseful Commands:[0m
  • Check pod status:    [0;32mkubectl get pods -n ridenext-nonrt[0m
  • View pod logs:       [0;32mkubectl logs <pod-name> -n ridenext-nonrt[0m
  • Check services:      [0;32mkubectl get svc -n ridenext-nonrt[0m
  • Access demo helper:  [0;32mcd /home/bluefox/Manish/performance/rn-smo_cleanup/install/demo/scripts && ./access-demo.sh[0m
  • Check policies:      [0;32mcd /home/bluefox/Manish/performance/rn-smo_cleanup/install/demo/scripts && ./show-policies-report.sh[0m

[1;33mTroubleshooting:[0m
  • If pods are not ready, wait a few minutes and check again
  • View installation log: [0;32m/home/bluefox/Manish/performance/rn-smo_cleanup/install/demo/LOGS/install-demo-Logs//install-demo-20260107-171311.log[0m
  • For detailed status:   [0;32mkubectl describe pod <pod-name> -n ridenext-nonrt[0m

[0;34mTo uninstall the demo:[0m
  [0;32mcd /home/bluefox/Manish/performance/rn-smo_cleanup/install/demo && ./uninstall-demo.sh[0m

[0;32mInstallation completed successfully![0m
[1;33mLog saved to: /home/bluefox/Manish/performance/rn-smo_cleanup/install/demo/LOGS/install-demo-Logs//install-demo-20260107-171311.log[0m
